{"/Users/nick/Documents/Med Sig Builder/Med-Sig-Builder/src/api/medications.ts": {"path":"/Users/nick/Documents/Med Sig Builder/Med-Sig-Builder/src/api/medications.ts","statementMap":{"0":{"start":{"line":1,"column":0},"end":{"line":1,"column":38}},"1":{"start":{"line":5,"column":62},"end":{"line":5,"column":90}},"2":{"start":{"line":6,"column":23},"end":{"line":6,"column":36}},"3":{"start":{"line":10,"column":2},"end":{"line":42,"column":4}},"4":{"start":{"line":46,"column":2},"end":{"line":82,"column":4}},"5":{"start":{"line":85,"column":13},"end":{"line":182,"column":2}},"6":{"start":{"line":88,"column":4},"end":{"line":90,"column":5}},"7":{"start":{"line":89,"column":6},"end":{"line":89,"column":24}},"8":{"start":{"line":92,"column":28},"end":{"line":95,"column":20}},"9":{"start":{"line":97,"column":4},"end":{"line":97,"column":27}},"10":{"start":{"line":97,"column":15},"end":{"line":97,"column":27}},"11":{"start":{"line":99,"column":24},"end":{"line":99,"column":46}},"12":{"start":{"line":102,"column":4},"end":{"line":102,"column":57}},"13":{"start":{"line":104,"column":4},"end":{"line":104,"column":23}},"14":{"start":{"line":108,"column":19},"end":{"line":108,"column":41}},"15":{"start":{"line":110,"column":28},"end":{"line":114,"column":15}},"16":{"start":{"line":116,"column":4},"end":{"line":116,"column":27}},"17":{"start":{"line":116,"column":15},"end":{"line":116,"column":27}},"18":{"start":{"line":119,"column":4},"end":{"line":119,"column":22}},"19":{"start":{"line":121,"column":4},"end":{"line":121,"column":30}},"20":{"start":{"line":125,"column":19},"end":{"line":125,"column":38}},"21":{"start":{"line":127,"column":28},"end":{"line":132,"column":15}},"22":{"start":{"line":134,"column":4},"end":{"line":134,"column":27}},"23":{"start":{"line":134,"column":15},"end":{"line":134,"column":27}},"24":{"start":{"line":137,"column":4},"end":{"line":137,"column":22}},"25":{"start":{"line":139,"column":4},"end":{"line":139,"column":30}},"26":{"start":{"line":143,"column":22},"end":{"line":146,"column":19}},"27":{"start":{"line":148,"column":4},"end":{"line":148,"column":27}},"28":{"start":{"line":148,"column":15},"end":{"line":148,"column":27}},"29":{"start":{"line":151,"column":4},"end":{"line":151,"column":22}},"30":{"start":{"line":155,"column":4},"end":{"line":157,"column":5}},"31":{"start":{"line":156,"column":6},"end":{"line":156,"column":68}},"32":{"start":{"line":160,"column":4},"end":{"line":177,"column":5}},"33":{"start":{"line":161,"column":21},"end":{"line":164,"column":8}},"34":{"start":{"line":166,"column":6},"end":{"line":176,"column":7}},"35":{"start":{"line":167,"column":26},"end":{"line":169,"column":25}},"36":{"start":{"line":171,"column":8},"end":{"line":173,"column":9}},"37":{"start":{"line":172,"column":10},"end":{"line":172,"column":63}},"38":{"start":{"line":175,"column":8},"end":{"line":175,"column":60}},"39":{"start":{"line":180,"column":4},"end":{"line":180,"column":22}}},"fnMap":{"0":{"name":"toDatabase","decl":{"start":{"line":9,"column":9},"end":{"line":9,"column":19}},"loc":{"start":{"line":9,"column":35},"end":{"line":43,"column":1}}},"1":{"name":"fromDatabase","decl":{"start":{"line":45,"column":9},"end":{"line":45,"column":21}},"loc":{"start":{"line":45,"column":30},"end":{"line":83,"column":1}}},"2":{"name":"(anonymous_2)","decl":{"start":{"line":86,"column":2},"end":{"line":86,"column":7}},"loc":{"start":{"line":86,"column":14},"end":{"line":105,"column":3}}},"3":{"name":"(anonymous_3)","decl":{"start":{"line":107,"column":2},"end":{"line":107,"column":7}},"loc":{"start":{"line":107,"column":49},"end":{"line":122,"column":3}}},"4":{"name":"(anonymous_4)","decl":{"start":{"line":124,"column":2},"end":{"line":124,"column":7}},"loc":{"start":{"line":124,"column":55},"end":{"line":140,"column":3}}},"5":{"name":"(anonymous_5)","decl":{"start":{"line":142,"column":2},"end":{"line":142,"column":7}},"loc":{"start":{"line":142,"column":25},"end":{"line":152,"column":3}}},"6":{"name":"(anonymous_6)","decl":{"start":{"line":154,"column":2},"end":{"line":154,"column":7}},"loc":{"start":{"line":154,"column":52},"end":{"line":181,"column":3}}}},"branchMap":{"0":{"loc":{"start":{"line":56,"column":21},"end":{"line":56,"column":47}},"type":"binary-expr","locations":[{"start":{"line":56,"column":21},"end":{"line":56,"column":41}},{"start":{"line":56,"column":45},"end":{"line":56,"column":47}}]},"1":{"loc":{"start":{"line":59,"column":23},"end":{"line":63,"column":30}},"type":"cond-expr","locations":[{"start":{"line":59,"column":44},"end":{"line":63,"column":6}},{"start":{"line":63,"column":8},"end":{"line":63,"column":30}}]},"2":{"loc":{"start":{"line":61,"column":15},"end":{"line":61,"column":102}},"type":"cond-expr","locations":[{"start":{"line":61,"column":36},"end":{"line":61,"column":90}},{"start":{"line":61,"column":93},"end":{"line":61,"column":102}}]},"3":{"loc":{"start":{"line":88,"column":4},"end":{"line":90,"column":5}},"type":"if","locations":[{"start":{"line":88,"column":4},"end":{"line":90,"column":5}},{"start":{},"end":{}}]},"4":{"loc":{"start":{"line":88,"column":8},"end":{"line":88,"column":67}},"type":"binary-expr","locations":[{"start":{"line":88,"column":8},"end":{"line":88,"column":18}},{"start":{"line":88,"column":22},"end":{"line":88,"column":67}}]},"5":{"loc":{"start":{"line":97,"column":4},"end":{"line":97,"column":27}},"type":"if","locations":[{"start":{"line":97,"column":4},"end":{"line":97,"column":27}},{"start":{},"end":{}}]},"6":{"loc":{"start":{"line":116,"column":4},"end":{"line":116,"column":27}},"type":"if","locations":[{"start":{"line":116,"column":4},"end":{"line":116,"column":27}},{"start":{},"end":{}}]},"7":{"loc":{"start":{"line":134,"column":4},"end":{"line":134,"column":27}},"type":"if","locations":[{"start":{"line":134,"column":4},"end":{"line":134,"column":27}},{"start":{},"end":{}}]},"8":{"loc":{"start":{"line":148,"column":4},"end":{"line":148,"column":27}},"type":"if","locations":[{"start":{"line":148,"column":4},"end":{"line":148,"column":27}},{"start":{},"end":{}}]},"9":{"loc":{"start":{"line":155,"column":4},"end":{"line":157,"column":5}},"type":"if","locations":[{"start":{"line":155,"column":4},"end":{"line":157,"column":5}},{"start":{},"end":{}}]},"10":{"loc":{"start":{"line":155,"column":8},"end":{"line":155,"column":48}},"type":"binary-expr","locations":[{"start":{"line":155,"column":8},"end":{"line":155,"column":20}},{"start":{"line":155,"column":24},"end":{"line":155,"column":48}}]},"11":{"loc":{"start":{"line":171,"column":8},"end":{"line":173,"column":9}},"type":"if","locations":[{"start":{"line":171,"column":8},"end":{"line":173,"column":9}},{"start":{},"end":{}}]}},"s":{"0":0,"1":0,"2":0,"3":0,"4":0,"5":0,"6":0,"7":0,"8":0,"9":0,"10":0,"11":0,"12":0,"13":0,"14":0,"15":0,"16":0,"17":0,"18":0,"19":0,"20":0,"21":0,"22":0,"23":0,"24":0,"25":0,"26":0,"27":0,"28":0,"29":0,"30":0,"31":0,"32":0,"33":0,"34":0,"35":0,"36":0,"37":0,"38":0,"39":0},"f":{"0":0,"1":0,"2":0,"3":0,"4":0,"5":0,"6":0},"b":{"0":[0,0],"1":[0,0],"2":[0,0],"3":[0,0],"4":[0,0],"5":[0,0],"6":[0,0],"7":[0,0],"8":[0,0],"9":[0,0],"10":[0,0],"11":[0,0]}}
,"/Users/nick/Documents/Med Sig Builder/Med-Sig-Builder/src/api/supabase.ts": {"path":"/Users/nick/Documents/Med Sig Builder/Med-Sig-Builder/src/api/supabase.ts","statementMap":{"0":{"start":{"line":1,"column":0},"end":{"line":1,"column":53}},"1":{"start":{"line":3,"column":20},"end":{"line":3,"column":53}},"2":{"start":{"line":4,"column":24},"end":{"line":4,"column":62}},"3":{"start":{"line":6,"column":0},"end":{"line":8,"column":1}},"4":{"start":{"line":7,"column":2},"end":{"line":7,"column":60}},"5":{"start":{"line":10,"column":13},"end":{"line":10,"column":67}}},"fnMap":{},"branchMap":{"0":{"loc":{"start":{"line":6,"column":0},"end":{"line":8,"column":1}},"type":"if","locations":[{"start":{"line":6,"column":0},"end":{"line":8,"column":1}},{"start":{},"end":{}}]},"1":{"loc":{"start":{"line":6,"column":4},"end":{"line":6,"column":36}},"type":"binary-expr","locations":[{"start":{"line":6,"column":4},"end":{"line":6,"column":16}},{"start":{"line":6,"column":20},"end":{"line":6,"column":36}}]}},"s":{"0":0,"1":0,"2":0,"3":0,"4":0,"5":0},"f":{},"b":{"0":[0,0],"1":[0,0]}}
,"/Users/nick/Documents/Med Sig Builder/Med-Sig-Builder/src/components/App.tsx": {"path":"/Users/nick/Documents/Med Sig Builder/Med-Sig-Builder/src/components/App.tsx","statementMap":{"0":{"start":{"line":1,"column":0},"end":{"line":1,"column":26}},"1":{"start":{"line":2,"column":0},"end":{"line":2,"column":37}},"2":{"start":{"line":3,"column":0},"end":{"line":3,"column":35}},"3":{"start":{"line":4,"column":0},"end":{"line":4,"column":202}},"4":{"start":{"line":5,"column":0},"end":{"line":5,"column":52}},"5":{"start":{"line":6,"column":0},"end":{"line":6,"column":40}},"6":{"start":{"line":8,"column":21},"end":{"line":16,"column":2}},"7":{"start":{"line":18,"column":22},"end":{"line":24,"column":2}},"8":{"start":{"line":27,"column":2},"end":{"line":165,"column":4}},"9":{"start":{"line":56,"column":14},"end":{"line":65,"column":null}},"10":{"start":{"line":76,"column":14},"end":{"line":85,"column":null}},"11":{"start":{"line":168,"column":0},"end":{"line":168,"column":19}}},"fnMap":{"0":{"name":"App","decl":{"start":{"line":26,"column":9},"end":{"line":26,"column":12}},"loc":{"start":{"line":26,"column":12},"end":{"line":166,"column":1}}},"1":{"name":"(anonymous_2)","decl":{"start":{"line":55,"column":30},"end":{"line":55,"column":31}},"loc":{"start":{"line":56,"column":14},"end":{"line":65,"column":null}}},"2":{"name":"(anonymous_3)","decl":{"start":{"line":75,"column":31},"end":{"line":75,"column":32}},"loc":{"start":{"line":76,"column":14},"end":{"line":85,"column":null}}}},"branchMap":{"0":{"loc":{"start":{"line":59,"column":18},"end":{"line":61,"column":null}},"type":"cond-expr","locations":[{"start":{"line":60,"column":22},"end":{"line":60,"column":53}},{"start":{"line":61,"column":22},"end":{"line":61,"column":null}}]},"1":{"loc":{"start":{"line":79,"column":18},"end":{"line":81,"column":null}},"type":"cond-expr","locations":[{"start":{"line":80,"column":22},"end":{"line":80,"column":53}},{"start":{"line":81,"column":22},"end":{"line":81,"column":null}}]}},"s":{"0":0,"1":0,"2":0,"3":0,"4":0,"5":0,"6":0,"7":0,"8":0,"9":0,"10":0,"11":0},"f":{"0":0,"1":0,"2":0},"b":{"0":[0,0],"1":[0,0]}}
,"/Users/nick/Documents/Med Sig Builder/Med-Sig-Builder/src/components/ConnectionStatus.tsx": {"path":"/Users/nick/Documents/Med Sig Builder/Med-Sig-Builder/src/components/ConnectionStatus.tsx","statementMap":{"0":{"start":{"line":1,"column":0},"end":{"line":1,"column":51}},"1":{"start":{"line":2,"column":0},"end":{"line":2,"column":42}},"2":{"start":{"line":4,"column":35},"end":{"line":54,"column":1}},"3":{"start":{"line":5,"column":40},"end":{"line":5,"column":54}},"4":{"start":{"line":6,"column":38},"end":{"line":6,"column":53}},"5":{"start":{"line":8,"column":2},"end":{"line":26,"column":9}},"6":{"start":{"line":10,"column":28},"end":{"line":17,"column":5}},"7":{"start":{"line":12,"column":26},"end":{"line":12,"column":59}},"8":{"start":{"line":13,"column":26},"end":{"line":13,"column":64}},"9":{"start":{"line":14,"column":24},"end":{"line":14,"column":54}},"10":{"start":{"line":15,"column":6},"end":{"line":15,"column":32}},"11":{"start":{"line":16,"column":6},"end":{"line":16,"column":32}},"12":{"start":{"line":20,"column":4},"end":{"line":20,"column":22}},"13":{"start":{"line":23,"column":21},"end":{"line":23,"column":55}},"14":{"start":{"line":25,"column":4},"end":{"line":25,"column":41}},"15":{"start":{"line":25,"column":17},"end":{"line":25,"column":40}},"16":{"start":{"line":28,"column":2},"end":{"line":30,"column":3}},"17":{"start":{"line":29,"column":4},"end":{"line":29,"column":16}},"18":{"start":{"line":32,"column":2},"end":{"line":53,"column":4}},"19":{"start":{"line":46,"column":27},"end":{"line":46,"column":47}},"20":{"start":{"line":56,"column":0},"end":{"line":56,"column":32}}},"fnMap":{"0":{"name":"(anonymous_9)","decl":{"start":{"line":4,"column":35},"end":{"line":4,"column":38}},"loc":{"start":{"line":4,"column":40},"end":{"line":54,"column":1}}},"1":{"name":"(anonymous_10)","decl":{"start":{"line":8,"column":12},"end":{"line":8,"column":15}},"loc":{"start":{"line":8,"column":17},"end":{"line":26,"column":3}}},"2":{"name":"(anonymous_11)","decl":{"start":{"line":10,"column":28},"end":{"line":10,"column":31}},"loc":{"start":{"line":10,"column":33},"end":{"line":17,"column":5}}},"3":{"name":"(anonymous_12)","decl":{"start":{"line":25,"column":11},"end":{"line":25,"column":14}},"loc":{"start":{"line":25,"column":17},"end":{"line":25,"column":40}}},"4":{"name":"(anonymous_13)","decl":{"start":{"line":46,"column":21},"end":{"line":46,"column":24}},"loc":{"start":{"line":46,"column":27},"end":{"line":46,"column":47}}}},"branchMap":{"0":{"loc":{"start":{"line":14,"column":27},"end":{"line":14,"column":53}},"type":"binary-expr","locations":[{"start":{"line":14,"column":27},"end":{"line":14,"column":38}},{"start":{"line":14,"column":42},"end":{"line":14,"column":53}}]},"1":{"loc":{"start":{"line":28,"column":2},"end":{"line":30,"column":3}},"type":"if","locations":[{"start":{"line":28,"column":2},"end":{"line":30,"column":3}},{"start":{},"end":{}}]}},"s":{"0":0,"1":0,"2":0,"3":0,"4":0,"5":0,"6":0,"7":0,"8":0,"9":0,"10":0,"11":0,"12":0,"13":0,"14":0,"15":0,"16":0,"17":0,"18":0,"19":0,"20":0},"f":{"0":0,"1":0,"2":0,"3":0,"4":0},"b":{"0":[0,0],"1":[0,0]}}
,"/Users/nick/Documents/Med Sig Builder/Med-Sig-Builder/src/components/ErrorBoundary.tsx": {"path":"/Users/nick/Documents/Med Sig Builder/Med-Sig-Builder/src/components/ErrorBoundary.tsx","statementMap":{"0":{"start":{"line":1,"column":0},"end":{"line":1,"column":63}},"1":{"start":{"line":15,"column":9},"end":{"line":20,"column":null}},"2":{"start":{"line":67,"column":10},"end":{"line":73,"column":null}},"3":{"start":{"line":68,"column":4},"end":{"line":68,"column":87}},"4":{"start":{"line":70,"column":4},"end":{"line":72,"column":5}},"5":{"start":{"line":71,"column":6},"end":{"line":71,"column":31}},"6":{"start":{"line":75,"column":10},"end":{"line":107,"column":null}},"7":{"start":{"line":76,"column":4},"end":{"line":106,"column":5}},"8":{"start":{"line":77,"column":27},"end":{"line":86,"column":8}},"9":{"start":{"line":88,"column":24},"end":{"line":88,"column":61}},"10":{"start":{"line":91,"column":6},"end":{"line":102,"column":9}},"11":{"start":{"line":92,"column":8},"end":{"line":92,"column":92}},"12":{"start":{"line":95,"column":25},"end":{"line":95,"column":59}},"13":{"start":{"line":96,"column":8},"end":{"line":96,"column":35}},"14":{"start":{"line":97,"column":8},"end":{"line":97,"column":44}},"15":{"start":{"line":98,"column":8},"end":{"line":98,"column":26}},"16":{"start":{"line":99,"column":8},"end":{"line":99,"column":37}},"17":{"start":{"line":100,"column":8},"end":{"line":100,"column":44}},"18":{"start":{"line":101,"column":8},"end":{"line":101,"column":52}},"19":{"start":{"line":104,"column":6},"end":{"line":104,"column":48}},"20":{"start":{"line":105,"column":6},"end":{"line":105,"column":64}},"21":{"start":{"line":109,"column":10},"end":{"line":156,"column":null}},"22":{"start":{"line":110,"column":4},"end":{"line":155,"column":5}},"23":{"start":{"line":112,"column":25},"end":{"line":112,"column":78}},"24":{"start":{"line":113,"column":31},"end":{"line":113,"column":74}},"25":{"start":{"line":116,"column":6},"end":{"line":116,"column":92}},"26":{"start":{"line":118,"column":6},"end":{"line":128,"column":7}},"27":{"start":{"line":119,"column":8},"end":{"line":119,"column":81}},"28":{"start":{"line":120,"column":8},"end":{"line":127,"column":11}},"29":{"start":{"line":121,"column":10},"end":{"line":121,"column":65}},"30":{"start":{"line":122,"column":10},"end":{"line":122,"column":47}},"31":{"start":{"line":123,"column":10},"end":{"line":123,"column":39}},"32":{"start":{"line":124,"column":10},"end":{"line":124,"column":43}},"33":{"start":{"line":125,"column":10},"end":{"line":125,"column":62}},"34":{"start":{"line":126,"column":10},"end":{"line":126,"column":29}},"35":{"start":{"line":130,"column":6},"end":{"line":141,"column":7}},"36":{"start":{"line":131,"column":8},"end":{"line":131,"column":84}},"37":{"start":{"line":132,"column":8},"end":{"line":140,"column":11}},"38":{"start":{"line":133,"column":10},"end":{"line":133,"column":65}},"39":{"start":{"line":134,"column":10},"end":{"line":134,"column":41}},"40":{"start":{"line":135,"column":10},"end":{"line":135,"column":47}},"41":{"start":{"line":136,"column":10},"end":{"line":136,"column":61}},"42":{"start":{"line":136,"column":26},"end":{"line":136,"column":61}},"43":{"start":{"line":137,"column":10},"end":{"line":137,"column":59}},"44":{"start":{"line":137,"column":26},"end":{"line":137,"column":59}},"45":{"start":{"line":138,"column":10},"end":{"line":138,"column":58}},"46":{"start":{"line":138,"column":25},"end":{"line":138,"column":58}},"47":{"start":{"line":139,"column":10},"end":{"line":139,"column":29}},"48":{"start":{"line":143,"column":6},"end":{"line":145,"column":7}},"49":{"start":{"line":144,"column":8},"end":{"line":144,"column":44}},"50":{"start":{"line":147,"column":6},"end":{"line":147,"column":74}},"51":{"start":{"line":148,"column":6},"end":{"line":148,"column":85}},"52":{"start":{"line":151,"column":6},"end":{"line":151,"column":121}},"53":{"start":{"line":153,"column":6},"end":{"line":153,"column":53}},"54":{"start":{"line":154,"column":6},"end":{"line":154,"column":73}},"55":{"start":{"line":23,"column":4},"end":{"line":27,"column":6}},"56":{"start":{"line":31,"column":4},"end":{"line":31,"column":57}},"57":{"start":{"line":32,"column":4},"end":{"line":32,"column":35}},"58":{"start":{"line":33,"column":4},"end":{"line":33,"column":44}},"59":{"start":{"line":34,"column":4},"end":{"line":34,"column":64}},"60":{"start":{"line":35,"column":4},"end":{"line":35,"column":47}},"61":{"start":{"line":36,"column":4},"end":{"line":36,"column":55}},"62":{"start":{"line":39,"column":4},"end":{"line":42,"column":7}},"63":{"start":{"line":45,"column":21},"end":{"line":52,"column":6}},"64":{"start":{"line":54,"column":4},"end":{"line":64,"column":5}},"65":{"start":{"line":55,"column":27},"end":{"line":55,"column":80}},"66":{"start":{"line":56,"column":6},"end":{"line":56,"column":34}},"67":{"start":{"line":58,"column":6},"end":{"line":60,"column":7}},"68":{"start":{"line":59,"column":8},"end":{"line":59,"column":29}},"69":{"start":{"line":61,"column":6},"end":{"line":61,"column":70}},"70":{"start":{"line":63,"column":6},"end":{"line":63,"column":52}},"71":{"start":{"line":159,"column":4},"end":{"line":258,"column":5}},"72":{"start":{"line":160,"column":6},"end":{"line":257,"column":8}},"73":{"start":{"line":260,"column":4},"end":{"line":260,"column":31}},"74":{"start":{"line":264,"column":0},"end":{"line":264,"column":29}}},"fnMap":{"0":{"name":"(anonymous_9)","decl":{"start":{"line":14,"column":0},"end":{"line":14,"column":6}},"loc":{"start":{"line":14,"column":0},"end":{"line":262,"column":1}}},"1":{"name":"(anonymous_10)","decl":{"start":{"line":67,"column":24},"end":{"line":67,"column":27}},"loc":{"start":{"line":67,"column":29},"end":{"line":73,"column":3}}},"2":{"name":"(anonymous_11)","decl":{"start":{"line":75,"column":28},"end":{"line":75,"column":31}},"loc":{"start":{"line":75,"column":33},"end":{"line":107,"column":3}}},"3":{"name":"(anonymous_12)","decl":{"start":{"line":91,"column":52},"end":{"line":91,"column":55}},"loc":{"start":{"line":91,"column":57},"end":{"line":93,"column":7}}},"4":{"name":"(anonymous_13)","decl":{"start":{"line":93,"column":15},"end":{"line":93,"column":18}},"loc":{"start":{"line":93,"column":20},"end":{"line":102,"column":7}}},"5":{"name":"(anonymous_14)","decl":{"start":{"line":109,"column":27},"end":{"line":109,"column":30}},"loc":{"start":{"line":109,"column":32},"end":{"line":156,"column":3}}},"6":{"name":"(anonymous_15)","decl":{"start":{"line":120,"column":27},"end":{"line":120,"column":28}},"loc":{"start":{"line":120,"column":55},"end":{"line":127,"column":9}}},"7":{"name":"(anonymous_16)","decl":{"start":{"line":132,"column":32},"end":{"line":132,"column":33}},"loc":{"start":{"line":132,"column":60},"end":{"line":140,"column":9}}},"8":{"name":"(anonymous_17)","decl":{"start":{"line":22,"column":9},"end":{"line":22,"column":15}},"loc":{"start":{"line":22,"column":53},"end":{"line":28,"column":3}}},"9":{"name":"(anonymous_18)","decl":{"start":{"line":30,"column":9},"end":{"line":30,"column":26}},"loc":{"start":{"line":30,"column":61},"end":{"line":65,"column":3}}},"10":{"name":"(anonymous_19)","decl":{"start":{"line":158,"column":9},"end":{"line":158,"column":15}},"loc":{"start":{"line":158,"column":15},"end":{"line":261,"column":3}}}},"branchMap":{"0":{"loc":{"start":{"line":70,"column":4},"end":{"line":72,"column":5}},"type":"if","locations":[{"start":{"line":70,"column":4},"end":{"line":72,"column":5}},{"start":{},"end":{}}]},"1":{"loc":{"start":{"line":84,"column":31},"end":{"line":84,"column":72}},"type":"binary-expr","locations":[{"start":{"line":84,"column":31},"end":{"line":84,"column":64}},{"start":{"line":84,"column":68},"end":{"line":84,"column":72}}]},"2":{"loc":{"start":{"line":85,"column":21},"end":{"line":85,"column":64}},"type":"binary-expr","locations":[{"start":{"line":85,"column":21},"end":{"line":85,"column":58}},{"start":{"line":85,"column":62},"end":{"line":85,"column":64}}]},"3":{"loc":{"start":{"line":112,"column":36},"end":{"line":112,"column":77}},"type":"binary-expr","locations":[{"start":{"line":112,"column":36},"end":{"line":112,"column":69}},{"start":{"line":112,"column":73},"end":{"line":112,"column":77}}]},"4":{"loc":{"start":{"line":113,"column":31},"end":{"line":113,"column":74}},"type":"binary-expr","locations":[{"start":{"line":113,"column":31},"end":{"line":113,"column":68}},{"start":{"line":113,"column":72},"end":{"line":113,"column":74}}]},"5":{"loc":{"start":{"line":118,"column":6},"end":{"line":128,"column":7}},"type":"if","locations":[{"start":{"line":118,"column":6},"end":{"line":128,"column":7}},{"start":{},"end":{}}]},"6":{"loc":{"start":{"line":130,"column":6},"end":{"line":141,"column":7}},"type":"if","locations":[{"start":{"line":130,"column":6},"end":{"line":141,"column":7}},{"start":{},"end":{}}]},"7":{"loc":{"start":{"line":136,"column":10},"end":{"line":136,"column":61}},"type":"if","locations":[{"start":{"line":136,"column":10},"end":{"line":136,"column":61}},{"start":{},"end":{}}]},"8":{"loc":{"start":{"line":137,"column":10},"end":{"line":137,"column":59}},"type":"if","locations":[{"start":{"line":137,"column":10},"end":{"line":137,"column":59}},{"start":{},"end":{}}]},"9":{"loc":{"start":{"line":138,"column":10},"end":{"line":138,"column":58}},"type":"if","locations":[{"start":{"line":138,"column":10},"end":{"line":138,"column":58}},{"start":{},"end":{}}]},"10":{"loc":{"start":{"line":143,"column":6},"end":{"line":145,"column":7}},"type":"if","locations":[{"start":{"line":143,"column":6},"end":{"line":145,"column":7}},{"start":{},"end":{}}]},"11":{"loc":{"start":{"line":143,"column":10},"end":{"line":143,"column":65}},"type":"binary-expr","locations":[{"start":{"line":143,"column":10},"end":{"line":143,"column":33}},{"start":{"line":143,"column":37},"end":{"line":143,"column":65}}]},"12":{"loc":{"start":{"line":26,"column":18},"end":{"line":26,"column":59}},"type":"binary-expr","locations":[{"start":{"line":26,"column":18},"end":{"line":26,"column":29}},{"start":{"line":26,"column":33},"end":{"line":26,"column":59}}]},"13":{"loc":{"start":{"line":41,"column":18},"end":{"line":41,"column":59}},"type":"binary-expr","locations":[{"start":{"line":41,"column":18},"end":{"line":41,"column":29}},{"start":{"line":41,"column":33},"end":{"line":41,"column":59}}]},"14":{"loc":{"start":{"line":55,"column":38},"end":{"line":55,"column":79}},"type":"binary-expr","locations":[{"start":{"line":55,"column":38},"end":{"line":55,"column":71}},{"start":{"line":55,"column":75},"end":{"line":55,"column":79}}]},"15":{"loc":{"start":{"line":58,"column":6},"end":{"line":60,"column":7}},"type":"if","locations":[{"start":{"line":58,"column":6},"end":{"line":60,"column":7}},{"start":{},"end":{}}]},"16":{"loc":{"start":{"line":159,"column":4},"end":{"line":258,"column":5}},"type":"if","locations":[{"start":{"line":159,"column":4},"end":{"line":258,"column":5}},{"start":{},"end":{}}]},"17":{"loc":{"start":{"line":165,"column":13},"end":{"line":189,"column":null}},"type":"binary-expr","locations":[{"start":{"line":165,"column":13},"end":{"line":165,"column":29}},{"start":{"line":166,"column":14},"end":{"line":188,"column":null}}]},"18":{"loc":{"start":{"line":175,"column":19},"end":{"line":179,"column":null}},"type":"binary-expr","locations":[{"start":{"line":175,"column":19},"end":{"line":175,"column":39}},{"start":{"line":176,"column":20},"end":{"line":178,"column":null}}]}},"s":{"0":0,"1":0,"2":0,"3":0,"4":0,"5":0,"6":0,"7":0,"8":0,"9":0,"10":0,"11":0,"12":0,"13":0,"14":0,"15":0,"16":0,"17":0,"18":0,"19":0,"20":0,"21":0,"22":0,"23":0,"24":0,"25":0,"26":0,"27":0,"28":0,"29":0,"30":0,"31":0,"32":0,"33":0,"34":0,"35":0,"36":0,"37":0,"38":0,"39":0,"40":0,"41":0,"42":0,"43":0,"44":0,"45":0,"46":0,"47":0,"48":0,"49":0,"50":0,"51":0,"52":0,"53":0,"54":0,"55":0,"56":0,"57":0,"58":0,"59":0,"60":0,"61":0,"62":0,"63":0,"64":0,"65":0,"66":0,"67":0,"68":0,"69":0,"70":0,"71":0,"72":0,"73":0,"74":0},"f":{"0":0,"1":0,"2":0,"3":0,"4":0,"5":0,"6":0,"7":0,"8":0,"9":0,"10":0},"b":{"0":[0,0],"1":[0,0],"2":[0,0],"3":[0,0],"4":[0,0],"5":[0,0],"6":[0,0],"7":[0,0],"8":[0,0],"9":[0,0],"10":[0,0],"11":[0,0],"12":[0,0],"13":[0,0],"14":[0,0],"15":[0,0],"16":[0,0],"17":[0,0],"18":[0,0]}}
,"/Users/nick/Documents/Med Sig Builder/Med-Sig-Builder/src/components/FHIRStructureViewer.tsx": {"path":"/Users/nick/Documents/Med Sig Builder/Med-Sig-Builder/src/components/FHIRStructureViewer.tsx","statementMap":{"0":{"start":{"line":1,"column":0},"end":{"line":1,"column":40}},"1":{"start":{"line":2,"column":0},"end":{"line":2,"column":57}},"2":{"start":{"line":8,"column":64},"end":{"line":99,"column":1}},"3":{"start":{"line":9,"column":44},"end":{"line":9,"column":84}},"4":{"start":{"line":11,"column":21},"end":{"line":19,"column":3}},"5":{"start":{"line":12,"column":24},"end":{"line":12,"column":46}},"6":{"start":{"line":13,"column":4},"end":{"line":17,"column":5}},"7":{"start":{"line":14,"column":6},"end":{"line":14,"column":31}},"8":{"start":{"line":16,"column":6},"end":{"line":16,"column":28}},"9":{"start":{"line":18,"column":4},"end":{"line":18,"column":34}},"10":{"start":{"line":21,"column":22},"end":{"line":89,"column":3}},"11":{"start":{"line":22,"column":4},"end":{"line":24,"column":5}},"12":{"start":{"line":23,"column":6},"end":{"line":23,"column":65}},"13":{"start":{"line":26,"column":4},"end":{"line":28,"column":5}},"14":{"start":{"line":27,"column":6},"end":{"line":27,"column":76}},"15":{"start":{"line":30,"column":4},"end":{"line":56,"column":5}},"16":{"start":{"line":31,"column":6},"end":{"line":33,"column":7}},"17":{"start":{"line":32,"column":8},"end":{"line":32,"column":65}},"18":{"start":{"line":35,"column":25},"end":{"line":35,"column":48}},"19":{"start":{"line":36,"column":6},"end":{"line":55,"column":8}},"20":{"start":{"line":40,"column":27},"end":{"line":40,"column":43}},"21":{"start":{"line":48,"column":16},"end":{"line":49,"column":null}},"22":{"start":{"line":58,"column":4},"end":{"line":86,"column":5}},"23":{"start":{"line":59,"column":19},"end":{"line":59,"column":37}},"24":{"start":{"line":60,"column":6},"end":{"line":62,"column":7}},"25":{"start":{"line":61,"column":8},"end":{"line":61,"column":69}},"26":{"start":{"line":64,"column":25},"end":{"line":64,"column":48}},"27":{"start":{"line":65,"column":6},"end":{"line":85,"column":8}},"28":{"start":{"line":69,"column":27},"end":{"line":69,"column":43}},"29":{"start":{"line":77,"column":16},"end":{"line":79,"column":null}},"30":{"start":{"line":88,"column":4},"end":{"line":88,"column":86}},"31":{"start":{"line":91,"column":2},"end":{"line":98,"column":4}},"32":{"start":{"line":101,"column":0},"end":{"line":101,"column":35}}},"fnMap":{"0":{"name":"(anonymous_9)","decl":{"start":{"line":8,"column":64},"end":{"line":8,"column":65}},"loc":{"start":{"line":8,"column":77},"end":{"line":99,"column":1}}},"1":{"name":"(anonymous_10)","decl":{"start":{"line":11,"column":21},"end":{"line":11,"column":22}},"loc":{"start":{"line":11,"column":38},"end":{"line":19,"column":3}}},"2":{"name":"(anonymous_11)","decl":{"start":{"line":21,"column":22},"end":{"line":21,"column":23}},"loc":{"start":{"line":21,"column":92},"end":{"line":89,"column":3}}},"3":{"name":"(anonymous_12)","decl":{"start":{"line":40,"column":21},"end":{"line":40,"column":24}},"loc":{"start":{"line":40,"column":27},"end":{"line":40,"column":43}}},"4":{"name":"(anonymous_13)","decl":{"start":{"line":47,"column":25},"end":{"line":47,"column":26}},"loc":{"start":{"line":48,"column":16},"end":{"line":49,"column":null}}},"5":{"name":"(anonymous_14)","decl":{"start":{"line":69,"column":21},"end":{"line":69,"column":24}},"loc":{"start":{"line":69,"column":27},"end":{"line":69,"column":43}}},"6":{"name":"(anonymous_15)","decl":{"start":{"line":76,"column":24},"end":{"line":76,"column":27}},"loc":{"start":{"line":77,"column":16},"end":{"line":79,"column":null}}}},"branchMap":{"0":{"loc":{"start":{"line":13,"column":4},"end":{"line":17,"column":5}},"type":"if","locations":[{"start":{"line":13,"column":4},"end":{"line":17,"column":5}},{"start":{"line":15,"column":11},"end":{"line":17,"column":5}}]},"1":{"loc":{"start":{"line":21,"column":35},"end":{"line":21,"column":56}},"type":"default-arg","locations":[{"start":{"line":21,"column":50},"end":{"line":21,"column":56}}]},"2":{"loc":{"start":{"line":21,"column":58},"end":{"line":21,"column":75}},"type":"default-arg","locations":[{"start":{"line":21,"column":74},"end":{"line":21,"column":75}}]},"3":{"loc":{"start":{"line":22,"column":4},"end":{"line":24,"column":5}},"type":"if","locations":[{"start":{"line":22,"column":4},"end":{"line":24,"column":5}},{"start":{},"end":{}}]},"4":{"loc":{"start":{"line":22,"column":8},"end":{"line":22,"column":45}},"type":"binary-expr","locations":[{"start":{"line":22,"column":8},"end":{"line":22,"column":22}},{"start":{"line":22,"column":26},"end":{"line":22,"column":45}}]},"5":{"loc":{"start":{"line":26,"column":4},"end":{"line":28,"column":5}},"type":"if","locations":[{"start":{"line":26,"column":4},"end":{"line":28,"column":5}},{"start":{},"end":{}}]},"6":{"loc":{"start":{"line":26,"column":8},"end":{"line":26,"column":92}},"type":"binary-expr","locations":[{"start":{"line":26,"column":8},"end":{"line":26,"column":33}},{"start":{"line":26,"column":37},"end":{"line":26,"column":62}},{"start":{"line":26,"column":66},"end":{"line":26,"column":92}}]},"7":{"loc":{"start":{"line":30,"column":4},"end":{"line":56,"column":5}},"type":"if","locations":[{"start":{"line":30,"column":4},"end":{"line":56,"column":5}},{"start":{},"end":{}}]},"8":{"loc":{"start":{"line":31,"column":6},"end":{"line":33,"column":7}},"type":"if","locations":[{"start":{"line":31,"column":6},"end":{"line":33,"column":7}},{"start":{},"end":{}}]},"9":{"loc":{"start":{"line":42,"column":13},"end":{"line":42,"column":114}},"type":"cond-expr","locations":[{"start":{"line":42,"column":26},"end":{"line":42,"column":68}},{"start":{"line":42,"column":71},"end":{"line":42,"column":114}}]},"10":{"loc":{"start":{"line":45,"column":11},"end":{"line":52,"column":null}},"type":"binary-expr","locations":[{"start":{"line":45,"column":11},"end":{"line":45,"column":21}},{"start":{"line":46,"column":12},"end":{"line":51,"column":null}}]},"11":{"loc":{"start":{"line":58,"column":4},"end":{"line":86,"column":5}},"type":"if","locations":[{"start":{"line":58,"column":4},"end":{"line":86,"column":5}},{"start":{},"end":{}}]},"12":{"loc":{"start":{"line":60,"column":6},"end":{"line":62,"column":7}},"type":"if","locations":[{"start":{"line":60,"column":6},"end":{"line":62,"column":7}},{"start":{},"end":{}}]},"13":{"loc":{"start":{"line":71,"column":13},"end":{"line":71,"column":114}},"type":"cond-expr","locations":[{"start":{"line":71,"column":26},"end":{"line":71,"column":68}},{"start":{"line":71,"column":71},"end":{"line":71,"column":114}}]},"14":{"loc":{"start":{"line":74,"column":11},"end":{"line":82,"column":null}},"type":"binary-expr","locations":[{"start":{"line":74,"column":11},"end":{"line":74,"column":21}},{"start":{"line":75,"column":12},"end":{"line":81,"column":null}}]}},"s":{"0":0,"1":0,"2":0,"3":0,"4":0,"5":0,"6":0,"7":0,"8":0,"9":0,"10":0,"11":0,"12":0,"13":0,"14":0,"15":0,"16":0,"17":0,"18":0,"19":0,"20":0,"21":0,"22":0,"23":0,"24":0,"25":0,"26":0,"27":0,"28":0,"29":0,"30":0,"31":0,"32":0},"f":{"0":0,"1":0,"2":0,"3":0,"4":0,"5":0,"6":0},"b":{"0":[0,0],"1":[0],"2":[0],"3":[0,0],"4":[0,0],"5":[0,0],"6":[0,0,0],"7":[0,0],"8":[0,0],"9":[0,0],"10":[0,0],"11":[0,0],"12":[0,0],"13":[0,0],"14":[0,0]}}
,"/Users/nick/Documents/Med Sig Builder/Med-Sig-Builder/src/components/MarekLogo.tsx": {"path":"/Users/nick/Documents/Med Sig Builder/Med-Sig-Builder/src/components/MarekLogo.tsx","statementMap":{"0":{"start":{"line":1,"column":0},"end":{"line":1,"column":16}},"1":{"start":{"line":2,"column":2},"end":{"line":9,"column":null}}},"fnMap":{"0":{"name":"MarekLogo","decl":{"start":{"line":1,"column":16},"end":{"line":1,"column":25}},"loc":{"start":{"line":1,"column":75},"end":{"line":10,"column":1}}}},"branchMap":{"0":{"loc":{"start":{"line":1,"column":28},"end":{"line":1,"column":49}},"type":"default-arg","locations":[{"start":{"line":1,"column":40},"end":{"line":1,"column":49}}]}},"s":{"0":0,"1":0},"f":{"0":0},"b":{"0":[0]}}
,"/Users/nick/Documents/Med Sig Builder/Med-Sig-Builder/src/components/MedicationControls.tsx": {"path":"/Users/nick/Documents/Med Sig Builder/Med-Sig-Builder/src/components/MedicationControls.tsx","statementMap":{"0":{"start":{"line":31,"column":0},"end":{"line":31,"column":16}},"1":{"start":{"line":112,"column":0},"end":{"line":112,"column":16}},"2":{"start":{"line":1,"column":0},"end":{"line":1,"column":26}},"3":{"start":{"line":2,"column":0},"end":{"line":2,"column":37}},"4":{"start":{"line":3,"column":0},"end":{"line":3,"column":35}},"5":{"start":{"line":4,"column":0},"end":{"line":4,"column":41}},"6":{"start":{"line":5,"column":0},"end":{"line":5,"column":35}},"7":{"start":{"line":6,"column":0},"end":{"line":6,"column":110}},"8":{"start":{"line":7,"column":0},"end":{"line":7,"column":111}},"9":{"start":{"line":38,"column":2},"end":{"line":104,"column":4}},"10":{"start":{"line":48,"column":31},"end":{"line":48,"column":74}},"11":{"start":{"line":56,"column":53},"end":{"line":56,"column":109}},"12":{"start":{"line":113,"column":20},"end":{"line":113,"column":67}},"13":{"start":{"line":114,"column":18},"end":{"line":114,"column":83}},"14":{"start":{"line":116,"column":2},"end":{"line":179,"column":4}},"15":{"start":{"line":133,"column":29},"end":{"line":133,"column":74}},"16":{"start":{"line":139,"column":29},"end":{"line":139,"column":74}},"17":{"start":{"line":145,"column":29},"end":{"line":145,"column":74}},"18":{"start":{"line":163,"column":27},"end":{"line":163,"column":76}},"19":{"start":{"line":172,"column":27},"end":{"line":172,"column":76}}},"fnMap":{"0":{"name":"MedicationControls","decl":{"start":{"line":31,"column":16},"end":{"line":31,"column":34}},"loc":{"start":{"line":37,"column":26},"end":{"line":105,"column":1}}},"1":{"name":"(anonymous_2)","decl":{"start":{"line":48,"column":24},"end":{"line":48,"column":25}},"loc":{"start":{"line":48,"column":31},"end":{"line":48,"column":74}}},"2":{"name":"(anonymous_3)","decl":{"start":{"line":56,"column":31},"end":{"line":56,"column":32}},"loc":{"start":{"line":56,"column":53},"end":{"line":56,"column":109}}},"3":{"name":"PaginationControls","decl":{"start":{"line":112,"column":16},"end":{"line":112,"column":34}},"loc":{"start":{"line":112,"column":94},"end":{"line":180,"column":1}}},"4":{"name":"(anonymous_5)","decl":{"start":{"line":133,"column":23},"end":{"line":133,"column":26}},"loc":{"start":{"line":133,"column":29},"end":{"line":133,"column":74}}},"5":{"name":"(anonymous_6)","decl":{"start":{"line":139,"column":23},"end":{"line":139,"column":26}},"loc":{"start":{"line":139,"column":29},"end":{"line":139,"column":74}}},"6":{"name":"(anonymous_7)","decl":{"start":{"line":145,"column":23},"end":{"line":145,"column":26}},"loc":{"start":{"line":145,"column":29},"end":{"line":145,"column":74}}},"7":{"name":"(anonymous_8)","decl":{"start":{"line":163,"column":21},"end":{"line":163,"column":24}},"loc":{"start":{"line":163,"column":27},"end":{"line":163,"column":76}}},"8":{"name":"(anonymous_9)","decl":{"start":{"line":172,"column":21},"end":{"line":172,"column":24}},"loc":{"start":{"line":172,"column":27},"end":{"line":172,"column":76}}}},"branchMap":{},"s":{"0":0,"1":0,"2":0,"3":0,"4":0,"5":0,"6":0,"7":0,"8":0,"9":0,"10":0,"11":0,"12":0,"13":0,"14":0,"15":0,"16":0,"17":0,"18":0,"19":0},"f":{"0":0,"1":0,"2":0,"3":0,"4":0,"5":0,"6":0,"7":0,"8":0},"b":{}}
,"/Users/nick/Documents/Med Sig Builder/Med-Sig-Builder/src/components/MedicationManager.tsx": {"path":"/Users/nick/Documents/Med Sig Builder/Med-Sig-Builder/src/components/MedicationManager.tsx","statementMap":{"0":{"start":{"line":1,"column":0},"end":{"line":1,"column":51}},"1":{"start":{"line":3,"column":0},"end":{"line":3,"column":36}},"2":{"start":{"line":4,"column":0},"end":{"line":4,"column":57}},"3":{"start":{"line":5,"column":0},"end":{"line":5,"column":52}},"4":{"start":{"line":6,"column":0},"end":{"line":6,"column":78}},"5":{"start":{"line":7,"column":0},"end":{"line":7,"column":62}},"6":{"start":{"line":8,"column":0},"end":{"line":8,"column":37}},"7":{"start":{"line":9,"column":0},"end":{"line":9,"column":35}},"8":{"start":{"line":10,"column":0},"end":{"line":10,"column":92}},"9":{"start":{"line":11,"column":0},"end":{"line":11,"column":37}},"10":{"start":{"line":12,"column":0},"end":{"line":12,"column":60}},"11":{"start":{"line":13,"column":0},"end":{"line":13,"column":130}},"12":{"start":{"line":14,"column":0},"end":{"line":14,"column":50}},"13":{"start":{"line":15,"column":0},"end":{"line":15,"column":62}},"14":{"start":{"line":24,"column":32},"end":{"line":43,"column":2}},"15":{"start":{"line":24,"column":51},"end":{"line":43,"column":2}},"16":{"start":{"line":45,"column":60},"end":{"line":658,"column":1}},"17":{"start":{"line":59,"column":6},"end":{"line":59,"column":22}},"18":{"start":{"line":62,"column":34},"end":{"line":62,"column":60}},"19":{"start":{"line":63,"column":54},"end":{"line":63,"column":87}},"20":{"start":{"line":64,"column":36},"end":{"line":64,"column":50}},"21":{"start":{"line":65,"column":34},"end":{"line":65,"column":81}},"22":{"start":{"line":66,"column":64},"end":{"line":66,"column":86}},"23":{"start":{"line":67,"column":48},"end":{"line":67,"column":70}},"24":{"start":{"line":68,"column":34},"end":{"line":68,"column":49}},"25":{"start":{"line":71,"column":30},"end":{"line":71,"column":75}},"26":{"start":{"line":72,"column":28},"end":{"line":72,"column":40}},"27":{"start":{"line":73,"column":36},"end":{"line":73,"column":48}},"28":{"start":{"line":74,"column":56},"end":{"line":74,"column":68}},"29":{"start":{"line":75,"column":30},"end":{"line":75,"column":66}},"30":{"start":{"line":78,"column":2},"end":{"line":100,"column":27}},"31":{"start":{"line":79,"column":4},"end":{"line":99,"column":5}},"32":{"start":{"line":80,"column":6},"end":{"line":80,"column":38}},"33":{"start":{"line":82,"column":27},"end":{"line":83,"column":132}},"34":{"start":{"line":84,"column":6},"end":{"line":84,"column":29}},"35":{"start":{"line":87,"column":24},"end":{"line":87,"column":28}},"36":{"start":{"line":88,"column":6},"end":{"line":92,"column":7}},"37":{"start":{"line":89,"column":8},"end":{"line":89,"column":27}},"38":{"start":{"line":90,"column":13},"end":{"line":92,"column":7}},"39":{"start":{"line":91,"column":8},"end":{"line":91,"column":64}},"40":{"start":{"line":94,"column":6},"end":{"line":94,"column":49}},"41":{"start":{"line":95,"column":6},"end":{"line":95,"column":23}},"42":{"start":{"line":96,"column":6},"end":{"line":96,"column":33}},"43":{"start":{"line":98,"column":6},"end":{"line":98,"column":45}},"44":{"start":{"line":103,"column":2},"end":{"line":143,"column":26}},"45":{"start":{"line":104,"column":4},"end":{"line":142,"column":5}},"46":{"start":{"line":106,"column":34},"end":{"line":107,"column":null}},"47":{"start":{"line":107,"column":24},"end":{"line":107,"column":100}},"48":{"start":{"line":109,"column":6},"end":{"line":109,"column":54}},"49":{"start":{"line":112,"column":27},"end":{"line":112,"column":55}},"50":{"start":{"line":113,"column":6},"end":{"line":124,"column":7}},"51":{"start":{"line":114,"column":8},"end":{"line":114,"column":58}},"52":{"start":{"line":117,"column":8},"end":{"line":123,"column":9}},"53":{"start":{"line":118,"column":10},"end":{"line":122,"column":14}},"54":{"start":{"line":118,"column":31},"end":{"line":122,"column":12}},"55":{"start":{"line":127,"column":6},"end":{"line":141,"column":7}},"56":{"start":{"line":128,"column":8},"end":{"line":140,"column":12}},"57":{"start":{"line":128,"column":29},"end":{"line":140,"column":10}},"58":{"start":{"line":130,"column":58},"end":{"line":139,"column":12}},"59":{"start":{"line":146,"column":23},"end":{"line":151,"column":3}},"60":{"start":{"line":147,"column":4},"end":{"line":147,"column":32}},"61":{"start":{"line":148,"column":4},"end":{"line":148,"column":43}},"62":{"start":{"line":149,"column":4},"end":{"line":149,"column":23}},"63":{"start":{"line":150,"column":4},"end":{"line":150,"column":24}},"64":{"start":{"line":153,"column":21},"end":{"line":157,"column":3}},"65":{"start":{"line":154,"column":4},"end":{"line":154,"column":38}},"66":{"start":{"line":155,"column":4},"end":{"line":155,"column":24}},"67":{"start":{"line":156,"column":4},"end":{"line":156,"column":24}},"68":{"start":{"line":159,"column":23},"end":{"line":171,"column":3}},"69":{"start":{"line":160,"column":4},"end":{"line":162,"column":5}},"70":{"start":{"line":161,"column":6},"end":{"line":161,"column":13}},"71":{"start":{"line":164,"column":4},"end":{"line":170,"column":5}},"72":{"start":{"line":165,"column":6},"end":{"line":165,"column":52}},"73":{"start":{"line":166,"column":6},"end":{"line":166,"column":26}},"74":{"start":{"line":167,"column":6},"end":{"line":167,"column":34}},"75":{"start":{"line":169,"column":6},"end":{"line":169,"column":55}},"76":{"start":{"line":173,"column":21},"end":{"line":198,"column":3}},"77":{"start":{"line":174,"column":4},"end":{"line":197,"column":5}},"78":{"start":{"line":175,"column":6},"end":{"line":175,"column":24}},"79":{"start":{"line":178,"column":30},"end":{"line":183,"column":8}},"80":{"start":{"line":185,"column":6},"end":{"line":189,"column":7}},"81":{"start":{"line":186,"column":8},"end":{"line":186,"column":45}},"82":{"start":{"line":188,"column":8},"end":{"line":188,"column":48}},"83":{"start":{"line":191,"column":6},"end":{"line":191,"column":26}},"84":{"start":{"line":192,"column":6},"end":{"line":192,"column":34}},"85":{"start":{"line":194,"column":6},"end":{"line":194,"column":53}},"86":{"start":{"line":196,"column":6},"end":{"line":196,"column":25}},"87":{"start":{"line":200,"column":23},"end":{"line":203,"column":3}},"88":{"start":{"line":201,"column":4},"end":{"line":201,"column":24}},"89":{"start":{"line":202,"column":4},"end":{"line":202,"column":32}},"90":{"start":{"line":206,"column":29},"end":{"line":218,"column":3}},"91":{"start":{"line":207,"column":4},"end":{"line":217,"column":7}},"92":{"start":{"line":208,"column":29},"end":{"line":208,"column":55}},"93":{"start":{"line":209,"column":6},"end":{"line":215,"column":7}},"94":{"start":{"line":210,"column":8},"end":{"line":212,"column":9}},"95":{"start":{"line":211,"column":10},"end":{"line":211,"column":75}},"96":{"start":{"line":214,"column":8},"end":{"line":214,"column":86}},"97":{"start":{"line":214,"column":70},"end":{"line":214,"column":82}},"98":{"start":{"line":216,"column":6},"end":{"line":216,"column":18}},"99":{"start":{"line":221,"column":33},"end":{"line":254,"column":3}},"100":{"start":{"line":222,"column":4},"end":{"line":253,"column":7}},"101":{"start":{"line":223,"column":29},"end":{"line":223,"column":57}},"102":{"start":{"line":224,"column":6},"end":{"line":251,"column":7}},"103":{"start":{"line":225,"column":8},"end":{"line":225,"column":74}},"104":{"start":{"line":226,"column":13},"end":{"line":251,"column":7}},"105":{"start":{"line":227,"column":22},"end":{"line":227,"column":38}},"106":{"start":{"line":228,"column":8},"end":{"line":250,"column":9}},"107":{"start":{"line":229,"column":10},"end":{"line":238,"column":12}},"108":{"start":{"line":239,"column":15},"end":{"line":250,"column":9}},"109":{"start":{"line":240,"column":10},"end":{"line":249,"column":12}},"110":{"start":{"line":252,"column":6},"end":{"line":252,"column":53}},"111":{"start":{"line":256,"column":24},"end":{"line":270,"column":3}},"112":{"start":{"line":257,"column":4},"end":{"line":269,"column":8}},"113":{"start":{"line":257,"column":25},"end":{"line":269,"column":6}},"114":{"start":{"line":272,"column":27},"end":{"line":277,"column":3}},"115":{"start":{"line":273,"column":4},"end":{"line":276,"column":8}},"116":{"start":{"line":273,"column":25},"end":{"line":276,"column":6}},"117":{"start":{"line":275,"column":52},"end":{"line":275,"column":63}},"118":{"start":{"line":279,"column":2},"end":{"line":326,"column":3}},"119":{"start":{"line":280,"column":4},"end":{"line":325,"column":6}},"120":{"start":{"line":329,"column":2},"end":{"line":657,"column":4}},"121":{"start":{"line":377,"column":35},"end":{"line":377,"column":85}},"122":{"start":{"line":384,"column":70},"end":{"line":384,"column":111}},"123":{"start":{"line":396,"column":74},"end":{"line":396,"column":119}},"124":{"start":{"line":402,"column":20},"end":{"line":403,"column":null}},"125":{"start":{"line":413,"column":48},"end":{"line":413,"column":95}},"126":{"start":{"line":424,"column":39},"end":{"line":424,"column":83}},"127":{"start":{"line":433,"column":39},"end":{"line":433,"column":85}},"128":{"start":{"line":442,"column":39},"end":{"line":442,"column":84}},"129":{"start":{"line":457,"column":14},"end":{"line":516,"column":null}},"130":{"start":{"line":466,"column":37},"end":{"line":466,"column":60}},"131":{"start":{"line":476,"column":37},"end":{"line":476,"column":90}},"132":{"start":{"line":486,"column":39},"end":{"line":486,"column":120}},"133":{"start":{"line":493,"column":39},"end":{"line":493,"column":111}},"134":{"start":{"line":504,"column":41},"end":{"line":504,"column":124}},"135":{"start":{"line":511,"column":41},"end":{"line":511,"column":115}},"136":{"start":{"line":536,"column":42},"end":{"line":536,"column":91}},"137":{"start":{"line":543,"column":20},"end":{"line":544,"column":null}},"138":{"start":{"line":555,"column":38},"end":{"line":555,"column":59}},"139":{"start":{"line":556,"column":20},"end":{"line":564,"column":23}},"140":{"start":{"line":573,"column":22},"end":{"line":574,"column":null}},"141":{"start":{"line":574,"column":52},"end":{"line":574,"column":73}},"142":{"start":{"line":591,"column":33},"end":{"line":598,"column":18}},"143":{"start":{"line":605,"column":33},"end":{"line":612,"column":18}},"144":{"start":{"line":622,"column":35},"end":{"line":628,"column":20}},"145":{"start":{"line":646,"column":43},"end":{"line":646,"column":59}},"146":{"start":{"line":660,"column":0},"end":{"line":660,"column":33}}},"fnMap":{"0":{"name":"(anonymous_10)","decl":{"start":{"line":24,"column":32},"end":{"line":24,"column":47}},"loc":{"start":{"line":24,"column":51},"end":{"line":43,"column":2}}},"1":{"name":"(anonymous_11)","decl":{"start":{"line":45,"column":60},"end":{"line":45,"column":61}},"loc":{"start":{"line":45,"column":87},"end":{"line":658,"column":1}}},"2":{"name":"(anonymous_12)","decl":{"start":{"line":78,"column":12},"end":{"line":78,"column":15}},"loc":{"start":{"line":78,"column":17},"end":{"line":100,"column":3}}},"3":{"name":"(anonymous_13)","decl":{"start":{"line":103,"column":12},"end":{"line":103,"column":15}},"loc":{"start":{"line":103,"column":17},"end":{"line":143,"column":3}}},"4":{"name":"(anonymous_14)","decl":{"start":{"line":107,"column":8},"end":{"line":107,"column":20}},"loc":{"start":{"line":107,"column":24},"end":{"line":107,"column":100}}},"5":{"name":"(anonymous_15)","decl":{"start":{"line":118,"column":22},"end":{"line":118,"column":26}},"loc":{"start":{"line":118,"column":31},"end":{"line":122,"column":12}}},"6":{"name":"(anonymous_16)","decl":{"start":{"line":128,"column":20},"end":{"line":128,"column":24}},"loc":{"start":{"line":128,"column":29},"end":{"line":140,"column":10}}},"7":{"name":"(anonymous_17)","decl":{"start":{"line":130,"column":50},"end":{"line":130,"column":53}},"loc":{"start":{"line":130,"column":58},"end":{"line":139,"column":12}}},"8":{"name":"(anonymous_18)","decl":{"start":{"line":146,"column":23},"end":{"line":146,"column":26}},"loc":{"start":{"line":146,"column":28},"end":{"line":151,"column":3}}},"9":{"name":"(anonymous_19)","decl":{"start":{"line":153,"column":21},"end":{"line":153,"column":22}},"loc":{"start":{"line":153,"column":48},"end":{"line":157,"column":3}}},"10":{"name":"(anonymous_20)","decl":{"start":{"line":159,"column":23},"end":{"line":159,"column":28}},"loc":{"start":{"line":159,"column":34},"end":{"line":171,"column":3}}},"11":{"name":"(anonymous_21)","decl":{"start":{"line":173,"column":21},"end":{"line":173,"column":26}},"loc":{"start":{"line":173,"column":32},"end":{"line":198,"column":3}}},"12":{"name":"(anonymous_22)","decl":{"start":{"line":200,"column":23},"end":{"line":200,"column":26}},"loc":{"start":{"line":200,"column":28},"end":{"line":203,"column":3}}},"13":{"name":"(anonymous_23)","decl":{"start":{"line":206,"column":29},"end":{"line":206,"column":30}},"loc":{"start":{"line":206,"column":87},"end":{"line":218,"column":3}}},"14":{"name":"(anonymous_24)","decl":{"start":{"line":207,"column":16},"end":{"line":207,"column":20}},"loc":{"start":{"line":207,"column":23},"end":{"line":217,"column":5}}},"15":{"name":"(anonymous_25)","decl":{"start":{"line":214,"column":65},"end":{"line":214,"column":66}},"loc":{"start":{"line":214,"column":70},"end":{"line":214,"column":82}}},"16":{"name":"(anonymous_26)","decl":{"start":{"line":221,"column":33},"end":{"line":221,"column":34}},"loc":{"start":{"line":221,"column":78},"end":{"line":254,"column":3}}},"17":{"name":"(anonymous_27)","decl":{"start":{"line":222,"column":16},"end":{"line":222,"column":20}},"loc":{"start":{"line":222,"column":23},"end":{"line":253,"column":5}}},"18":{"name":"(anonymous_28)","decl":{"start":{"line":256,"column":24},"end":{"line":256,"column":27}},"loc":{"start":{"line":256,"column":29},"end":{"line":270,"column":3}}},"19":{"name":"(anonymous_29)","decl":{"start":{"line":257,"column":16},"end":{"line":257,"column":20}},"loc":{"start":{"line":257,"column":25},"end":{"line":269,"column":6}}},"20":{"name":"(anonymous_30)","decl":{"start":{"line":272,"column":27},"end":{"line":272,"column":28}},"loc":{"start":{"line":272,"column":45},"end":{"line":277,"column":3}}},"21":{"name":"(anonymous_31)","decl":{"start":{"line":273,"column":16},"end":{"line":273,"column":20}},"loc":{"start":{"line":273,"column":25},"end":{"line":276,"column":6}}},"22":{"name":"(anonymous_32)","decl":{"start":{"line":275,"column":42},"end":{"line":275,"column":43}},"loc":{"start":{"line":275,"column":52},"end":{"line":275,"column":63}}},"23":{"name":"(anonymous_33)","decl":{"start":{"line":377,"column":28},"end":{"line":377,"column":29}},"loc":{"start":{"line":377,"column":35},"end":{"line":377,"column":85}}},"24":{"name":"(anonymous_34)","decl":{"start":{"line":384,"column":59},"end":{"line":384,"column":60}},"loc":{"start":{"line":384,"column":70},"end":{"line":384,"column":111}}},"25":{"name":"(anonymous_35)","decl":{"start":{"line":396,"column":63},"end":{"line":396,"column":64}},"loc":{"start":{"line":396,"column":74},"end":{"line":396,"column":119}}},"26":{"name":"(anonymous_36)","decl":{"start":{"line":401,"column":39},"end":{"line":401,"column":40}},"loc":{"start":{"line":402,"column":20},"end":{"line":403,"column":null}}},"27":{"name":"(anonymous_37)","decl":{"start":{"line":413,"column":35},"end":{"line":413,"column":36}},"loc":{"start":{"line":413,"column":48},"end":{"line":413,"column":95}}},"28":{"name":"(anonymous_38)","decl":{"start":{"line":424,"column":32},"end":{"line":424,"column":33}},"loc":{"start":{"line":424,"column":39},"end":{"line":424,"column":83}}},"29":{"name":"(anonymous_39)","decl":{"start":{"line":433,"column":32},"end":{"line":433,"column":33}},"loc":{"start":{"line":433,"column":39},"end":{"line":433,"column":85}}},"30":{"name":"(anonymous_40)","decl":{"start":{"line":442,"column":32},"end":{"line":442,"column":33}},"loc":{"start":{"line":442,"column":39},"end":{"line":442,"column":84}}},"31":{"name":"(anonymous_41)","decl":{"start":{"line":456,"column":38},"end":{"line":456,"column":39}},"loc":{"start":{"line":457,"column":14},"end":{"line":516,"column":null}}},"32":{"name":"(anonymous_42)","decl":{"start":{"line":466,"column":31},"end":{"line":466,"column":34}},"loc":{"start":{"line":466,"column":37},"end":{"line":466,"column":60}}},"33":{"name":"(anonymous_43)","decl":{"start":{"line":476,"column":30},"end":{"line":476,"column":31}},"loc":{"start":{"line":476,"column":37},"end":{"line":476,"column":90}}},"34":{"name":"(anonymous_44)","decl":{"start":{"line":486,"column":32},"end":{"line":486,"column":33}},"loc":{"start":{"line":486,"column":39},"end":{"line":486,"column":120}}},"35":{"name":"(anonymous_45)","decl":{"start":{"line":493,"column":32},"end":{"line":493,"column":33}},"loc":{"start":{"line":493,"column":39},"end":{"line":493,"column":111}}},"36":{"name":"(anonymous_46)","decl":{"start":{"line":504,"column":34},"end":{"line":504,"column":35}},"loc":{"start":{"line":504,"column":41},"end":{"line":504,"column":124}}},"37":{"name":"(anonymous_47)","decl":{"start":{"line":511,"column":34},"end":{"line":511,"column":35}},"loc":{"start":{"line":511,"column":41},"end":{"line":511,"column":115}}},"38":{"name":"(anonymous_48)","decl":{"start":{"line":536,"column":31},"end":{"line":536,"column":32}},"loc":{"start":{"line":536,"column":42},"end":{"line":536,"column":91}}},"39":{"name":"(anonymous_49)","decl":{"start":{"line":542,"column":39},"end":{"line":542,"column":40}},"loc":{"start":{"line":543,"column":20},"end":{"line":544,"column":null}}},"40":{"name":"(anonymous_50)","decl":{"start":{"line":554,"column":33},"end":{"line":554,"column":34}},"loc":{"start":{"line":554,"column":43},"end":{"line":565,"column":19}}},"41":{"name":"(anonymous_51)","decl":{"start":{"line":572,"column":49},"end":{"line":572,"column":50}},"loc":{"start":{"line":573,"column":22},"end":{"line":574,"column":null}}},"42":{"name":"(anonymous_52)","decl":{"start":{"line":574,"column":47},"end":{"line":574,"column":48}},"loc":{"start":{"line":574,"column":52},"end":{"line":574,"column":73}}},"43":{"name":"(anonymous_53)","decl":{"start":{"line":591,"column":26},"end":{"line":591,"column":27}},"loc":{"start":{"line":591,"column":33},"end":{"line":598,"column":18}}},"44":{"name":"(anonymous_54)","decl":{"start":{"line":605,"column":26},"end":{"line":605,"column":27}},"loc":{"start":{"line":605,"column":33},"end":{"line":612,"column":18}}},"45":{"name":"(anonymous_55)","decl":{"start":{"line":622,"column":28},"end":{"line":622,"column":29}},"loc":{"start":{"line":622,"column":35},"end":{"line":628,"column":20}}},"46":{"name":"(anonymous_56)","decl":{"start":{"line":646,"column":34},"end":{"line":646,"column":35}},"loc":{"start":{"line":646,"column":43},"end":{"line":646,"column":59}}}},"branchMap":{"0":{"loc":{"start":{"line":79,"column":4},"end":{"line":99,"column":5}},"type":"if","locations":[{"start":{"line":79,"column":4},"end":{"line":99,"column":5}},{"start":{"line":97,"column":11},"end":{"line":99,"column":5}}]},"1":{"loc":{"start":{"line":82,"column":27},"end":{"line":83,"column":132}},"type":"binary-expr","locations":[{"start":{"line":82,"column":27},"end":{"line":82,"column":58}},{"start":{"line":83,"column":9},"end":{"line":83,"column":131}}]},"2":{"loc":{"start":{"line":83,"column":9},"end":{"line":83,"column":131}},"type":"cond-expr","locations":[{"start":{"line":83,"column":91},"end":{"line":83,"column":126}},{"start":{"line":83,"column":129},"end":{"line":83,"column":131}}]},"3":{"loc":{"start":{"line":83,"column":9},"end":{"line":83,"column":88}},"type":"binary-expr","locations":[{"start":{"line":83,"column":9},"end":{"line":83,"column":41}},{"start":{"line":83,"column":45},"end":{"line":83,"column":88}}]},"4":{"loc":{"start":{"line":88,"column":6},"end":{"line":92,"column":7}},"type":"if","locations":[{"start":{"line":88,"column":6},"end":{"line":92,"column":7}},{"start":{"line":90,"column":13},"end":{"line":92,"column":7}}]},"5":{"loc":{"start":{"line":88,"column":10},"end":{"line":88,"column":94}},"type":"binary-expr","locations":[{"start":{"line":88,"column":10},"end":{"line":88,"column":48}},{"start":{"line":88,"column":52},"end":{"line":88,"column":94}}]},"6":{"loc":{"start":{"line":90,"column":13},"end":{"line":92,"column":7}},"type":"if","locations":[{"start":{"line":90,"column":13},"end":{"line":92,"column":7}},{"start":{},"end":{}}]},"7":{"loc":{"start":{"line":104,"column":4},"end":{"line":142,"column":5}},"type":"if","locations":[{"start":{"line":104,"column":4},"end":{"line":142,"column":5}},{"start":{},"end":{}}]},"8":{"loc":{"start":{"line":113,"column":6},"end":{"line":124,"column":7}},"type":"if","locations":[{"start":{"line":113,"column":6},"end":{"line":124,"column":7}},{"start":{},"end":{}}]},"9":{"loc":{"start":{"line":117,"column":8},"end":{"line":123,"column":9}},"type":"if","locations":[{"start":{"line":117,"column":8},"end":{"line":123,"column":9}},{"start":{},"end":{}}]},"10":{"loc":{"start":{"line":117,"column":12},"end":{"line":117,"column":63}},"type":"binary-expr","locations":[{"start":{"line":117,"column":12},"end":{"line":117,"column":34}},{"start":{"line":117,"column":38},"end":{"line":117,"column":63}}]},"11":{"loc":{"start":{"line":121,"column":27},"end":{"line":121,"column":104}},"type":"cond-expr","locations":[{"start":{"line":121,"column":56},"end":{"line":121,"column":74}},{"start":{"line":121,"column":77},"end":{"line":121,"column":104}}]},"12":{"loc":{"start":{"line":127,"column":6},"end":{"line":141,"column":7}},"type":"if","locations":[{"start":{"line":127,"column":6},"end":{"line":141,"column":7}},{"start":{},"end":{}}]},"13":{"loc":{"start":{"line":130,"column":23},"end":{"line":130,"column":44}},"type":"binary-expr","locations":[{"start":{"line":130,"column":23},"end":{"line":130,"column":38}},{"start":{"line":130,"column":42},"end":{"line":130,"column":44}}]},"14":{"loc":{"start":{"line":133,"column":18},"end":{"line":133,"column":115}},"type":"binary-expr","locations":[{"start":{"line":133,"column":18},"end":{"line":133,"column":35}},{"start":{"line":133,"column":39},"end":{"line":133,"column":115}}]},"15":{"loc":{"start":{"line":135,"column":20},"end":{"line":135,"column":76}},"type":"binary-expr","locations":[{"start":{"line":135,"column":20},"end":{"line":135,"column":50}},{"start":{"line":135,"column":54},"end":{"line":135,"column":76}}]},"16":{"loc":{"start":{"line":136,"column":22},"end":{"line":136,"column":137}},"type":"cond-expr","locations":[{"start":{"line":136,"column":90},"end":{"line":136,"column":94}},{"start":{"line":136,"column":97},"end":{"line":136,"column":137}}]},"17":{"loc":{"start":{"line":136,"column":22},"end":{"line":136,"column":87}},"type":"binary-expr","locations":[{"start":{"line":136,"column":22},"end":{"line":136,"column":51}},{"start":{"line":136,"column":55},"end":{"line":136,"column":87}}]},"18":{"loc":{"start":{"line":160,"column":4},"end":{"line":162,"column":5}},"type":"if","locations":[{"start":{"line":160,"column":4},"end":{"line":162,"column":5}},{"start":{},"end":{}}]},"19":{"loc":{"start":{"line":160,"column":8},"end":{"line":160,"column":98}},"type":"binary-expr","locations":[{"start":{"line":160,"column":8},"end":{"line":160,"column":27}},{"start":{"line":160,"column":31},"end":{"line":160,"column":98}}]},"20":{"loc":{"start":{"line":185,"column":6},"end":{"line":189,"column":7}},"type":"if","locations":[{"start":{"line":185,"column":6},"end":{"line":189,"column":7}},{"start":{"line":187,"column":13},"end":{"line":189,"column":7}}]},"21":{"loc":{"start":{"line":208,"column":29},"end":{"line":208,"column":55}},"type":"binary-expr","locations":[{"start":{"line":208,"column":29},"end":{"line":208,"column":49}},{"start":{"line":208,"column":53},"end":{"line":208,"column":55}}]},"22":{"loc":{"start":{"line":209,"column":6},"end":{"line":215,"column":7}},"type":"if","locations":[{"start":{"line":209,"column":6},"end":{"line":215,"column":7}},{"start":{"line":213,"column":13},"end":{"line":215,"column":7}}]},"23":{"loc":{"start":{"line":210,"column":8},"end":{"line":212,"column":9}},"type":"if","locations":[{"start":{"line":210,"column":8},"end":{"line":212,"column":9}},{"start":{},"end":{}}]},"24":{"loc":{"start":{"line":223,"column":34},"end":{"line":223,"column":55}},"type":"binary-expr","locations":[{"start":{"line":223,"column":34},"end":{"line":223,"column":49}},{"start":{"line":223,"column":53},"end":{"line":223,"column":55}}]},"25":{"loc":{"start":{"line":224,"column":6},"end":{"line":251,"column":7}},"type":"if","locations":[{"start":{"line":224,"column":6},"end":{"line":251,"column":7}},{"start":{"line":226,"column":13},"end":{"line":251,"column":7}}]},"26":{"loc":{"start":{"line":226,"column":13},"end":{"line":251,"column":7}},"type":"if","locations":[{"start":{"line":226,"column":13},"end":{"line":251,"column":7}},{"start":{},"end":{}}]},"27":{"loc":{"start":{"line":228,"column":8},"end":{"line":250,"column":9}},"type":"if","locations":[{"start":{"line":228,"column":8},"end":{"line":250,"column":9}},{"start":{"line":239,"column":15},"end":{"line":250,"column":9}}]},"28":{"loc":{"start":{"line":239,"column":15},"end":{"line":250,"column":9}},"type":"if","locations":[{"start":{"line":239,"column":15},"end":{"line":250,"column":9}},{"start":{},"end":{}}]},"29":{"loc":{"start":{"line":260,"column":12},"end":{"line":260,"column":33}},"type":"binary-expr","locations":[{"start":{"line":260,"column":12},"end":{"line":260,"column":27}},{"start":{"line":260,"column":31},"end":{"line":260,"column":33}}]},"30":{"loc":{"start":{"line":265,"column":43},"end":{"line":265,"column":103}},"type":"binary-expr","locations":[{"start":{"line":265,"column":43},"end":{"line":265,"column":97}},{"start":{"line":265,"column":101},"end":{"line":265,"column":103}}]},"31":{"loc":{"start":{"line":275,"column":18},"end":{"line":275,"column":70}},"type":"binary-expr","locations":[{"start":{"line":275,"column":18},"end":{"line":275,"column":64}},{"start":{"line":275,"column":68},"end":{"line":275,"column":70}}]},"32":{"loc":{"start":{"line":279,"column":2},"end":{"line":326,"column":3}},"type":"if","locations":[{"start":{"line":279,"column":2},"end":{"line":326,"column":3}},{"start":{},"end":{}}]},"33":{"loc":{"start":{"line":283,"column":9},"end":{"line":300,"column":null}},"type":"binary-expr","locations":[{"start":{"line":283,"column":9},"end":{"line":283,"column":14}},{"start":{"line":284,"column":10},"end":{"line":299,"column":null}}]},"34":{"loc":{"start":{"line":341,"column":13},"end":{"line":341,"column":65}},"type":"cond-expr","locations":[{"start":{"line":341,"column":25},"end":{"line":341,"column":45}},{"start":{"line":341,"column":48},"end":{"line":341,"column":65}}]},"35":{"loc":{"start":{"line":345,"column":11},"end":{"line":354,"column":null}},"type":"binary-expr","locations":[{"start":{"line":345,"column":11},"end":{"line":345,"column":21}},{"start":{"line":346,"column":12},"end":{"line":354,"column":null}}]},"36":{"loc":{"start":{"line":359,"column":22},"end":{"line":359,"column":70}},"type":"binary-expr","locations":[{"start":{"line":359,"column":22},"end":{"line":359,"column":30}},{"start":{"line":359,"column":34},"end":{"line":359,"column":48}},{"start":{"line":359,"column":52},"end":{"line":359,"column":70}}]},"37":{"loc":{"start":{"line":363,"column":13},"end":{"line":363,"column":52}},"type":"cond-expr","locations":[{"start":{"line":363,"column":24},"end":{"line":363,"column":35}},{"start":{"line":363,"column":38},"end":{"line":363,"column":52}}]},"38":{"loc":{"start":{"line":423,"column":31},"end":{"line":423,"column":82}},"type":"binary-expr","locations":[{"start":{"line":423,"column":31},"end":{"line":423,"column":73}},{"start":{"line":423,"column":77},"end":{"line":423,"column":82}}]},"39":{"loc":{"start":{"line":432,"column":31},"end":{"line":432,"column":84}},"type":"binary-expr","locations":[{"start":{"line":432,"column":31},"end":{"line":432,"column":75}},{"start":{"line":432,"column":79},"end":{"line":432,"column":84}}]},"40":{"loc":{"start":{"line":441,"column":31},"end":{"line":441,"column":83}},"type":"binary-expr","locations":[{"start":{"line":441,"column":31},"end":{"line":441,"column":74}},{"start":{"line":441,"column":78},"end":{"line":441,"column":83}}]},"41":{"loc":{"start":{"line":462,"column":19},"end":{"line":470,"column":null}},"type":"binary-expr","locations":[{"start":{"line":462,"column":19},"end":{"line":462,"column":38}},{"start":{"line":462,"column":42},"end":{"line":462,"column":72}},{"start":{"line":463,"column":20},"end":{"line":469,"column":null}}]},"42":{"loc":{"start":{"line":485,"column":29},"end":{"line":485,"column":76}},"type":"binary-expr","locations":[{"start":{"line":485,"column":29},"end":{"line":485,"column":71}},{"start":{"line":485,"column":75},"end":{"line":485,"column":76}}]},"43":{"loc":{"start":{"line":492,"column":29},"end":{"line":492,"column":78}},"type":"binary-expr","locations":[{"start":{"line":492,"column":29},"end":{"line":492,"column":70}},{"start":{"line":492,"column":74},"end":{"line":492,"column":78}}]},"44":{"loc":{"start":{"line":498,"column":17},"end":{"line":515,"column":null}},"type":"binary-expr","locations":[{"start":{"line":498,"column":17},"end":{"line":498,"column":63}},{"start":{"line":499,"column":18},"end":{"line":514,"column":null}}]},"45":{"loc":{"start":{"line":503,"column":31},"end":{"line":503,"column":80}},"type":"binary-expr","locations":[{"start":{"line":503,"column":31},"end":{"line":503,"column":75}},{"start":{"line":503,"column":79},"end":{"line":503,"column":80}}]},"46":{"loc":{"start":{"line":510,"column":31},"end":{"line":510,"column":82}},"type":"binary-expr","locations":[{"start":{"line":510,"column":31},"end":{"line":510,"column":74}},{"start":{"line":510,"column":78},"end":{"line":510,"column":82}}]},"47":{"loc":{"start":{"line":544,"column":23},"end":{"line":544,"column":51}},"type":"binary-expr","locations":[{"start":{"line":544,"column":23},"end":{"line":544,"column":42}},{"start":{"line":544,"column":46},"end":{"line":544,"column":51}}]},"48":{"loc":{"start":{"line":550,"column":13},"end":{"line":579,"column":null}},"type":"binary-expr","locations":[{"start":{"line":550,"column":13},"end":{"line":550,"column":47}},{"start":{"line":551,"column":14},"end":{"line":578,"column":null}}]},"49":{"loc":{"start":{"line":553,"column":25},"end":{"line":553,"column":59}},"type":"binary-expr","locations":[{"start":{"line":553,"column":25},"end":{"line":553,"column":53}},{"start":{"line":553,"column":57},"end":{"line":553,"column":59}}]},"50":{"loc":{"start":{"line":558,"column":37},"end":{"line":563,"column":35}},"type":"cond-expr","locations":[{"start":{"line":558,"column":49},"end":{"line":563,"column":24}},{"start":{"line":563,"column":26},"end":{"line":563,"column":35}}]},"51":{"loc":{"start":{"line":574,"column":25},"end":{"line":574,"column":94}},"type":"binary-expr","locations":[{"start":{"line":574,"column":25},"end":{"line":574,"column":81}},{"start":{"line":574,"column":85},"end":{"line":574,"column":94}}]},"52":{"loc":{"start":{"line":590,"column":23},"end":{"line":590,"column":59}},"type":"binary-expr","locations":[{"start":{"line":590,"column":23},"end":{"line":590,"column":53}},{"start":{"line":590,"column":57},"end":{"line":590,"column":59}}]},"53":{"loc":{"start":{"line":596,"column":26},"end":{"line":596,"column":58}},"type":"binary-expr","locations":[{"start":{"line":596,"column":26},"end":{"line":596,"column":52}},{"start":{"line":596,"column":56},"end":{"line":596,"column":58}}]},"54":{"loc":{"start":{"line":604,"column":23},"end":{"line":604,"column":55}},"type":"binary-expr","locations":[{"start":{"line":604,"column":23},"end":{"line":604,"column":49}},{"start":{"line":604,"column":53},"end":{"line":604,"column":55}}]},"55":{"loc":{"start":{"line":609,"column":30},"end":{"line":609,"column":65}},"type":"binary-expr","locations":[{"start":{"line":609,"column":30},"end":{"line":609,"column":60}},{"start":{"line":609,"column":64},"end":{"line":609,"column":65}}]},"56":{"loc":{"start":{"line":617,"column":13},"end":{"line":631,"column":null}},"type":"binary-expr","locations":[{"start":{"line":617,"column":13},"end":{"line":617,"column":41}},{"start":{"line":618,"column":14},"end":{"line":630,"column":null}}]},"57":{"loc":{"start":{"line":621,"column":25},"end":{"line":621,"column":58}},"type":"binary-expr","locations":[{"start":{"line":621,"column":25},"end":{"line":621,"column":52}},{"start":{"line":621,"column":56},"end":{"line":621,"column":58}}]},"58":{"loc":{"start":{"line":637,"column":9},"end":{"line":653,"column":null}},"type":"binary-expr","locations":[{"start":{"line":637,"column":9},"end":{"line":637,"column":19}},{"start":{"line":638,"column":10},"end":{"line":652,"column":null}}]}},"s":{"0":0,"1":0,"2":0,"3":0,"4":0,"5":0,"6":0,"7":0,"8":0,"9":0,"10":0,"11":0,"12":0,"13":0,"14":0,"15":0,"16":0,"17":0,"18":0,"19":0,"20":0,"21":0,"22":0,"23":0,"24":0,"25":0,"26":0,"27":0,"28":0,"29":0,"30":0,"31":0,"32":0,"33":0,"34":0,"35":0,"36":0,"37":0,"38":0,"39":0,"40":0,"41":0,"42":0,"43":0,"44":0,"45":0,"46":0,"47":0,"48":0,"49":0,"50":0,"51":0,"52":0,"53":0,"54":0,"55":0,"56":0,"57":0,"58":0,"59":0,"60":0,"61":0,"62":0,"63":0,"64":0,"65":0,"66":0,"67":0,"68":0,"69":0,"70":0,"71":0,"72":0,"73":0,"74":0,"75":0,"76":0,"77":0,"78":0,"79":0,"80":0,"81":0,"82":0,"83":0,"84":0,"85":0,"86":0,"87":0,"88":0,"89":0,"90":0,"91":0,"92":0,"93":0,"94":0,"95":0,"96":0,"97":0,"98":0,"99":0,"100":0,"101":0,"102":0,"103":0,"104":0,"105":0,"106":0,"107":0,"108":0,"109":0,"110":0,"111":0,"112":0,"113":0,"114":0,"115":0,"116":0,"117":0,"118":0,"119":0,"120":0,"121":0,"122":0,"123":0,"124":0,"125":0,"126":0,"127":0,"128":0,"129":0,"130":0,"131":0,"132":0,"133":0,"134":0,"135":0,"136":0,"137":0,"138":0,"139":0,"140":0,"141":0,"142":0,"143":0,"144":0,"145":0,"146":0},"f":{"0":0,"1":0,"2":0,"3":0,"4":0,"5":0,"6":0,"7":0,"8":0,"9":0,"10":0,"11":0,"12":0,"13":0,"14":0,"15":0,"16":0,"17":0,"18":0,"19":0,"20":0,"21":0,"22":0,"23":0,"24":0,"25":0,"26":0,"27":0,"28":0,"29":0,"30":0,"31":0,"32":0,"33":0,"34":0,"35":0,"36":0,"37":0,"38":0,"39":0,"40":0,"41":0,"42":0,"43":0,"44":0,"45":0,"46":0},"b":{"0":[0,0],"1":[0,0],"2":[0,0],"3":[0,0],"4":[0,0],"5":[0,0],"6":[0,0],"7":[0,0],"8":[0,0],"9":[0,0],"10":[0,0],"11":[0,0],"12":[0,0],"13":[0,0],"14":[0,0],"15":[0,0],"16":[0,0],"17":[0,0],"18":[0,0],"19":[0,0],"20":[0,0],"21":[0,0],"22":[0,0],"23":[0,0],"24":[0,0],"25":[0,0],"26":[0,0],"27":[0,0],"28":[0,0],"29":[0,0],"30":[0,0],"31":[0,0],"32":[0,0],"33":[0,0],"34":[0,0],"35":[0,0],"36":[0,0,0],"37":[0,0],"38":[0,0],"39":[0,0],"40":[0,0],"41":[0,0,0],"42":[0,0],"43":[0,0],"44":[0,0],"45":[0,0],"46":[0,0],"47":[0,0],"48":[0,0],"49":[0,0],"50":[0,0],"51":[0,0],"52":[0,0],"53":[0,0],"54":[0,0],"55":[0,0],"56":[0,0],"57":[0,0],"58":[0,0]}}
,"/Users/nick/Documents/Med Sig Builder/Med-Sig-Builder/src/components/MedicationTable.tsx": {"path":"/Users/nick/Documents/Med Sig Builder/Med-Sig-Builder/src/components/MedicationTable.tsx","statementMap":{"0":{"start":{"line":13,"column":0},"end":{"line":13,"column":16}},"1":{"start":{"line":1,"column":0},"end":{"line":1,"column":26}},"2":{"start":{"line":4,"column":0},"end":{"line":4,"column":59}},"3":{"start":{"line":14,"column":2},"end":{"line":23,"column":3}},"4":{"start":{"line":15,"column":4},"end":{"line":22,"column":6}},"5":{"start":{"line":25,"column":2},"end":{"line":124,"column":4}},"6":{"start":{"line":87,"column":16},"end":{"line":116,"column":null}},"7":{"start":{"line":90,"column":33},"end":{"line":90,"column":62}}},"fnMap":{"0":{"name":"MedicationTable","decl":{"start":{"line":13,"column":16},"end":{"line":13,"column":31}},"loc":{"start":{"line":13,"column":97},"end":{"line":125,"column":1}}},"1":{"name":"(anonymous_2)","decl":{"start":{"line":86,"column":30},"end":{"line":86,"column":31}},"loc":{"start":{"line":87,"column":16},"end":{"line":116,"column":null}}},"2":{"name":"(anonymous_3)","decl":{"start":{"line":90,"column":27},"end":{"line":90,"column":30}},"loc":{"start":{"line":90,"column":33},"end":{"line":90,"column":62}}}},"branchMap":{"0":{"loc":{"start":{"line":14,"column":2},"end":{"line":23,"column":3}},"type":"if","locations":[{"start":{"line":14,"column":2},"end":{"line":23,"column":3}},{"start":{},"end":{}}]},"1":{"loc":{"start":{"line":71,"column":13},"end":{"line":118,"column":null}},"type":"cond-expr","locations":[{"start":{"line":72,"column":14},"end":{"line":83,"column":null}},{"start":{"line":86,"column":14},"end":{"line":118,"column":16}}]},"2":{"loc":{"start":{"line":97,"column":26},"end":{"line":97,"column":null}},"type":"cond-expr","locations":[{"start":{"line":97,"column":48},"end":{"line":97,"column":62}},{"start":{"line":97,"column":65},"end":{"line":97,"column":null}}]},"3":{"loc":{"start":{"line":102,"column":26},"end":{"line":102,"column":null}},"type":"cond-expr","locations":[{"start":{"line":102,"column":48},"end":{"line":102,"column":64}},{"start":{"line":102,"column":67},"end":{"line":102,"column":null}}]},"4":{"loc":{"start":{"line":105,"column":25},"end":{"line":105,"column":68}},"type":"cond-expr","locations":[{"start":{"line":105,"column":47},"end":{"line":105,"column":55}},{"start":{"line":105,"column":58},"end":{"line":105,"column":68}}]},"5":{"loc":{"start":{"line":114,"column":119},"end":{"line":114,"column":143}},"type":"binary-expr","locations":[{"start":{"line":114,"column":119},"end":{"line":114,"column":136}},{"start":{"line":114,"column":140},"end":{"line":114,"column":143}}]},"6":{"loc":{"start":{"line":115,"column":125},"end":{"line":115,"column":146}},"type":"binary-expr","locations":[{"start":{"line":115,"column":125},"end":{"line":115,"column":139}},{"start":{"line":115,"column":143},"end":{"line":115,"column":146}}]},"7":{"loc":{"start":{"line":116,"column":125},"end":{"line":116,"column":151}},"type":"binary-expr","locations":[{"start":{"line":116,"column":125},"end":{"line":116,"column":144}},{"start":{"line":116,"column":148},"end":{"line":116,"column":151}}]}},"s":{"0":0,"1":0,"2":0,"3":0,"4":0,"5":0,"6":0,"7":0},"f":{"0":0,"1":0,"2":0},"b":{"0":[0,0],"1":[0,0],"2":[0,0],"3":[0,0],"4":[0,0],"5":[0,0],"6":[0,0],"7":[0,0]}}
,"/Users/nick/Documents/Med Sig Builder/Med-Sig-Builder/src/components/RouteSelector.tsx": {"path":"/Users/nick/Documents/Med Sig Builder/Med-Sig-Builder/src/components/RouteSelector.tsx","statementMap":{"0":{"start":{"line":1,"column":0},"end":{"line":1,"column":51}},"1":{"start":{"line":3,"column":0},"end":{"line":3,"column":79}},"2":{"start":{"line":12,"column":52},"end":{"line":117,"column":1}},"3":{"start":{"line":18,"column":48},"end":{"line":18,"column":96}},"4":{"start":{"line":19,"column":30},"end":{"line":19,"column":45}},"5":{"start":{"line":22,"column":2},"end":{"line":58,"column":49}},"6":{"start":{"line":23,"column":4},"end":{"line":26,"column":5}},"7":{"start":{"line":24,"column":6},"end":{"line":24,"column":29}},"8":{"start":{"line":25,"column":6},"end":{"line":25,"column":13}},"9":{"start":{"line":29,"column":21},"end":{"line":29,"column":51}},"10":{"start":{"line":31,"column":4},"end":{"line":34,"column":5}},"11":{"start":{"line":32,"column":6},"end":{"line":32,"column":39}},"12":{"start":{"line":33,"column":6},"end":{"line":33,"column":13}},"13":{"start":{"line":37,"column":21},"end":{"line":39,"column":6}},"14":{"start":{"line":38,"column":6},"end":{"line":38,"column":79}},"15":{"start":{"line":41,"column":4},"end":{"line":41,"column":33}},"16":{"start":{"line":44,"column":4},"end":{"line":57,"column":5}},"17":{"start":{"line":44,"column":51},"end":{"line":44,"column":76}},"18":{"start":{"line":46,"column":6},"end":{"line":56,"column":7}},"19":{"start":{"line":46,"column":56},"end":{"line":46,"column":91}},"20":{"start":{"line":47,"column":8},"end":{"line":47,"column":47}},"21":{"start":{"line":50,"column":8},"end":{"line":55,"column":9}},"22":{"start":{"line":50,"column":31},"end":{"line":50,"column":64}},"23":{"start":{"line":51,"column":10},"end":{"line":51,"column":47}},"24":{"start":{"line":54,"column":10},"end":{"line":54,"column":43}},"25":{"start":{"line":60,"column":28},"end":{"line":63,"column":3}},"26":{"start":{"line":61,"column":4},"end":{"line":61,"column":30}},"27":{"start":{"line":62,"column":4},"end":{"line":62,"column":21}},"28":{"start":{"line":66,"column":43},"end":{"line":68,"column":53}},"29":{"start":{"line":71,"column":29},"end":{"line":71,"column":108}},"30":{"start":{"line":71,"column":55},"end":{"line":71,"column":80}},"31":{"start":{"line":73,"column":2},"end":{"line":116,"column":4}},"32":{"start":{"line":79,"column":25},"end":{"line":79,"column":43}},"33":{"start":{"line":93,"column":12},"end":{"line":100,"column":null}},"34":{"start":{"line":97,"column":31},"end":{"line":97,"column":61}},"35":{"start":{"line":119,"column":0},"end":{"line":119,"column":29}}},"fnMap":{"0":{"name":"(anonymous_9)","decl":{"start":{"line":12,"column":52},"end":{"line":12,"column":53}},"loc":{"start":{"line":17,"column":5},"end":{"line":117,"column":1}}},"1":{"name":"(anonymous_10)","decl":{"start":{"line":22,"column":12},"end":{"line":22,"column":15}},"loc":{"start":{"line":22,"column":17},"end":{"line":58,"column":3}}},"2":{"name":"(anonymous_11)","decl":{"start":{"line":37,"column":41},"end":{"line":37,"column":46}},"loc":{"start":{"line":37,"column":49},"end":{"line":39,"column":5}}},"3":{"name":"(anonymous_12)","decl":{"start":{"line":44,"column":46},"end":{"line":44,"column":47}},"loc":{"start":{"line":44,"column":51},"end":{"line":44,"column":76}}},"4":{"name":"(anonymous_13)","decl":{"start":{"line":46,"column":51},"end":{"line":46,"column":52}},"loc":{"start":{"line":46,"column":56},"end":{"line":46,"column":91}}},"5":{"name":"(anonymous_14)","decl":{"start":{"line":50,"column":26},"end":{"line":50,"column":27}},"loc":{"start":{"line":50,"column":31},"end":{"line":50,"column":64}}},"6":{"name":"(anonymous_15)","decl":{"start":{"line":60,"column":28},"end":{"line":60,"column":29}},"loc":{"start":{"line":60,"column":51},"end":{"line":63,"column":3}}},"7":{"name":"(anonymous_16)","decl":{"start":{"line":71,"column":50},"end":{"line":71,"column":51}},"loc":{"start":{"line":71,"column":55},"end":{"line":71,"column":80}}},"8":{"name":"(anonymous_17)","decl":{"start":{"line":79,"column":19},"end":{"line":79,"column":22}},"loc":{"start":{"line":79,"column":25},"end":{"line":79,"column":43}}},"9":{"name":"(anonymous_18)","decl":{"start":{"line":92,"column":31},"end":{"line":92,"column":36}},"loc":{"start":{"line":93,"column":12},"end":{"line":100,"column":null}}},"10":{"name":"(anonymous_19)","decl":{"start":{"line":97,"column":25},"end":{"line":97,"column":28}},"loc":{"start":{"line":97,"column":31},"end":{"line":97,"column":61}}}},"branchMap":{"0":{"loc":{"start":{"line":23,"column":4},"end":{"line":26,"column":5}},"type":"if","locations":[{"start":{"line":23,"column":4},"end":{"line":26,"column":5}},{"start":{},"end":{}}]},"1":{"loc":{"start":{"line":31,
[...]
d":{"line":595,"column":8}},"loc":{"start":{"line":595,"column":19},"end":{"line":597,"column":3}}},"46":{"name":"(anonymous_46)","decl":{"start":{"line":599,"column":2},"end":{"line":599,"column":8}},"loc":{"start":{"line":599,"column":16},"end":{"line":601,"column":3}}},"47":{"name":"(anonymous_47)","decl":{"start":{"line":603,"column":2},"end":{"line":603,"column":8}},"loc":{"start":{"line":603,"column":21},"end":{"line":605,"column":3}}},"48":{"name":"(anonymous_48)","decl":{"start":{"line":607,"column":2},"end":{"line":607,"column":8}},"loc":{"start":{"line":607,"column":22},"end":{"line":609,"column":3}}},"49":{"name":"(anonymous_49)","decl":{"start":{"line":611,"column":2},"end":{"line":611,"column":8}},"loc":{"start":{"line":611,"column":20},"end":{"line":613,"column":3}}},"50":{"name":"(anonymous_50)","decl":{"start":{"line":615,"column":2},"end":{"line":615,"column":8}},"loc":{"start":{"line":615,"column":15},"end":{"line":617,"column":3}}},"51":{"name":"(anonymous_51)","decl":{"start":{"line":619,"column":2},"end":{"line":619,"column":8}},"loc":{"start":{"line":619,"column":16},"end":{"line":621,"column":3}}},"52":{"name":"(anonymous_52)","decl":{"start":{"line":626,"column":2},"end":{"line":626,"column":10}},"loc":{"start":{"line":626,"column":10},"end":{"line":628,"column":3}}},"53":{"name":"(anonymous_53)","decl":{"start":{"line":633,"column":2},"end":{"line":633,"column":9}},"loc":{"start":{"line":633,"column":9},"end":{"line":635,"column":3}}},"54":{"name":"(anonymous_54)","decl":{"start":{"line":640,"column":2},"end":{"line":640,"column":8}},"loc":{"start":{"line":640,"column":21},"end":{"line":642,"column":3}}},"55":{"name":"(anonymous_55)","decl":{"start":{"line":647,"column":2},"end":{"line":647,"column":8}},"loc":{"start":{"line":647,"column":8},"end":{"line":652,"column":3}}},"56":{"name":"(anonymous_56)","decl":{"start":{"line":657,"column":2},"end":{"line":657,"column":8}},"loc":{"start":{"line":657,"column":33},"end":{"line":659,"column":3}}},"57":{"name":"isRoute","decl":{"start":{"line":665,"column":16},"end":{"line":665,"column":23}},"loc":{"start":{"line":665,"column":34},"end":{"line":667,"column":1}}}},"branchMap":{"0":{"loc":{"start":{"line":73,"column":2},"end":{"line":75,"column":3}},"type":"if","locations":[{"start":{"line":73,"column":2},"end":{"line":75,"column":3}},{"start":{},"end":{}}]},"1":{"loc":{"start":{"line":76,"column":2},"end":{"line":78,"column":3}},"type":"if","locations":[{"start":{"line":76,"column":2},"end":{"line":78,"column":3}},{"start":{},"end":{}}]},"2":{"loc":{"start":{"line":86,"column":2},"end":{"line":88,"column":3}},"type":"if","locations":[{"start":{"line":86,"column":2},"end":{"line":88,"column":3}},{"start":{},"end":{}}]},"3":{"loc":{"start":{"line":89,"column":2},"end":{"line":91,"column":3}},"type":"if","locations":[{"start":{"line":89,"column":2},"end":{"line":91,"column":3}},{"start":{},"end":{}}]},"4":{"loc":{"start":{"line":99,"column":2},"end":{"line":101,"column":3}},"type":"if","locations":[{"start":{"line":99,"column":2},"end":{"line":101,"column":3}},{"start":{},"end":{}}]},"5":{"loc":{"start":{"line":102,"column":2},"end":{"line":104,"column":3}},"type":"if","locations":[{"start":{"line":102,"column":2},"end":{"line":104,"column":3}},{"start":{},"end":{}}]},"6":{"loc":{"start":{"line":112,"column":9},"end":{"line":112,"column":79}},"type":"binary-expr","locations":[{"start":{"line":112,"column":9},"end":{"line":112,"column":23}},{"start":{"line":112,"column":27},"end":{"line":112,"column":52}},{"start":{"line":112,"column":56},"end":{"line":112,"column":79}}]},"7":{"loc":{"start":{"line":119,"column":9},"end":{"line":119,"column":81}},"type":"binary-expr","locations":[{"start":{"line":119,"column":9},"end":{"line":119,"column":23}},{"start":{"line":119,"column":27},"end":{"line":119,"column":52}},{"start":{"line":119,"column":56},"end":{"line":119,"column":81}}]},"8":{"loc":{"start":{"line":126,"column":9},"end":{"line":126,"column":80}},"type":"binary-expr","locations":[{"start":{"line":126,"column":9},"end":{"line":126,"column":23}},{"start":{"line":126,"column":27},"end":{"line":126,"column":52}},{"start":{"line":126,"column":56},"end":{"line":126,"column":80}}]},"9":{"loc":{"start":{"line":225,"column":4},"end":{"line":227,"column":5}},"type":"if","locations":[{"start":{"line":225,"column":4},"end":{"line":227,"column":5}},{"start":{},"end":{}}]},"10":{"loc":{"start":{"line":229,"column":11},"end":{"line":230,"column":51}},"type":"binary-expr","locations":[{"start":{"line":229,"column":11},"end":{"line":229,"column":53}},{"start":{"line":230,"column":11},"end":{"line":230,"column":51}}]},"11":{"loc":{"start":{"line":237,"column":4},"end":{"line":243,"column":5}},"type":"if","locations":[{"start":{"line":237,"column":4},"end":{"line":243,"column":5}},{"start":{"line":239,"column":11},"end":{"line":243,"column":5}}]},"12":{"loc":{"start":{"line":239,"column":11},"end":{"line":243,"column":5}},"type":"if","locations":[{"start":{"line":239,"column":11},"end":{"line":243,"column":5}},{"start":{"line":241,"column":11},"end":{"line":243,"column":5}}]},"13":{"loc":{"start":{"line":250,"column":4},"end":{"line":259,"column":5}},"type":"switch","locations":[{"start":{"line":251,"column":6},"end":{"line":252,"column":52}},{"start":{"line":253,"column":6},"end":{"line":254,"column":54}},{"start":{"line":255,"column":6},"end":{"line":256,"column":53}},{"start":{"line":257,"column":6},"end":{"line":258,"column":68}}]},"14":{"loc":{"start":{"line":329,"column":4},"end":{"line":331,"column":5}},"type":"if","locations":[{"start":{"line":329,"column":4},"end":{"line":331,"column":5}},{"start":{},"end":{}}]},"15":{"loc":{"start":{"line":332,"column":4},"end":{"line":334,"column":5}},"type":"if","locations":[{"start":{"line":332,"column":4},"end":{"line":334,"column":5}},{"start":{},"end":{}}]},"16":{"loc":{"start":{"line":335,"column":4},"end":{"line":337,"column":5}},"type":"if","locations":[{"start":{"line":335,"column":4},"end":{"line":337,"column":5}},{"start":{},"end":{}}]},"17":{"loc":{"start":{"line":357,"column":4},"end":{"line":359,"column":5}},"type":"if","locations":[{"start":{"line":357,"column":4},"end":{"line":359,"column":5}},{"start":{},"end":{}}]},"18":{"loc":{"start":{"line":360,"column":4},"end":{"line":362,"column":5}},"type":"if","locations":[{"start":{"line":360,"column":4},"end":{"line":362,"column":5}},{"start":{},"end":{}}]},"19":{"loc":{"start":{"line":405,"column":4},"end":{"line":407,"column":5}},"type":"if","locations":[{"start":{"line":405,"column":4},"end":{"line":407,"column":5}},{"start":{},"end":{}}]},"20":{"loc":{"start":{"line":415,"column":4},"end":{"line":417,"column":5}},"type":"if","locations":[{"start":{"line":415,"column":4},"end":{"line":417,"column":5}},{"start":{},"end":{}}]},"21":{"loc":{"start":{"line":425,"column":4},"end":{"line":427,"column":5}},"type":"if","locations":[{"start":{"line":425,"column":4},"end":{"line":427,"column":5}},{"start":{},"end":{}}]},"22":{"loc":{"start":{"line":435,"column":4},"end":{"line":437,"column":5}},"type":"if","locations":[{"start":{"line":435,"column":4},"end":{"line":437,"column":5}},{"start":{},"end":{}}]},"23":{"loc":{"start":{"line":445,"column":4},"end":{"line":447,"column":5}},"type":"if","locations":[{"start":{"line":445,"column":4},"end":{"line":447,"column":5}},{"start":{},"end":{}}]},"24":{"loc":{"start":{"line":455,"column":4},"end":{"line":457,"column":5}},"type":"if","locations":[{"start":{"line":455,"column":4},"end":{"line":457,"column":5}},{"start":{},"end":{}}]},"25":{"loc":{"start":{"line":465,"column":4},"end":{"line":467,"column":5}},"type":"if","locations":[{"start":{"line":465,"column":4},"end":{"line":467,"column":5}},{"start":{},"end":{}}]},"26":{"loc":{"start":{"line":469,"column":4},"end":{"line":474,"column":5}},"type":"if","locations":[{"start":{"line":469,"column":4},"end":{"line":474,"column":5}},{"start":{},"end":{}}]},"27":{"loc":{"start":{"line":469,"column":8},"end":{"line":469,"column":69}},"type":"binary-expr","locations":[{"start":{"line":469,"column":8},"end":{"line":469,"column":36}},{"start":{"line":469,"column":40},"end":{"line":469,"column":69}}]},"28":{"loc":{"start":{"line":470,"column":13},"end":{"line":473,"column":79}},"type":"binary-expr","locations":[{"start":{"line":470,"column":13},"end":{"line":470,"column":49}},{"start":{"line":471,"column":13},"end":{"line":471,"column":51}},{"start":{"line":472,"column":13},"end":{"line":472,"column":59}},{"start":{"line":473,"column":13},"end":{"line":473,"column":79}}]},"29":{"loc":{"start":{"line":476,"column":4},"end":{"line":481,"column":5}},"type":"if","locations":[{"start":{"line":476,"column":4},"end":{"line":481,"column":5}},{"start":{},"end":{}}]},"30":{"loc":{"start":{"line":476,"column":8},"end":{"line":476,"column":61}},"type":"binary-expr","locations":[{"start":{"line":476,"column":8},"end":{"line":476,"column":32}},{"start":{"line":476,"column":36},"end":{"line":476,"column":61}}]},"31":{"loc":{"start":{"line":477,"column":13},"end":{"line":480,"column":57}},"type":"binary-expr","locations":[{"start":{"line":477,"column":13},"end":{"line":477,"column":61}},{"start":{"line":478,"column":13},"end":{"line":478,"column":63}},{"start":{"line":479,"column":13},"end":{"line":479,"column":59}},{"start":{"line":480,"column":13},"end":{"line":480,"column":57}}]},"32":{"loc":{"start":{"line":497,"column":4},"end":{"line":511,"column":5}},"type":"if","locations":[{"start":{"line":497,"column":4},"end":{"line":511,"column":5}},{"start":{"line":504,"column":11},"end":{"line":511,"column":5}}]},"33":{"loc":{"start":{"line":566,"column":4},"end":{"line":568,"column":5}},"type":"if","locations":[{"start":{"line":566,"column":4},"end":{"line":568,"column":5}},{"start":{},"end":{}}]},"34":{"loc":{"start":{"line":581,"column":6},"end":{"line":583,"column":7}},"type":"if","locations":[{"start":{"line":581,"column":6},"end":{"line":583,"column":7}},{"start":{},"end":{}}]},"35":{"loc":{"start":{"line":641,"column":11},"end":{"line":641,"column":65}},"type":"binary-expr","locations":[{"start":{"line":641,"column":11},"end":{"line":641,"column":37}},{"start":{"line":641,"column":41},"end":{"line":641,"column":65}}]}},"s":{"0":1,"1":1,"2":1,"3":1,"4":1,"5":1,"6":1,"7":1,"8":1,"9":1,"10":1,"11":1,"12":26,"13":4,"14":22,"15":2,"16":20,"17":16,"18":3,"19":13,"20":2,"21":11,"22":8,"23":0,"24":8,"25":1,"26":7,"27":12,"28":8,"29":4,"30":18,"31":14,"32":7,"33":1,"34":1,"35":7,"36":6,"37":4,"38":3,"39":2,"40":0,"41":6,"42":2,"43":4,"44":2,"45":1,"46":1,"47":1,"48":0,"49":2,"50":1,"51":1,"52":0,"53":0,"54":1,"55":3,"56":18,"57":18,"58":2,"59":16,"60":1,"61":15,"62":1,"63":14,"64":5,"65":1,"66":4,"67":0,"68":4,"69":3,"70":5,"71":1,"72":1,"73":1,"74":1,"75":9,"76":9,"77":0,"78":4,"79":4,"80":0,"81":4,"82":4,"83":0,"84":2,"85":2,"86":0,"87":1,"88":1,"89":0,"90":1,"91":1,"92":0,"93":3,"94":0,"95":3,"96":2,"97":1,"98":1,"99":0,"100":2,"101":1,"102":1,"103":0,"104":1,"105":2,"106":1,"107":27,"108":27,"109":27,"110":27,"111":27,"112":27,"113":1,"114":26,"115":26,"116":26,"117":26,"118":81,"119":243,"120":25,"121":1,"122":6,"123":2,"124":0,"125":1,"126":0,"127":0,"128":0,"129":0,"130":8,"131":22,"132":2,"133":1,"134":1,"135":1,"136":2},"f":{"0":26,"1":16,"2":8,"3":12,"4":8,"5":4,"6":18,"7":14,"8":7,"9":1,"10":1,"11":7,"12":6,"13":4,"14":3,"15":2,"16":0,"17":6,"18":2,"19":2,"20":3,"21":18,"22":18,"23":5,"24":3,"25":5,"26":1,"27":1,"28":1,"29":1,"30":9,"31":4,"32":4,"33":2,"34":1,"35":1,"36":3,"37":2,"38":1,"39":2,"40":27,"41":27,"42":26,"43":243,"44":6,"45":2,"46":0,"47":1,"48":0,"49":0,"50":0,"51":0,"52":8,"53":22,"54":2,"55":1,"56":1,"57":2},"b":{"0":[4,22],"1":[2,20],"2":[3,13],"3":[2,11],"4":[0,8],"5":[1,7],"6":[12,11,11],"7":[8,8,8],"8":[4,4,4],"9":[2,4],"10":[4,3],"11":[1,1],"12":[1,0],"13":[1,1,0,0],"14":[2,16],"15":[1,15],"16":[1,14],"17":[1,4],"18":[0,4],"19":[9,0],"20":[4,0],"21":[4,0],"22":[2,0],"23":[1,0],"24":[1,0],"25":[0,3],"26":[2,1],"27":[3,2],"28":[2,1,1,1],"29":[1,0],"30":[1,1],"31":[1,1,1,1],"32":[1,0],"33":[1,26],"34":[25,56],"35":[2,1]}}
,"/Users/nick/Documents/Med Sig Builder/Med-Sig-Builder/src/utils/errorLogger.ts": {"path":"/Users/nick/Documents/Med Sig Builder/Med-Sig-Builder/src/utils/errorLogger.ts","statementMap":{"0":{"start":{"line":18,"column":10},"end":{"line":18,"column":null}},"1":{"start":{"line":19,"column":10},"end":{"line":19,"column":null}},"2":{"start":{"line":20,"column":10},"end":{"line":20,"column":null}},"3":{"start":{"line":23,"column":4},"end":{"line":23,"column":46}},"4":{"start":{"line":24,"column":4},"end":{"line":24,"column":30}},"5":{"start":{"line":29,"column":4},"end":{"line":41,"column":6}},"6":{"start":{"line":30,"column":6},"end":{"line":37,"column":9}},"7":{"start":{"line":34,"column":10},"end":{"line":34,"column":78}},"8":{"start":{"line":40,"column":6},"end":{"line":40,"column":53}},"9":{"start":{"line":44,"column":4},"end":{"line":55,"column":7}},"10":{"start":{"line":45,"column":6},"end":{"line":54,"column":9}},"11":{"start":{"line":58,"column":4},"end":{"line":66,"column":7}},"12":{"start":{"line":59,"column":6},"end":{"line":65,"column":9}},"13":{"start":{"line":70,"column":4},"end":{"line":70,"column":26}},"14":{"start":{"line":73,"column":4},"end":{"line":75,"column":5}},"15":{"start":{"line":74,"column":6},"end":{"line":74,"column":49}},"16":{"start":{"line":78,"column":4},"end":{"line":82,"column":5}},"17":{"start":{"line":79,"column":6},"end":{"line":79,"column":69}},"18":{"start":{"line":85,"column":4},"end":{"line":85,"column":43}},"19":{"start":{"line":89,"column":4},"end":{"line":89,"column":26}},"20":{"start":{"line":93,"column":4},"end":{"line":93,"column":19}},"21":{"start":{"line":94,"column":4},"end":{"line":98,"column":5}},"22":{"start":{"line":95,"column":6},"end":{"line":95,"column":45}},"23":{"start":{"line":102,"column":4},"end":{"line":102,"column":51}},"24":{"start":{"line":106,"column":4},"end":{"line":106,"column":46}},"25":{"start":{"line":110,"column":4},"end":{"line":110,"column":48}},"26":{"start":{"line":111,"column":4},"end":{"line":121,"column":7}},"27":{"start":{"line":112,"column":6},"end":{"line":112,"column":50}},"28":{"start":{"line":113,"column":6},"end":{"line":113,"column":47}},"29":{"start":{"line":114,"column":6},"end":{"line":114,"column":37}},"30":{"start":{"line":115,"column":6},"end":{"line":115,"column":43}},"31":{"start":{"line":116,"column":6},"end":{"line":116,"column":57}},"32":{"start":{"line":116,"column":22},"end":{"line":116,"column":57}},"33":{"start":{"line":117,"column":6},"end":{"line":117,"column":55}},"34":{"start":{"line":117,"column":22},"end":{"line":117,"column":55}},"35":{"start":{"line":118,"column":6},"end":{"line":118,"column":55}},"36":{"start":{"line":118,"column":21},"end":{"line":118,"column":55}},"37":{"start":{"line":119,"column":6},"end":{"line":119,"column":54}},"38":{"start":{"line":119,"column":21},"end":{"line":119,"column":54}},"39":{"start":{"line":120,"column":6},"end":{"line":120,"column":61}},"40":{"start":{"line":120,"column":21},"end":{"line":120,"column":61}},"41":{"start":{"line":122,"column":4},"end":{"line":122,"column":45}},"42":{"start":{"line":127,"column":20},"end":{"line":127,"column":37}},"43":{"start":{"line":130,"column":0},"end":{"line":132,"column":1}},"44":{"start":{"line":131,"column":3},"end":{"line":131,"column":44}},"45":{"start":{"line":134,"column":0},"end":{"line":134,"column":27}}},"fnMap":{"0":{"name":"(anonymous_0)","decl":{"start":{"line":22,"column":2},"end":{"line":22,"column":null}},"loc":{"start":{"line":22,"column":2},"end":{"line":25,"column":3}}},"1":{"name":"(anonymous_1)","decl":{"start":{"line":27,"column":10},"end":{"line":27,"column":28}},"loc":{"start":{"line":27,"column":28},"end":{"line":67,"column":3}}},"2":{"name":"(anonymous_2)","decl":{"start":{"line":29,"column":20},"end":{"line":29,"column":21}},"loc":{"start":{"line":29,"column":39},"end":{"line":41,"column":5}}},"3":{"name":"(anonymous_3)","decl":{"start":{"line":33,"column":26},"end":{"line":33,"column":29}},"loc":{"start":{"line":34,"column":10},"end":{"line":34,"column":78}}},"4":{"name":"(anonymous_4)","decl":{"start":{"line":44,"column":37},"end":{"line":44,"column":38}},"loc":{"start":{"line":44,"column":59},"end":{"line":55,"column":5}}},"5":{"name":"(anonymous_5)","decl":{"start":{"line":58,"column":50},"end":{"line":58,"column":51}},"loc":{"start":{"line":58,"column":83},"end":{"line":66,"column":5}}},"6":{"name":"(anonymous_6)","decl":{"start":{"line":69,"column":10},"end":{"line":69,"column":18}},"loc":{"start":{"line":69,"column":39},"end":{"line":86,"column":3}}},"7":{"name":"(anonymous_7)","decl":{"start":{"line":88,"column":9},"end":{"line":88,"column":16}},"loc":{"start":{"line":88,"column":16},"end":{"line":90,"column":3}}},"8":{"name":"(anonymous_8)","decl":{"start":{"line":92,"column":9},"end":{"line":92,"column":18}},"loc":{"start":{"line":92,"column":18},"end":{"line":99,"column":3}}},"9":{"name":"(anonymous_9)","decl":{"start":{"line":101,"column":9},"end":{"line":101,"column":21}},"loc":{"start":{"line":101,"column":21},"end":{"line":103,"column":3}}},"10":{"name":"(anonymous_10)","decl":{"start":{"line":105,"column":9},"end":{"line":105,"column":19}},"loc":{"start":{"line":105,"column":19},"end":{"line":107,"column":3}}},"11":{"name":"(anonymous_11)","decl":{"start":{"line":109,"column":9},"end":{"line":109,"column":18}},"loc":{"start":{"line":109,"column":18},"end":{"line":123,"column":3}}},"12":{"name":"(anonymous_12)","decl":{"start":{"line":111,"column":22},"end":{"line":111,"column":23}},"loc":{"start":{"line":111,"column":37},"end":{"line":121,"column":5}}}},"branchMap":{"0":{"loc":{"start":{"line":34,"column":10},"end":{"line":34,"column":78}},"type":"cond-expr","locations":[{"start":{"line":34,"column":36},"end":{"line":34,"column":64}},{"start":{"line":34,"column":67},"end":{"line":34,"column":78}}]},"1":{"loc":{"start":{"line":73,"column":4},"end":{"line":75,"column":5}},"type":"if","locations":[{"start":{"line":73,"column":4},"end":{"line":75,"column":5}},{"start":{},"end":{}}]},"2":{"loc":{"start":{"line":102,"column":11},"end":{"line":102,"column":50}},"type":"binary-expr","locations":[{"start":{"line":102,"column":11},"end":{"line":102,"column":42}},{"start":{"line":102,"column":46},"end":{"line":102,"column":50}}]},"3":{"loc":{"start":{"line":116,"column":6},"end":{"line":116,"column":57}},"type":"if","locations":[{"start":{"line":116,"column":6},"end":{"line":116,"column":57}},{"start":{},"end":{}}]},"4":{"loc":{"start":{"line":117,"column":6},"end":{"line":117,"column":55}},"type":"if","locations":[{"start":{"line":117,"column":6},"end":{"line":117,"column":55}},{"start":{},"end":{}}]},"5":{"loc":{"start":{"line":118,"column":6},"end":{"line":118,"column":55}},"type":"if","locations":[{"start":{"line":118,"column":6},"end":{"line":118,"column":55}},{"start":{},"end":{}}]},"6":{"loc":{"start":{"line":119,"column":6},"end":{"line":119,"column":54}},"type":"if","locations":[{"start":{"line":119,"column":6},"end":{"line":119,"column":54}},{"start":{},"end":{}}]},"7":{"loc":{"start":{"line":120,"column":6},"end":{"line":120,"column":61}},"type":"if","locations":[{"start":{"line":120,"column":6},"end":{"line":120,"column":61}},{"start":{},"end":{}}]},"8":{"loc":{"start":{"line":130,"column":0},"end":{"line":132,"column":1}},"type":"if","locations":[{"start":{"line":130,"column":0},"end":{"line":132,"column":1}},{"start":{},"end":{}}]}},"s":{"0":0,"1":0,"2":0,"3":0,"4":0,"5":0,"6":0,"7":0,"8":0,"9":0,"10":0,"11":0,"12":0,"13":0,"14":0,"15":0,"16":0,"17":0,"18":0,"19":0,"20":0,"21":0,"22":0,"23":0,"24":0,"25":0,"26":0,"27":0,"28":0,"29":0,"30":0,"31":0,"32":0,"33":0,"34":0,"35":0,"36":0,"37":0,"38":0,"39":0,"40":0,"41":0,"42":0,"43":0,"44":0,"45":0},"f":{"0":0,"1":0,"2":0,"3":0,"4":0,"5":0,"6":0,"7":0,"8":0,"9":0,"10":0,"11":0,"12":0},"b":{"0":[0,0],"1":[0,0],"2":[0,0],"3":[0,0],"4":[0,0],"5":[0,0],"6":[0,0],"7":[0,0],"8":[0,0]}}
}
