TN:
SF:src/api/medications.ts
FN:9,toDatabase
FN:45,fromDatabase
FN:86,(anonymous_2)
FN:107,(anonymous_3)
FN:124,(anonymous_4)
FN:142,(anonymous_5)
FN:154,(anonymous_6)
FNF:7
FNH:0
FNDA:0,toDatabase
FNDA:0,fromDatabase
FNDA:0,(anonymous_2)
FNDA:0,(anonymous_3)
FNDA:0,(anonymous_4)
FNDA:0,(anonymous_5)
FNDA:0,(anonymous_6)
DA:1,0
DA:5,0
DA:6,0
DA:10,0
DA:46,0
DA:85,0
DA:88,0
DA:89,0
DA:92,0
DA:97,0
DA:99,0
DA:102,0
DA:104,0
DA:108,0
DA:110,0
DA:116,0
DA:119,0
DA:121,0
DA:125,0
DA:127,0
DA:134,0
DA:137,0
DA:139,0
DA:143,0
DA:148,0
DA:151,0
DA:155,0
DA:156,0
DA:160,0
DA:161,0
DA:166,0
DA:167,0
DA:171,0
DA:172,0
DA:175,0
DA:180,0
LF:36
LH:0
BRDA:56,0,0,0
BRDA:56,0,1,0
BRDA:59,1,0,0
BRDA:59,1,1,0
BRDA:61,2,0,0
BRDA:61,2,1,0
BRDA:88,3,0,0
BRDA:88,3,1,0
BRDA:88,4,0,0
BRDA:88,4,1,0
BRDA:97,5,0,0
BRDA:97,5,1,0
BRDA:116,6,0,0
BRDA:116,6,1,0
BRDA:134,7,0,0
BRDA:134,7,1,0
BRDA:148,8,0,0
BRDA:148,8,1,0
BRDA:155,9,0,0
BRDA:155,9,1,0
BRDA:155,10,0,0
BRDA:155,10,1,0
BRDA:171,11,0,0
BRDA:171,11,1,0
BRF:24
BRH:0
end_of_record
TN:
SF:src/api/supabase.ts
FNF:0
FNH:0
DA:1,0
DA:3,0
DA:4,0
DA:6,0
DA:7,0
DA:10,0
LF:6
LH:0
BRDA:6,0,0,0
BRDA:6,0,1,0
BRDA:6,1,0,0
BRDA:6,1,1,0
BRF:4
BRH:0
end_of_record
TN:
SF:src/components/App.tsx
FN:26,App
FN:55,(anonymous_2)
FN:75,(anonymous_3)
FNF:3
FNH:0
FNDA:0,App
FNDA:0,(anonymous_2)
FNDA:0,(anonymous_3)
DA:1,0
DA:2,0
DA:3,0
DA:4,0
DA:5,0
DA:6,0
DA:8,0
DA:18,0
DA:27,0
DA:56,0
DA:76,0
DA:168,0
LF:12
LH:0
BRDA:59,0,0,0
BRDA:59,0,1,0
BRDA:79,1,0,0
BRDA:79,1,1,0
BRF:4
BRH:0
end_of_record
TN:
SF:src/components/ConnectionStatus.tsx
FN:4,(anonymous_9)
FN:8,(anonymous_10)
FN:10,(anonymous_11)
FN:25,(anonymous_12)
FN:46,(anonymous_13)
FNF:5
FNH:0
FNDA:0,(anonymous_9)
FNDA:0,(anonymous_10)
FNDA:0,(anonymous_11)
FNDA:0,(anonymous_12)
FNDA:0,(anonymous_13)
DA:1,0
DA:2,0
DA:4,0
DA:5,0
DA:6,0
DA:8,0
DA:10,0
DA:12,0
DA:13,0
DA:14,0
DA:15,0
DA:16,0
DA:20,0
DA:23,0
DA:25,0
DA:28,0
DA:29,0
DA:32,0
DA:46,0
DA:56,0
LF:20
LH:0
BRDA:14,0,0,0
BRDA:14,0,1,0
BRDA:28,1,0,0
BRDA:28,1,1,0
BRF:4
BRH:0
end_of_record
TN:
SF:src/components/ErrorBoundary.tsx
FN:14,(anonymous_9)
FN:67,(anonymous_10)
FN:75,(anonymous_11)
FN:91,(anonymous_12)
FN:93,(anonymous_13)
FN:109,(anonymous_14)
FN:120,(anonymous_15)
FN:132,(anonymous_16)
FN:22,(anonymous_17)
FN:30,(anonymous_18)
FN:158,(anonymous_19)
FNF:11
FNH:0
FNDA:0,(anonymous_9)
FNDA:0,(anonymous_10)
FNDA:0,(anonymous_11)
FNDA:0,(anonymous_12)
FNDA:0,(anonymous_13)
FNDA:0,(anonymous_14)
FNDA:0,(anonymous_15)
FNDA:0,(anonymous_16)
FNDA:0,(anonymous_17)
FNDA:0,(anonymous_18)
FNDA:0,(anonymous_19)
DA:1,0
DA:15,0
DA:23,0
DA:31,0
DA:32,0
DA:33,0
DA:34,0
DA:35,0
DA:36,0
DA:39,0
DA:45,0
DA:54,0
DA:55,0
DA:56,0
DA:58,0
DA:59,0
DA:61,0
DA:63,0
DA:67,0
DA:68,0
DA:70,0
DA:71,0
DA:75,0
DA:76,0
DA:77,0
DA:88,0
DA:91,0
DA:92,0
DA:95,0
DA:96,0
DA:97,0
DA:98,0
DA:99,0
DA:100,0
DA:101,0
DA:104,0
DA:105,0
DA:109,0
DA:110,0
DA:112,0
DA:113,0
DA:116,0
DA:118,0
DA:119,0
DA:120,0
DA:121,0
DA:122,0
DA:123,0
DA:124,0
DA:125,0
DA:126,0
DA:130,0
DA:131,0
DA:132,0
DA:133,0
DA:134,0
DA:135,0
DA:136,0
DA:137,0
DA:138,0
DA:139,0
DA:143,0
DA:144,0
DA:147,0
DA:148,0
DA:151,0
DA:153,0
DA:154,0
DA:159,0
DA:160,0
DA:260,0
DA:264,0
LF:72
LH:0
BRDA:70,0,0,0
BRDA:70,0,1,0
BRDA:84,1,0,0
BRDA:84,1,1,0
BRDA:85,2,0,0
BRDA:85,2,1,0
BRDA:112,3,0,0
BRDA:112,3,1,0
BRDA:113,4,0,0
BRDA:113,4,1,0
BRDA:118,5,0,0
BRDA:118,5,1,0
BRDA:130,6,0,0
BRDA:130,6,1,0
BRDA:136,7,0,0
BRDA:136,7,1,0
BRDA:137,8,0,0
BRDA:137,8,1,0
BRDA:138,9,0,0
BRDA:138,9,1,0
BRDA:143,10,0,0
BRDA:143,10,1,0
BRDA:143,11,0,0
BRDA:143,11,1,0
BRDA:26,12,0,0
BRDA:26,12,1,0
BRDA:41,13,0,0
BRDA:41,13,1,0
BRDA:55,14,0,0
BRDA:55,14,1,0
BRDA:58,15,0,0
BRDA:58,15,1,0
BRDA:159,16,0,0
BRDA:159,16,1,0
BRDA:165,17,0,0
BRDA:165,17,1,0
BRDA:175,18,0,0
BRDA:175,18,1,0
BRF:38
BRH:0
end_of_record
TN:
SF:src/components/FHIRStructureViewer.tsx
FN:8,(anonymous_9)
FN:11,(anonymous_10)
FN:21,(anonymous_11)
FN:40,(anonymous_12)
FN:47,(anonymous_13)
FN:69,(anonymous_14)
FN:76,(anonymous_15)
FNF:7
FNH:0
FNDA:0,(anonymous_9)
FNDA:0,(anonymous_10)
FNDA:0,(anonymous_11)
FNDA:0,(anonymous_12)
FNDA:0,(anonymous_13)
FNDA:0,(anonymous_14)
FNDA:0,(anonymous_15)
DA:1,0
DA:2,0
DA:8,0
DA:9,0
DA:11,0
DA:12,0
DA:13,0
DA:14,0
DA:16,0
DA:18,0
DA:21,0
DA:22,0
DA:23,0
DA:26,0
DA:27,0
DA:30,0
DA:31,0
DA:32,0
DA:35,0
DA:36,0
DA:40,0
DA:48,0
DA:58,0
DA:59,0
DA:60,0
DA:61,0
DA:64,0
DA:65,0
DA:69,0
DA:77,0
DA:88,0
DA:91,0
DA:101,0
LF:33
LH:0
BRDA:13,0,0,0
BRDA:13,0,1,0
BRDA:21,1,0,0
BRDA:21,2,0,0
BRDA:22,3,0,0
BRDA:22,3,1,0
BRDA:22,4,0,0
BRDA:22,4,1,0
BRDA:26,5,0,0
BRDA:26,5,1,0
BRDA:26,6,0,0
BRDA:26,6,1,0
BRDA:26,6,2,0
BRDA:30,7,0,0
BRDA:30,7,1,0
BRDA:31,8,0,0
BRDA:31,8,1,0
BRDA:42,9,0,0
BRDA:42,9,1,0
BRDA:45,10,0,0
BRDA:45,10,1,0
BRDA:58,11,0,0
BRDA:58,11,1,0
BRDA:60,12,0,0
BRDA:60,12,1,0
BRDA:71,13,0,0
BRDA:71,13,1,0
BRDA:74,14,0,0
BRDA:74,14,1,0
BRF:29
BRH:0
end_of_record
TN:
SF:src/components/MarekLogo.tsx
FN:1,MarekLogo
FNF:1
FNH:0
FNDA:0,MarekLogo
DA:1,0
DA:2,0
LF:2
LH:0
BRDA:1,0,0,0
BRF:1
BRH:0
end_of_record
TN:
SF:src/components/MedicationControls.tsx
FN:31,MedicationControls
FN:48,(anonymous_2)
FN:56,(anonymous_3)
FN:112,PaginationControls
FN:133,(anonymous_5)
FN:139,(anonymous_6)
FN:145,(anonymous_7)
FN:163,(anonymous_8)
FN:172,(anonymous_9)
FNF:9
FNH:0
FNDA:0,MedicationControls
FNDA:0,(anonymous_2)
FNDA:0,(anonymous_3)
FNDA:0,PaginationControls
FNDA:0,(anonymous_5)
FNDA:0,(anonymous_6)
FNDA:0,(anonymous_7)
FNDA:0,(anonymous_8)
FNDA:0,(anonymous_9)
DA:1,0
DA:2,0
DA:3,0
DA:4,0
DA:5,0
DA:6,0
DA:7,0
DA:31,0
DA:38,0
DA:48,0
DA:56,0
DA:112,0
DA:113,0
DA:114,0
DA:116,0
DA:133,0
DA:139,0
DA:145,0
DA:163,0
DA:172,0
LF:20
LH:0
BRF:0
BRH:0
end_of_record
TN:
SF:src/components/MedicationManager.tsx
FN:24,(anonymous_10)
FN:45,(anonymous_11)
FN:78,(anonymous_12)
FN:103,(anonymous_13)
FN:107,(anonymous_14)
FN:118,(anonymous_15)
FN:128,(anonymous_16)
FN:130,(anonymous_17)
FN:146,(anonymous_18)
FN:153,(anonymous_19)
FN:159,(anonymous_20)
FN:173,(anonymous_21)
FN:200,(anonymous_22)
FN:206,(anonymous_23)
FN:207,(anonymous_24)
FN:214,(anonymous_25)
FN:221,(anonymous_26)
FN:222,(anonymous_27)
FN:256,(anonymous_28)
FN:257,(anonymous_29)
FN:272,(anonymous_30)
FN:273,(anonymous_31)
FN:275,(anonymous_32)
FN:377,(anonymous_33)
FN:384,(anonymous_34)
FN:396,(anonymous_35)
FN:401,(anonymous_36)
FN:413,(anonymous_37)
FN:424,(anonymous_38)
FN:433,(anonymous_39)
FN:442,(anonymous_40)
FN:456,(anonymous_41)
FN:466,(anonymous_42)
FN:476,(anonymous_43)
FN:486,(anonymous_44)
FN:493,(anonymous_45)
FN:504,(anonymous_46)
FN:511,(anonymous_47)
FN:536,(anonymous_48)
FN:542,(anonymous_49)
FN:554,(anonymous_50)
FN:572,(anonymous_51)
FN:574,(anonymous_52)
FN:591,(anonymous_53)
FN:605,(anonymous_54)
FN:622,(anonymous_55)
FN:646,(anonymous_56)
FNF:47
FNH:0
FNDA:0,(anonymous_10)
FNDA:0,(anonymous_11)
FNDA:0,(anonymous_12)
FNDA:0,(anonymous_13)
FNDA:0,(anonymous_14)
FNDA:0,(anonymous_15)
FNDA:0,(anonymous_16)
FNDA:0,(anonymous_17)
FNDA:0,(anonymous_18)
FNDA:0,(anonymous_19)
FNDA:0,(anonymous_20)
FNDA:0,(anonymous_21)
FNDA:0,(anonymous_22)
FNDA:0,(anonymous_23)
FNDA:0,(anonymous_24)
FNDA:0,(anonymous_25)
FNDA:0,(anonymous_26)
FNDA:0,(anonymous_27)
FNDA:0,(anonymous_28)
FNDA:0,(anonymous_29)
FNDA:0,(anonymous_30)
FNDA:0,(anonymous_31)
FNDA:0,(anonymous_32)
FNDA:0,(anonymous_33)
FNDA:0,(anonymous_34)
FNDA:0,(anonymous_35)
FNDA:0,(anonymous_36)
FNDA:0,(anonymous_37)
FNDA:0,(anonymous_38)
FNDA:0,(anonymous_39)
FNDA:0,(anonymous_40)
FNDA:0,(anonymous_41)
FNDA:0,(anonymous_42)
FNDA:0,(anonymous_43)
FNDA:0,(anonymous_44)
FNDA:0,(anonymous_45)
FNDA:0,(anonymous_46)
FNDA:0,(anonymous_47)
FNDA:0,(anonymous_48)
FNDA:0,(anonymous_49)
FNDA:0,(anonymous_50)
FNDA:0,(anonymous_51)
FNDA:0,(anonymous_52)
FNDA:0,(anonymous_53)
FNDA:0,(anonymous_54)
FNDA:0,(anonymous_55)
FNDA:0,(anonymous_56)
DA:1,0
DA:3,0
DA:4,0
DA:5,0
DA:6,0
DA:7,0
DA:8,0
DA:9,0
DA:10,0
DA:11,0
DA:12,0
DA:13,0
DA:14,0
DA:15,0
DA:24,0
DA:45,0
DA:59,0
DA:62,0
DA:63,0
DA:64,0
DA:65,0
DA:66,0
DA:67,0
DA:68,0
DA:71,0
DA:72,0
DA:73,0
DA:74,0
DA:75,0
DA:78,0
DA:79,0
DA:80,0
DA:82,0
DA:84,0
DA:87,0
DA:88,0
DA:89,0
DA:90,0
DA:91,0
DA:94,0
DA:95,0
DA:96,0
DA:98,0
DA:103,0
DA:104,0
DA:106,0
DA:107,0
DA:109,0
DA:112,0
DA:113,0
DA:114,0
DA:117,0
DA:118,0
DA:127,0
DA:128,0
DA:130,0
DA:146,0
DA:147,0
DA:148,0
DA:149,0
DA:150,0
DA:153,0
DA:154,0
DA:155,0
DA:156,0
DA:159,0
DA:160,0
DA:161,0
DA:164,0
DA:165,0
DA:166,0
DA:167,0
DA:169,0
DA:173,0
DA:174,0
DA:175,0
DA:178,0
DA:185,0
DA:186,0
DA:188,0
DA:191,0
DA:192,0
DA:194,0
DA:196,0
DA:200,0
DA:201,0
DA:202,0
DA:206,0
DA:207,0
DA:208,0
DA:209,0
DA:210,0
DA:211,0
DA:214,0
DA:216,0
DA:221,0
DA:222,0
DA:223,0
DA:224,0
DA:225,0
DA:226,0
DA:227,0
DA:228,0
DA:229,0
DA:239,0
DA:240,0
DA:252,0
DA:256,0
DA:257,0
DA:272,0
DA:273,0
DA:275,0
DA:279,0
DA:280,0
DA:329,0
DA:377,0
DA:384,0
DA:396,0
DA:402,0
DA:413,0
DA:424,0
DA:433,0
DA:442,0
DA:457,0
DA:466,0
DA:476,0
DA:486,0
DA:493,0
DA:504,0
DA:511,0
DA:536,0
DA:543,0
DA:555,0
DA:556,0
DA:573,0
DA:574,0
DA:591,0
DA:605,0
DA:622,0
DA:646,0
DA:660,0
LF:141
LH:0
BRDA:79,0,0,0
BRDA:79,0,1,0
BRDA:82,1,0,0
BRDA:82,1,1,0
BRDA:83,2,0,0
BRDA:83,2,1,0
BRDA:83,3,0,0
BRDA:83,3,1,0
BRDA:88,4,0,0
BRDA:88,4,1,0
BRDA:88,5,0,0
BRDA:88,5,1,0
BRDA:90,6,0,0
BRDA:90,6,1,0
BRDA:104,7,0,0
BRDA:104,7,1,0
BRDA:113,8,0,0
BRDA:113,8,1,0
BRDA:117,9,0,0
BRDA:117,9,1,0
BRDA:117,10,0,0
BRDA:117,10,1,0
BRDA:121,11,0,0
BRDA:121,11,1,0
BRDA:127,12,0,0
BRDA:127,12,1,0
BRDA:130,13,0,0
BRDA:130,13,1,0
BRDA:133,14,0,0
BRDA:133,14,1,0
BRDA:135,15,0,0
BRDA:135,15,1,0
BRDA:136,16,0,0
BRDA:136,16,1,0
BRDA:136,17,0,0
BRDA:136,17,1,0
BRDA:160,18,0,0
BRDA:160,18,1,0
BRDA:160,19,0,0
BRDA:160,19,1,0
BRDA:185,20,0,0
BRDA:185,20,1,0
BRDA:208,21,0,0
BRDA:208,21,1,0
BRDA:209,22,0,0
BRDA:209,22,1,0
BRDA:210,23,0,0
BRDA:210,23,1,0
BRDA:223,24,0,0
BRDA:223,24,1,0
BRDA:224,25,0,0
BRDA:224,25,1,0
BRDA:226,26,0,0
BRDA:226,26,1,0
BRDA:228,27,0,0
BRDA:228,27,1,0
BRDA:239,28,0,0
BRDA:239,28,1,0
BRDA:260,29,0,0
BRDA:260,29,1,0
BRDA:265,30,0,0
BRDA:265,30,1,0
BRDA:275,31,0,0
BRDA:275,31,1,0
BRDA:279,32,0,0
BRDA:279,32,1,0
BRDA:283,33,0,0
BRDA:283,33,1,0
BRDA:341,34,0,0
BRDA:341,34,1,0
BRDA:345,35,0,0
BRDA:345,35,1,0
BRDA:359,36,0,0
BRDA:359,36,1,0
BRDA:359,36,2,0
BRDA:363,37,0,0
BRDA:363,37,1,0
BRDA:423,38,0,0
BRDA:423,38,1,0
BRDA:432,39,0,0
BRDA:432,39,1,0
BRDA:441,40,0,0
BRDA:441,40,1,0
BRDA:462,41,0,0
BRDA:462,41,1,0
BRDA:462,41,2,0
BRDA:485,42,0,0
BRDA:485,42,1,0
BRDA:492,43,0,0
BRDA:492,43,1,0
BRDA:498,44,0,0
BRDA:498,44,1,0
BRDA:503,45,0,0
BRDA:503,45,1,0
BRDA:510,46,0,0
BRDA:510,46,1,0
BRDA:544,47,0,0
BRDA:544,47,1,0
BRDA:550,48,0,0
BRDA:550,48,1,0
BRDA:553,49,0,0
BRDA:553,49,1,0
BRDA:558,50,0,0
BRDA:558,50,1,0
BRDA:574,51,0,0
BRDA:574,51,1,0
BRDA:590,52,0,0
BRDA:590,52,1,0
BRDA:596,53,0,0
BRDA:596,53,1,0
BRDA:604,54,0,0
BRDA:604,54,1,0
BRDA:609,55,0,0
BRDA:609,55,1,0
BRDA:617,56,0,0
BRDA:617,56,1,0
BRDA:621,57,0,0
BRDA:621,57,1,0
BRDA:637,58,0,0
BRDA:637,58,1,0
BRF:120
BRH:0
end_of_record
TN:
SF:src/components/MedicationTable.tsx
FN:13,MedicationTable
FN:86,(anonymous_2)
FN:90,(anonymous_3)
FNF:3
FNH:0
FNDA:0,MedicationTable
FNDA:0,(anonymous_2)
FNDA:0,(anonymous_3)
DA:1,0
DA:4,0
DA:13,0
DA:14,0
DA:15,0
DA:25,0
DA:87,0
DA:90,0
LF:8
LH:0
BRDA:14,0,0,0
BRDA:14,0,1,0
BRDA:71,1,0,0
BRDA:71,1,1,0
BRDA:97,2,0,0
BRDA:97,2,1,0
BRDA:102,3,0,0
BRDA:102,3,1,0
BRDA:105,4,0,0
BRDA:105,4,1,0
BRDA:114,5,0,0
BRDA:114,5,1,0
BRDA:115,6,0,0
BRDA:115,6,1,0
BRDA:116,7,0,0
BRDA:116,7,1,0
BRF:16
BRH:0
end_of_record
TN:
SF:src/components/RouteSelector.tsx
FN:12,(anonymous_9)
FN:22,(anonymous_10)
FN:37,(anonymous_11)
FN:44,(anonymous_12)
FN:46,(anonymous_13)
FN:50,(anonymous_14)
FN:60,(anonymous_15)
FN:71,(anonymous_16)
FN:79,(anonymous_17)
FN:92,(anonymous_18)
FN:97,(anonymous_19)
FNF:11
FNH:0
FNDA:0,(anonymous_9)
FNDA:0,(anonymous_10)
FNDA:0,(anonymous_11)
FNDA:0,(anonymous_12)
FNDA:0,(anonymous_13)
FNDA:0,(anonymous_14)
FNDA:0,(anonymous_15)
FNDA:0,(anonymous_16)
FNDA:0,(anonymous_17)
FNDA:0,(anonymous_18)
FNDA:0,(anonymous_19)
DA:1,0
DA:3,0
DA:12,0
DA:18,0
DA:19,0
DA:22,0
DA:23,0
DA:24,0
DA:25,0
DA:29,0
DA:31,0
DA:32,0
DA:33,0
DA:37,0
DA:38,0
DA:41,0
DA:44,0
DA:46,0
DA:47,0
DA:50,0
DA:51,0
DA:54,0
DA:60,0
DA:61,0
DA:62,0
DA:66,0
DA:71,0
DA:73,0
DA:79,0
DA:93,0
DA:97,0
DA:119,0
LF:32
LH:0
BRDA:23,0,0,0
BRDA:23,0,1,0
BRDA:31,1,0,0
BRDA:31,1,1,0
BRDA:44,2,0,0
BRDA:44,2,1,0
BRDA:44,3,0,0
BRDA:44,3,1,0
BRDA:46,4,0,0
BRDA:46,4,1,0
BRDA:46,5,0,0
BRDA:46,5,1,0
BRDA:50,6,0,0
BRDA:50,6,1,0
BRDA:66,7,0,0
BRDA:66,7,1,0
BRDA:66,7,2,0
BRDA:71,8,0,0
BRDA:71,8,1,0
BRDA:77,9,0,0
BRDA:77,9,1,0
BRDA:81,10,0,0
BRDA:81,10,1,0
BRDA:84,11,0,0
BRDA:84,11,1,0
BRDA:85,12,0,0
BRDA:85,12,1,0
BRDA:89,13,0,0
BRDA:89,13,1,0
BRDA:104,14,0,0
BRDA:104,14,1,0
BRDA:107,15,0,0
BRDA:107,15,1,0
BRF:33
BRH:0
end_of_record
TN:
SF:src/components/SignatureBuilder.tsx
FN:67,(anonymous_10)
FN:99,(anonymous_11)
FN:102,(anonymous_12)
FN:128,(anonymous_13)
FN:134,(anonymous_14)
FN:141,(anonymous_15)
FN:170,(anonymous_16)
FN:186,(anonymous_17)
FN:211,(anonymous_18)
FN:224,(anonymous_19)
FN:231,(anonymous_20)
FN:236,(anonymous_21)
FN:241,(anonymous_22)
FN:292,(anonymous_23)
FN:298,(anonymous_24)
FN:299,(anonymous_25)
FN:324,(anonymous_26)
FN:346,(anonymous_27)
FN:347,(anonymous_28)
FN:348,(anonymous_29)
FN:361,(anonymous_30)
FN:385,(anonymous_31)
FN:390,(anonymous_32)
FN:457,(anonymous_33)
FN:467,(anonymous_34)
FN:480,(anonymous_35)
FN:492,(anonymous_36)
FN:511,(anonymous_37)
FN:538,(anonymous_38)
FN:548,(anonymous_39)
FN:558,(anonymous_40)
FN:576,(anonymous_41)
FN:609,(anonymous_42)
FNF:33
FNH:0
FNDA:0,(anonymous_10)
FNDA:0,(anonymous_11)
FNDA:0,(anonymous_12)
FNDA:0,(anonymous_13)
FNDA:0,(anonymous_14)
FNDA:0,(anonymous_15)
FNDA:0,(anonymous_16)
FNDA:0,(anonymous_17)
FNDA:0,(anonymous_18)
FNDA:0,(anonymous_19)
FNDA:0,(anonymous_20)
FNDA:0,(anonymous_21)
FNDA:0,(anonymous_22)
FNDA:0,(anonymous_23)
FNDA:0,(anonymous_24)
FNDA:0,(anonymous_25)
FNDA:0,(anonymous_26)
FNDA:0,(anonymous_27)
FNDA:0,(anonymous_28)
FNDA:0,(anonymous_29)
FNDA:0,(anonymous_30)
FNDA:0,(anonymous_31)
FNDA:0,(anonymous_32)
FNDA:0,(anonymous_33)
FNDA:0,(anonymous_34)
FNDA:0,(anonymous_35)
FNDA:0,(anonymous_36)
FNDA:0,(anonymous_37)
FNDA:0,(anonymous_38)
FNDA:0,(anonymous_39)
FNDA:0,(anonymous_40)
FNDA:0,(anonymous_41)
FNDA:0,(anonymous_42)
DA:1,0
DA:3,0
DA:12,0
DA:13,0
DA:14,0
DA:15,0
DA:24,0
DA:25,0
DA:27,0
DA:28,0
DA:29,0
DA:36,0
DA:49,0
DA:67,0
DA:83,0
DA:84,0
DA:85,0
DA:86,0
DA:87,0
DA:88,0
DA:91,0
DA:92,0
DA:93,0
DA:94,0
DA:95,0
DA:96,0
DA:99,0
DA:100,0
DA:102,0
DA:103,0
DA:104,0
DA:105,0
DA:106,0
DA:108,0
DA:109,0
DA:110,0
DA:113,0
DA:115,0
DA:116,0
DA:117,0
DA:120,0
DA:121,0
DA:126,0
DA:128,0
DA:129,0
DA:134,0
DA:135,0
DA:136,0
DA:141,0
DA:142,0
DA:143,0
DA:144,0
DA:145,0
DA:148,0
DA:149,0
DA:150,0
DA:151,0
DA:152,0
DA:153,0
DA:156,0
DA:157,0
DA:158,0
DA:160,0
DA:170,0
DA:171,0
DA:172,0
DA:176,0
DA:177,0
DA:178,0
DA:179,0
DA:182,0
DA:186,0
DA:187,0
DA:189,0
DA:191,0
DA:192,0
DA:194,0
DA:200,0
DA:207,0
DA:211,0
DA:212,0
DA:213,0
DA:214,0
DA:215,0
DA:217,0
DA:218,0
DA:224,0
DA:225,0
DA:226,0
DA:229,0
DA:230,0
DA:231,0
DA:236,0
DA:237,0
DA:241,0
DA:242,0
DA:244,0
DA:245,0
DA:246,0
DA:247,0
DA:248,0
DA:249,0
DA:252,0
DA:253,0
DA:257,0
DA:259,0
DA:260,0
DA:263,0
DA:264,0
DA:267,0
DA:271,0
DA:272,0
DA:274,0
DA:279,0
DA:280,0
DA:281,0
DA:282,0
DA:283,0
DA:284,0
DA:288,0
DA:292,0
DA:293,0
DA:296,0
DA:297,0
DA:298,0
DA:300,0
DA:301,0
DA:307,0
DA:308,0
DA:312,0
DA:324,0
DA:325,0
DA:327,0
DA:328,0
DA:330,0
DA:331,0
DA:333,0
DA:334,0
DA:337,0
DA:340,0
DA:341,0
DA:342,0
DA:343,0
DA:346,0
DA:347,0
DA:348,0
DA:350,0
DA:361,0
DA:386,0
DA:390,0
DA:457,0
DA:467,0
DA:480,0
DA:493,0
DA:512,0
DA:539,0
DA:549,0
DA:559,0
DA:576,0
DA:609,0
DA:634,0
LF:161
LH:0
BRDA:108,0,0,0
BRDA:108,0,1,0
BRDA:115,1,0,0
BRDA:115,1,1,0
BRDA:116,2,0,0
BRDA:116,2,1,0
BRDA:120,3,0,0
BRDA:120,3,1,0
BRDA:135,4,0,0
BRDA:135,4,1,0
BRDA:135,5,0,0
BRDA:135,5,1,0
BRDA:142,6,0,0
BRDA:142,6,1,0
BRDA:148,7,0,0
BRDA:148,7,1,0
BRDA:148,8,0,0
BRDA:148,8,1,0
BRDA:151,9,0,0
BRDA:151,9,1,0
BRDA:156,10,0,0
BRDA:156,10,1,0
BRDA:171,11,0,0
BRDA:171,11,1,0
BRDA:176,12,0,0
BRDA:176,12,1,0
BRDA:178,13,0,0
BRDA:178,13,1,0
BRDA:178,14,0,0
BRDA:178,14,1,0
BRDA:187,15,0,0
BRDA:187,15,1,0
BRDA:189,16,0,0
BRDA:189,16,1,0
BRDA:189,17,0,0
BRDA:189,17,1,0
BRDA:189,17,2,0
BRDA:191,18,0,0
BRDA:191,18,1,0
BRDA:192,19,0,0
BRDA:192,19,1,0
BRDA:202,20,0,0
BRDA:202,20,1,0
BRDA:212,21,0,0
BRDA:212,21,1,0
BRDA:212,22,0,0
BRDA:212,22,1,0
BRDA:214,23,0,0
BRDA:214,23,1,0
BRDA:215,24,0,0
BRDA:215,24,1,0
BRDA:229,25,0,0
BRDA:229,25,1,0
BRDA:242,26,0,0
BRDA:242,26,1,0
BRDA:252,27,0,0
BRDA:252,27,1,0
BRDA:252,28,0,0
BRDA:252,28,1,0
BRDA:257,29,0,0
BRDA:257,29,1,0
BRDA:259,30,0,0
BRDA:259,30,1,0
BRDA:263,31,0,0
BRDA:263,31,1,0
BRDA:263,32,0,0
BRDA:263,32,1,0
BRDA:271,33,0,0
BRDA:271,33,1,0
BRDA:279,34,0,0
BRDA:279,34,1,0
BRDA:280,35,0,0
BRDA:280,35,1,0
BRDA:281,36,0,0
BRDA:281,36,1,0
BRDA:283,37,0,0
BRDA:283,37,1,0
BRDA:293,38,0,0
BRDA:293,38,1,0
BRDA:293,39,0,0
BRDA:293,39,1,0
BRDA:296,40,0,0
BRDA:296,40,1,0
BRDA:312,41,0,0
BRDA:312,41,1,0
BRDA:312,42,0,0
BRDA:312,42,1,0
BRDA:312,42,2,0
BRDA:312,42,3,0
BRDA:325,43,0,0
BRDA:325,43,1,0
BRDA:330,44,0,0
BRDA:330,44,1,0
BRDA:330,45,0,0
BRDA:330,45,1,0
BRDA:333,46,0,0
BRDA:333,46,1,0
BRDA:333,47,0,0
BRDA:333,47,1,0
BRDA:337,48,0,0
BRDA:337,48,1,0
BRDA:341,49,0,0
BRDA:341,49,1,0
BRDA:342,50,0,0
BRDA:342,50,1,0
BRDA:355,51,0,0
BRDA:355,51,1,0
BRDA:365,52,0,0
BRDA:365,52,1,0
BRDA:368,53,0,0
BRDA:368,53,1,0
BRDA:370,54,0,0
BRDA:370,54,1,0
BRDA:375,55,0,0
BRDA:375,55,1,0
BRDA:380,56,0,0
BRDA:380,56,1,0
BRDA:395,57,0,0
BRDA:395,57,1,0
BRDA:396,58,0,0
BRDA:396,58,1,0
BRDA:408,59,0,0
BRDA:408,59,1,0
BRDA:412,60,0,0
BRDA:412,60,1,0
BRDA:417,61,0,0
BRDA:417,61,1,0
BRDA:422,62,0,0
BRDA:422,62,1,0
BRDA:428,63,0,0
BRDA:428,63,1,0
BRDA:433,64,0,0
BRDA:433,64,1,0
BRDA:443,65,0,0
BRDA:443,65,1,0
BRDA:452,66,0,0
BRDA:452,66,1,0
BRDA:459,67,0,0
BRDA:459,67,1,0
BRDA:461,68,0,0
BRDA:461,68,1,0
BRDA:482,69,0,0
BRDA:482,69,1,0
BRDA:484,70,0,0
BRDA:484,70,1,0
BRDA:486,71,0,0
BRDA:486,71,1,0
BRDA:506,72,0,0
BRDA:506,72,1,0
BRDA:509,73,0,0
BRDA:509,73,1,0
BRDA:513,74,0,0
BRDA:513,74,1,0
BRDA:514,75,0,0
BRDA:514,75,1,0
BRDA:535,76,0,0
BRDA:535,76,1,0
BRDA:545,77,0,0
BRDA:545,77,1,0
BRDA:555,78,0,0
BRDA:555,78,1,0
BRDA:571,79,0,0
BRDA:571,79,1,0
BRDA:583,80,0,0
BRDA:583,80,1,0
BRDA:592,81,0,0
BRDA:592,81,1,0
BRDA:602,82,0,0
BRDA:602,82,1,0
BRDA:612,83,0,0
BRDA:612,83,1,0
BRDA:620,84,0,0
BRDA:620,84,1,0
BRF:173
BRH:0
end_of_record
TN:
SF:src/components/SignatureResult.tsx
FN:32,(anonymous_10)
FN:58,(anonymous_11)
FN:63,(anonymous_12)
FN:70,(anonymous_13)
FN:75,(anonymous_14)
FN:135,(anonymous_15)
FN:145,(anonymous_16)
FNF:7
FNH:0
FNDA:0,(anonymous_10)
FNDA:0,(anonymous_11)
FNDA:0,(anonymous_12)
FNDA:0,(anonymous_13)
FNDA:0,(anonymous_14)
FNDA:0,(anonymous_15)
FNDA:0,(anonymous_16)
DA:1,0
DA:3,0
DA:4,0
DA:6,0
DA:7,0
DA:9,0
DA:10,0
DA:32,0
DA:41,0
DA:42,0
DA:43,0
DA:44,0
DA:47,0
DA:58,0
DA:59,0
DA:60,0
DA:61,0
DA:62,0
DA:63,0
DA:65,0
DA:70,0
DA:71,0
DA:72,0
DA:73,0
DA:74,0
DA:75,0
DA:77,0
DA:82,0
DA:83,0
DA:91,0
DA:135,0
DA:145,0
DA:249,0
LF:33
LH:0
BRDA:47,0,0,0
BRDA:47,0,1,0
BRDA:47,1,0,0
BRDA:47,1,1,0
BRDA:47,1,2,0
BRDA:47,1,3,0
BRDA:59,2,0,0
BRDA:59,2,1,0
BRDA:71,3,0,0
BRDA:71,3,1,0
BRDA:82,4,0,0
BRDA:82,4,1,0
BRDA:96,5,0,0
BRDA:96,5,1,0
BRDA:120,6,0,0
BRDA:120,6,1,0
BRDA:123,7,0,0
BRDA:123,7,1,0
BRDA:128,8,0,0
BRDA:128,8,1,0
BRDA:129,9,0,0
BRDA:129,9,1,0
BRDA:138,10,0,0
BRDA:138,10,1,0
BRDA:139,11,0,0
BRDA:139,11,1,0
BRDA:156,12,0,0
BRDA:156,12,1,0
BRDA:156,12,2,0
BRDA:174,13,0,0
BRDA:174,13,1,0
BRDA:186,14,0,0
BRDA:186,14,1,0
BRDA:190,15,0,0
BRDA:190,15,1,0
BRDA:192,16,0,0
BRDA:192,16,1,0
BRDA:198,17,0,0
BRDA:198,17,1,0
BRDA:204,18,0,0
BRDA:204,18,1,0
BRDA:219,19,0,0
BRDA:219,19,1,0
BRDA:224,20,0,0
BRDA:224,20,1,0
BRDA:227,21,0,0
BRDA:227,21,1,0
BRDA:232,22,0,0
BRDA:232,22,1,0
BRDA:233,23,0,0
BRDA:233,23,1,0
BRF:51
BRH:0
end_of_record
TN:
SF:src/components/ui/alert.tsx
FN:25,(anonymous_9)
FN:38,(anonymous_10)
FN:50,(anonymous_11)
FNF:3
FNH:0
FNDA:0,(anonymous_9)
FNDA:0,(anonymous_10)
FNDA:0,(anonymous_11)
DA:1,0
DA:2,0
DA:4,0
DA:6,0
DA:22,0
DA:26,0
DA:33,0
DA:35,0
DA:39,0
DA:45,0
DA:47,0
DA:51,0
DA:57,0
DA:59,0
LF:14
LH:0
BRF:0
BRH:0
end_of_record
TN:
SF:src/components/ui/badge.tsx
FN:30,Badge
FNF:1
FNH:0
FNDA:0,Badge
DA:1,0
DA:2,0
DA:4,0
DA:6,0
DA:31,0
DA:36,0
LF:6
LH:0
BRF:0
BRH:0
end_of_record
TN:
SF:src/components/ui/button.tsx
FN:43,(anonymous_9)
FNF:1
FNH:0
FNDA:0,(anonymous_9)
DA:1,0
DA:2,0
DA:3,0
DA:5,0
DA:7,0
DA:42,0
DA:44,0
DA:45,0
DA:54,0
DA:56,0
LF:10
LH:0
BRDA:43,0,0,0
BRDA:44,1,0,0
BRDA:44,1,1,0
BRF:3
BRH:0
end_of_record
TN:
SF:src/components/ui/card.tsx
FN:8,(anonymous_9)
FN:23,(anonymous_10)
FN:35,(anonymous_11)
FN:50,(anonymous_12)
FN:62,(anonymous_13)
FN:70,(anonymous_14)
FNF:6
FNH:0
FNDA:0,(anonymous_9)
FNDA:0,(anonymous_10)
FNDA:0,(anonymous_11)
FNDA:0,(anonymous_12)
FNDA:0,(anonymous_13)
FNDA:0,(anonymous_14)
DA:1,0
DA:3,0
DA:5,0
DA:9,0
DA:18,0
DA:20,0
DA:24,0
DA:30,0
DA:32,0
DA:36,0
DA:45,0
DA:47,0
DA:51,0
DA:57,0
DA:59,0
DA:63,0
DA:65,0
DA:67,0
DA:71,0
DA:77,0
DA:79,0
LF:21
LH:0
BRF:0
BRH:0
end_of_record
TN:
SF:src/components/ui/checkbox.tsx
FN:12,(anonymous_9)
FNF:1
FNH:0
FNDA:0,(anonymous_9)
DA:3,0
DA:4,0
DA:5,0
DA:7,0
DA:9,0
DA:13,0
DA:28,0
DA:30,0
LF:8
LH:0
BRF:0
BRH:0
end_of_record
TN:
SF:src/components/ui/dialog.tsx
FN:20,(anonymous_9)
FN:35,(anonymous_10)
FN:56,(anonymous_11)
FN:70,(anonymous_12)
FN:87,(anonymous_13)
FN:102,(anonymous_14)
FNF:6
FNH:0
FNDA:0,(anonymous_9)
FNDA:0,(anonymous_10)
FNDA:0,(anonymous_11)
FNDA:0,(anonymous_12)
FNDA:0,(anonymous_13)
FNDA:0,(anonymous_14)
DA:3,0
DA:4,0
DA:5,0
DA:7,0
DA:9,0
DA:11,0
DA:13,0
DA:15,0
DA:17,0
DA:21,0
DA:30,0
DA:32,0
DA:36,0
DA:54,0
DA:56,0
DA:60,0
DA:68,0
DA:70,0
DA:74,0
DA:82,0
DA:84,0
DA:88,0
DA:97,0
DA:99,0
DA:103,0
DA:109,0
DA:112,0
DA:113,0
DA:114,0
DA:115,0
DA:116,0
DA:117,0
DA:118,0
DA:119,0
DA:120,0
DA:121,0
LF:36
LH:0
BRF:0
BRH:0
end_of_record
TN:
SF:src/components/ui/dropdown-menu.tsx
FN:26,(anonymous_9)
FN:46,(anonymous_10)
FN:62,(anonymous_11)
FN:82,(anonymous_12)
FN:98,(anonymous_13)
FN:122,(anonymous_14)
FN:146,(anonymous_15)
FN:162,(anonymous_16)
FN:171,(anonymous_17)
FNF:9
FNH:0
FNDA:0,(anonymous_9)
FNDA:0,(anonymous_10)
FNDA:0,(anonymous_11)
FNDA:0,(anonymous_12)
FNDA:0,(anonymous_13)
FNDA:0,(anonymous_14)
FNDA:0,(anonymous_15)
FNDA:0,(anonymous_16)
FNDA:0,(anonymous_17)
DA:3,0
DA:4,0
DA:5,0
DA:7,0
DA:9,0
DA:11,0
DA:13,0
DA:15,0
DA:17,0
DA:19,0
DA:21,0
DA:27,0
DA:40,0
DA:43,0
DA:47,0
DA:56,0
DA:59,0
DA:63,0
DA:75,0
DA:77,0
DA:83,0
DA:93,0
DA:95,0
DA:99,0
DA:116,0
DA:119,0
DA:123,0
DA:139,0
DA:141,0
DA:147,0
DA:157,0
DA:159,0
DA:163,0
DA:169,0
DA:171,0
DA:175,0
DA:182,0
DA:185,0
DA:186,0
DA:187,0
DA:188,0
DA:189,0
DA:190,0
DA:191,0
DA:192,0
DA:193,0
DA:194,0
DA:195,0
DA:196,0
DA:197,0
DA:198,0
DA:199,0
LF:52
LH:0
BRDA:31,0,0,0
BRDA:31,0,1,0
BRDA:62,1,0,0
BRDA:87,2,0,0
BRDA:87,2,1,0
BRDA:151,3,0,0
BRDA:151,3,1,0
BRF:7
BRH:0
end_of_record
TN:
SF:src/components/ui/form-components.tsx
FN:4,(anonymous_1)
FN:12,(anonymous_2)
FNF:2
FNH:0
FNDA:0,(anonymous_1)
FNDA:0,(anonymous_2)
DA:1,0
DA:4,0
DA:5,0
DA:12,0
DA:13,0
LF:5
LH:0
BRF:0
BRH:0
end_of_record
TN:
SF:src/components/ui/input.tsx
FN:6,(anonymous_9)
FNF:1
FNH:0
FNDA:0,(anonymous_9)
DA:1,0
DA:3,0
DA:5,0
DA:7,0
DA:20,0
DA:22,0
LF:6
LH:0
BRF:0
BRH:0
end_of_record
TN:
SF:src/components/ui/label.tsx
FN:17,(anonymous_9)
FNF:1
FNH:0
FNDA:0,(anonymous_9)
DA:3,0
DA:4,0
DA:5,0
DA:7,0
DA:9,0
DA:13,0
DA:18,0
DA:24,0
DA:26,0
LF:9
LH:0
BRF:0
BRH:0
end_of_record
TN:
SF:src/components/ui/select.tsx
FN:18,(anonymous_9)
FN:38,(anonymous_10)
FN:55,(anonymous_11)
FN:73,(anonymous_12)
FN:105,(anonymous_13)
FN:117,(anonymous_14)
FN:140,(anonymous_15)
FNF:7
FNH:0
FNDA:0,(anonymous_9)
FNDA:0,(anonymous_10)
FNDA:0,(anonymous_11)
FNDA:0,(anonymous_12)
FNDA:0,(anonymous_13)
FNDA:0,(anonymous_14)
FNDA:0,(anonymous_15)
DA:3,0
DA:4,0
DA:5,0
DA:7,0
DA:9,0
DA:11,0
DA:13,0
DA:15,0
DA:19,0
DA:33,0
DA:35,0
DA:39,0
DA:50,0
DA:52,0
DA:56,0
DA:67,0
DA:70,0
DA:74,0
DA:100,0
DA:102,0
DA:106,0
DA:112,0
DA:114,0
DA:118,0
DA:135,0
DA:137,0
DA:141,0
DA:147,0
DA:150,0
DA:151,0
DA:152,0
DA:153,0
DA:154,0
DA:155,0
DA:156,0
DA:157,0
DA:158,0
DA:159,0
LF:38
LH:0
BRDA:73,0,0,0
BRDA:79,1,0,0
BRDA:79,1,1,0
BRDA:90,2,0,0
BRDA:90,2,1,0
BRF:5
BRH:0
end_of_record
TN:
SF:src/components/ui/separator.tsx
FN:12,(anonymous_9)
FNF:1
FNH:0
FNDA:0,(anonymous_9)
DA:3,0
DA:4,0
DA:6,0
DA:8,0
DA:16,0
DA:29,0
DA:31,0
LF:7
LH:0
BRDA:13,0,0,0
BRDA:13,1,0,0
BRDA:22,2,0,0
BRDA:22,2,1,0
BRF:4
BRH:0
end_of_record
TN:
SF:src/components/ui/switch.tsx
FN:11,(anonymous_9)
FNF:1
FNH:0
FNDA:0,(anonymous_9)
DA:3,0
DA:4,0
DA:6,0
DA:8,0
DA:12,0
DA:27,0
DA:29,0
LF:7
LH:0
BRF:0
BRH:0
end_of_record
TN:
SF:src/components/ui/table.tsx
FN:8,(anonymous_9)
FN:22,(anonymous_10)
FN:30,(anonymous_11)
FN:42,(anonymous_12)
FN:57,(anonymous_13)
FN:72,(anonymous_14)
FN:87,(anonymous_15)
FN:99,(anonymous_16)
FNF:8
FNH:0
FNDA:0,(anonymous_9)
FNDA:0,(anonymous_10)
FNDA:0,(anonymous_11)
FNDA:0,(anonymous_12)
FNDA:0,(anonymous_13)
FNDA:0,(anonymous_14)
FNDA:0,(anonymous_15)
FNDA:0,(anonymous_16)
DA:1,0
DA:3,0
DA:5,0
DA:9,0
DA:17,0
DA:19,0
DA:23,0
DA:25,0
DA:27,0
DA:31,0
DA:37,0
DA:39,0
DA:43,0
DA:52,0
DA:54,0
DA:58,0
DA:67,0
DA:69,0
DA:73,0
DA:82,0
DA:84,0
DA:88,0
DA:94,0
DA:96,0
DA:100,0
DA:106,0
DA:109,0
DA:110,0
DA:111,0
DA:112,0
DA:113,0
DA:114,0
DA:115,0
DA:116,0
LF:34
LH:0
BRF:0
BRH:0
end_of_record
TN:
SF:src/components/ui/tabs.tsx
FN:13,(anonymous_9)
FN:28,(anonymous_10)
FN:43,(anonymous_11)
FNF:3
FNH:0
FNDA:0,(anonymous_9)
FNDA:0,(anonymous_10)
FNDA:0,(anonymous_11)
DA:3,0
DA:4,0
DA:6,0
DA:8,0
DA:10,0
DA:14,0
DA:23,0
DA:25,0
DA:29,0
DA:38,0
DA:40,0
DA:44,0
DA:53,0
DA:55,0
LF:14
LH:0
BRF:0
BRH:0
end_of_record
TN:
SF:src/constants/medication-data.ts
FN:218,(anonymous_0)
FN:223,(anonymous_1)
FN:229,(anonymous_2)
FN:361,(anonymous_3)
FN:543,(anonymous_4)
FN:598,getVerb
FN:600,(anonymous_6)
FN:661,(anonymous_7)
FNF:8
FNH:0
FNDA:0,(anonymous_0)
FNDA:0,(anonymous_1)
FNDA:0,(anonymous_2)
FNDA:0,(anonymous_3)
FNDA:0,(anonymous_4)
FNDA:0,getVerb
FNDA:0,(anonymous_6)
FNDA:0,(anonymous_7)
DA:21,0
DA:217,0
DA:218,0
DA:219,0
DA:223,0
DA:224,0
DA:225,0
DA:226,0
DA:229,0
DA:248,0
DA:361,0
DA:384,0
DA:543,0
DA:555,0
DA:598,0
DA:599,0
DA:600,0
DA:604,0
DA:618,0
DA:661,0
LF:20
LH:0
BRDA:224,0,0,0
BRDA:224,0,1,0
BRDA:226,1,0,0
BRDA:226,1,1,0
BRDA:600,2,0,0
BRDA:600,2,1,0
BRDA:604,3,0,0
BRDA:604,3,1,0
BRF:8
BRH:0
end_of_record
TN:
SF:src/guardrails/audit.ts
FN:83,(anonymous_9)
FN:91,(anonymous_10)
FN:106,(anonymous_11)
FN:122,(anonymous_12)
FN:129,(anonymous_13)
FN:130,(anonymous_14)
FN:136,(anonymous_15)
FN:174,(anonymous_16)
FN:183,(anonymous_17)
FN:241,(anonymous_18)
FN:249,(anonymous_19)
FN:263,(anonymous_20)
FN:270,(anonymous_21)
FN:295,(anonymous_22)
FN:317,(anonymous_23)
FN:334,(anonymous_24)
FN:340,(anonymous_25)
FN:370,extractChangesFromDiff
FN:387,generateMarkdownReport
FN:399,(anonymous_28)
FN:406,(anonymous_29)
FNF:21
FNH:16
FNDA:12,(anonymous_9)
FNDA:12,(anonymous_10)
FNDA:19,(anonymous_11)
FNDA:19,(anonymous_12)
FNDA:0,(anonymous_13)
FNDA:0,(anonymous_14)
FNDA:19,(anonymous_15)
FNDA:3,(anonymous_16)
FNDA:10,(anonymous_17)
FNDA:4,(anonymous_18)
FNDA:11,(anonymous_19)
FNDA:0,(anonymous_20)
FNDA:1,(anonymous_21)
FNDA:2,(anonymous_22)
FNDA:0,(anonymous_23)
FNDA:2,(anonymous_24)
FNDA:2,(anonymous_25)
FNDA:0,extractChangesFromDiff
FNDA:1,generateMarkdownReport
FNDA:1,(anonymous_28)
FNDA:1,(anonymous_29)
DA:11,1
DA:12,1
DA:79,1
DA:80,12
DA:81,12
DA:84,12
DA:85,12
DA:92,12
DA:93,12
DA:94,0
DA:95,0
DA:98,0
DA:99,0
DA:107,19
DA:108,19
DA:114,0
DA:115,0
DA:123,19
DA:130,0
DA:150,19
DA:165,19
DA:166,19
DA:168,19
DA:179,3
DA:180,3
DA:183,3
DA:189,10
DA:190,10
DA:191,15
DA:192,15
DA:193,1
DA:204,10
DA:205,10
DA:206,15
DA:208,15
DA:210,1
DA:216,14
DA:217,11
DA:219,7
DA:222,4
DA:234,3
DA:235,3
DA:249,4
DA:250,11
DA:251,11
DA:252,11
DA:253,9
DA:254,7
DA:255,7
DA:256,5
DA:264,0
DA:282,1
DA:284,1
DA:295,1
DA:297,2
DA:300,2
DA:301,2
DA:302,2
DA:303,2
DA:307,2
DA:308,2
DA:311,1
DA:318,0
DA:319,0
DA:321,0
DA:323,0
DA:338,2
DA:340,2
DA:341,2
DA:342,1
DA:344,2
DA:345,0
DA:347,2
DA:348,1
DA:350,2
DA:351,1
DA:355,2
DA:365,1
DA:370,1
DA:381,0
DA:387,1
DA:391,1
DA:392,1
DA:393,1
DA:395,1
DA:396,1
DA:397,1
DA:399,1
DA:400,1
DA:401,1
DA:404,1
DA:406,1
DA:407,1
DA:408,1
DA:409,1
DA:410,1
DA:411,1
DA:412,1
DA:413,1
DA:414,1
DA:415,1
DA:417,1
DA:418,1
DA:420,1
DA:421,1
DA:424,1
DA:427,1
LF:107
LH:93
BRDA:84,0,0,12
BRDA:84,0,1,1
BRDA:93,1,0,0
BRDA:93,1,1,12
BRDA:186,2,0,3
BRDA:189,3,0,10
BRDA:189,3,1,0
BRDA:189,4,0,10
BRDA:189,4,1,10
BRDA:191,5,0,9
BRDA:191,5,1,6
BRDA:192,6,0,1
BRDA:192,6,1,14
BRDA:204,7,0,10
BRDA:204,7,1,0
BRDA:204,8,0,10
BRDA:204,8,1,10
BRDA:206,9,0,9
BRDA:206,9,1,6
BRDA:208,10,0,1
BRDA:208,10,1,14
BRDA:216,11,0,11
BRDA:216,11,1,3
BRDA:217,12,0,7
BRDA:217,12,1,4
BRDA:217,13,0,11
BRDA:217,13,1,7
BRDA:250,14,0,0
BRDA:250,14,1,11
BRDA:250,15,0,11
BRDA:250,15,1,2
BRDA:251,16,0,0
BRDA:251,16,1,11
BRDA:251,17,0,11
BRDA:251,17,1,2
BRDA:252,18,0,2
BRDA:252,18,1,9
BRDA:252,19,0,11
BRDA:252,19,1,3
BRDA:253,20,0,2
BRDA:253,20,1,7
BRDA:253,21,0,9
BRDA:253,21,1,3
BRDA:254,22,0,0
BRDA:254,22,1,7
BRDA:254,23,0,7
BRDA:254,23,1,0
BRDA:255,24,0,2
BRDA:255,24,1,5
BRDA:255,25,0,7
BRDA:255,25,1,3
BRDA:301,26,0,2
BRDA:301,26,1,0
BRDA:303,27,0,2
BRDA:303,27,1,2
BRDA:308,28,0,2
BRDA:308,28,1,1
BRDA:341,29,0,1
BRDA:341,29,1,1
BRDA:344,30,0,0
BRDA:344,30,1,2
BRDA:347,31,0,1
BRDA:347,31,1,1
BRDA:350,32,0,1
BRDA:350,32,1,1
BRDA:389,33,0,0
BRDA:417,34,0,1
BRDA:417,34,1,0
BRDA:420,35,0,1
BRDA:420,35,1,0
BRF:70
BRH:58
end_of_record
TN:
SF:src/guardrails/index.ts
FN:13,(anonymous_4)
FN:13,(anonymous_5)
FN:13,(anonymous_6)
FNF:3
FNH:0
FNDA:0,(anonymous_4)
FNDA:0,(anonymous_5)
FNDA:0,(anonymous_6)
DA:10,0
DA:13,0
LF:2
LH:0
BRF:0
BRH:0
end_of_record
TN:
SF:src/guardrails/types.ts
FN:283,isGuardrailsSchema
FN:297,isContraindication
FN:310,isDoseLimit
FNF:3
FNH:3
FNDA:35,isGuardrailsSchema
FNDA:5,isContraindication
FNDA:6,isDoseLimit
DA:283,2
DA:284,35
DA:297,2
DA:298,5
DA:310,2
DA:311,6
LF:6
LH:6
BRDA:285,0,0,35
BRDA:285,0,1,34
BRDA:285,0,2,33
BRDA:285,0,3,32
BRDA:285,0,4,31
BRDA:285,0,5,30
BRDA:299,1,0,5
BRDA:299,1,1,4
BRDA:299,1,2,4
BRDA:299,1,3,3
BRDA:299,1,4,2
BRDA:312,2,0,6
BRDA:312,2,1,5
BRDA:312,2,2,5
BRDA:312,2,3,3
BRF:15
BRH:15
end_of_record
TN:
SF:src/guardrails/validator.ts
FN:136,(anonymous_10)
FN:146,(anonymous_11)
FN:175,(anonymous_12)
FN:192,(anonymous_13)
FN:272,(anonymous_14)
FN:297,(anonymous_15)
FN:351,(anonymous_16)
FN:415,(anonymous_17)
FN:421,(anonymous_18)
FN:428,(anonymous_19)
FN:470,(anonymous_20)
FN:483,(anonymous_21)
FN:497,(anonymous_22)
FN:518,(anonymous_23)
FN:536,(anonymous_24)
FN:580,(anonymous_25)
FNF:16
FNH:16
FNDA:30,(anonymous_10)
FNDA:29,(anonymous_11)
FNDA:52,(anonymous_12)
FNDA:17,(anonymous_13)
FNDA:1,(anonymous_14)
FNDA:4,(anonymous_15)
FNDA:5,(anonymous_16)
FNDA:5,(anonymous_17)
FNDA:9,(anonymous_18)
FNDA:32,(anonymous_19)
FNDA:21,(anonymous_20)
FNDA:2,(anonymous_21)
FNDA:12,(anonymous_22)
FNDA:16,(anonymous_23)
FNDA:26,(anonymous_24)
FNDA:3,(anonymous_25)
DA:11,1
DA:12,1
DA:13,1
DA:14,1
DA:15,1
DA:32,1
DA:132,1
DA:133,30
DA:134,30
DA:137,30
DA:147,29
DA:148,29
DA:149,29
DA:150,29
DA:153,29
DA:154,29
DA:156,29
DA:157,0
DA:161,29
DA:162,0
DA:165,29
DA:166,29
DA:168,0
DA:176,52
DA:177,27
DA:179,52
DA:199,17
DA:200,17
DA:201,17
DA:204,17
DA:205,17
DA:206,1
DA:211,1
DA:214,16
DA:217,16
DA:218,12
DA:219,12
DA:220,7
DA:229,4
DA:230,4
DA:231,1
DA:243,16
DA:244,1
DA:252,16
DA:253,2
DA:254,2
DA:255,2
DA:264,16
DA:265,1
DA:272,1
DA:273,1
DA:280,1
DA:283,15
DA:301,4
DA:302,4
DA:303,4
DA:305,4
DA:306,4
DA:307,0
DA:310,4
DA:311,4
DA:312,0
DA:315,4
DA:316,12
DA:317,3
DA:324,3
DA:325,2
DA:327,1
DA:336,4
DA:356,5
DA:357,5
DA:358,5
DA:360,5
DA:361,5
DA:363,5
DA:364,0
DA:371,5
DA:372,2
DA:373,2
DA:374,2
DA:375,3
DA:376,1
DA:377,1
DA:378,2
DA:379,2
DA:380,2
DA:383,5
DA:384,3
DA:395,5
DA:396,2
DA:402,5
DA:416,5
DA:417,5
DA:418,5
DA:421,9
DA:423,5
DA:425,10
DA:426,10
DA:427,20
DA:428,20
DA:430,32
DA:435,20
DA:436,8
DA:440,10
DA:441,3
DA:448,3
DA:449,2
DA:451,1
DA:460,5
DA:471,21
DA:472,21
DA:475,21
DA:476,19
DA:480,2
DA:481,3
DA:482,2
DA:483,2
DA:485,2
DA:486,1
DA:491,1
DA:501,12
DA:502,4
DA:506,8
DA:507,14
DA:508,4
DA:512,4
DA:520,16
DA:521,16
DA:526,0
DA:541,26
DA:542,7
DA:543,7
DA:544,7
DA:545,7
DA:546,7
DA:547,5
DA:548,0
DA:549,0
DA:550,2
DA:556,19
DA:557,5
DA:558,5
DA:559,5
DA:560,5
DA:561,5
DA:562,5
DA:563,0
DA:564,0
DA:565,0
DA:570,0
DA:571,0
DA:572,0
DA:573,0
DA:574,0
DA:579,14
DA:580,3
DA:583,11
DA:588,1
LF:158
LH:141
BRDA:148,0,0,29
BRDA:148,0,1,29
BRDA:156,1,0,0
BRDA:156,1,1,29
BRDA:161,2,0,0
BRDA:161,2,1,29
BRDA:176,3,0,27
BRDA:176,3,1,25
BRDA:195,4,0,0
BRDA:205,5,0,1
BRDA:205,5,1,16
BRDA:217,6,0,12
BRDA:217,6,1,4
BRDA:217,7,0,16
BRDA:217,7,1,12
BRDA:219,8,0,7
BRDA:219,8,1,5
BRDA:229,9,0,4
BRDA:229,9,1,0
BRDA:229,10,0,4
BRDA:229,10,1,4
BRDA:230,11,0,1
BRDA:230,11,1,3
BRDA:243,12,0,1
BRDA:243,12,1,15
BRDA:243,13,0,16
BRDA:243,13,1,2
BRDA:252,14,0,2
BRDA:252,14,1,14
BRDA:254,15,0,2
BRDA:254,15,1,0
BRDA:264,16,0,1
BRDA:264,16,1,15
BRDA:264,17,0,16
BRDA:264,17,1,1
BRDA:285,18,0,7
BRDA:285,18,1,8
BRDA:286,19,0,2
BRDA:286,19,1,13
BRDA:306,20,0,0
BRDA:306,20,1,4
BRDA:311,21,0,0
BRDA:311,21,1,4
BRDA:316,22,0,3
BRDA:316,22,1,9
BRDA:319,23,0,2
BRDA:319,23,1,1
BRDA:324,24,0,2
BRDA:324,24,1,1
BRDA:338,25,0,2
BRDA:338,25,1,2
BRDA:339,26,0,1
BRDA:339,26,1,3
BRDA:363,27,0,0
BRDA:363,27,1,5
BRDA:371,28,0,2
BRDA:371,28,1,3
BRDA:371,29,0,5
BRDA:371,29,1,2
BRDA:375,30,0,1
BRDA:375,30,1,2
BRDA:378,31,0,2
BRDA:378,31,1,0
BRDA:383,32,0,3
BRDA:383,32,1,2
BRDA:383,33,0,5
BRDA:383,33,1,5
BRDA:387,34,0,1
BRDA:387,34,1,2
BRDA:390,35,0,3
BRDA:390,35,1,0
BRDA:395,36,0,2
BRDA:395,36,1,3
BRDA:404,37,0,3
BRDA:404,37,1,2
BRDA:405,38,0,2
BRDA:405,38,1,3
BRDA:430,39,0,32
BRDA:430,39,1,26
BRDA:430,39,2,26
BRDA:430,39,3,26
BRDA:430,39,4,9
BRDA:435,40,0,8
BRDA:435,40,1,12
BRDA:440,41,0,3
BRDA:440,41,1,7
BRDA:443,42,0,2
BRDA:443,42,1,1
BRDA:448,43,0,2
BRDA:448,43,1,1
BRDA:462,44,0,2
BRDA:462,44,1,3
BRDA:463,45,0,1
BRDA:463,45,1,4
BRDA:475,46,0,19
BRDA:475,46,1,2
BRDA:481,47,0,2
BRDA:481,47,1,1
BRDA:485,48,0,1
BRDA:485,48,1,1
BRDA:501,49,0,4
BRDA:501,49,1,8
BRDA:501,50,0,12
BRDA:501,50,1,8
BRDA:507,51,0,4
BRDA:507,51,1,10
BRDA:520,52,0,16
BRDA:520,52,1,0
BRDA:541,53,0,7
BRDA:541,53,1,19
BRDA:541,54,0,26
BRDA:541,54,1,12
BRDA:543,55,0,7
BRDA:543,55,1,0
BRDA:546,56,0,5
BRDA:546,56,1,0
BRDA:546,56,2,0
BRDA:546,56,3,2
BRDA:556,57,0,5
BRDA:556,57,1,14
BRDA:556,58,0,19
BRDA:556,58,1,10
BRDA:558,59,0,5
BRDA:558,59,1,0
BRDA:561,60,0,5
BRDA:561,60,1,0
BRDA:561,60,2,0
BRDA:561,60,3,0
BRDA:571,61,0,0
BRDA:571,61,1,0
BRDA:574,62,0,0
BRDA:574,62,1,0
BRDA:579,63,0,3
BRDA:579,63,1,11
BRF:134
BRH:112
end_of_record
TN:
SF:src/hooks/useMedications.ts
FN:7,useMedications
FN:24,(anonymous_2)
FN:57,(anonymous_3)
FN:64,(anonymous_4)
FN:73,(anonymous_5)
FN:78,(anonymous_6)
FN:83,(anonymous_7)
FN:88,(anonymous_8)
FN:95,(anonymous_9)
FN:106,(anonymous_10)
FN:110,(anonymous_11)
FN:111,(anonymous_12)
FN:112,(anonymous_13)
FN:115,(anonymous_14)
FN:116,(anonymous_15)
FN:119,(anonymous_16)
FN:123,(anonymous_17)
FN:132,(anonymous_18)
FN:136,(anonymous_19)
FN:136,(anonymous_20)
FN:145,(anonymous_21)
FN:149,(anonymous_22)
FN:149,(anonymous_23)
FN:157,(anonymous_24)
FN:160,(anonymous_25)
FN:168,(anonymous_26)
FN:168,(anonymous_27)
FNF:27
FNH:0
FNDA:0,useMedications
FNDA:0,(anonymous_2)
FNDA:0,(anonymous_3)
FNDA:0,(anonymous_4)
FNDA:0,(anonymous_5)
FNDA:0,(anonymous_6)
FNDA:0,(anonymous_7)
FNDA:0,(anonymous_8)
FNDA:0,(anonymous_9)
FNDA:0,(anonymous_10)
FNDA:0,(anonymous_11)
FNDA:0,(anonymous_12)
FNDA:0,(anonymous_13)
FNDA:0,(anonymous_14)
FNDA:0,(anonymous_15)
FNDA:0,(anonymous_16)
FNDA:0,(anonymous_17)
FNDA:0,(anonymous_18)
FNDA:0,(anonymous_19)
FNDA:0,(anonymous_20)
FNDA:0,(anonymous_21)
FNDA:0,(anonymous_22)
FNDA:0,(anonymous_23)
FNDA:0,(anonymous_24)
FNDA:0,(anonymous_25)
FNDA:0,(anonymous_26)
FNDA:0,(anonymous_27)
DA:1,0
DA:4,0
DA:5,0
DA:7,0
DA:8,0
DA:9,0
DA:10,0
DA:11,0
DA:15,0
DA:22,0
DA:24,0
DA:25,0
DA:26,0
DA:27,0
DA:29,0
DA:31,0
DA:33,0
DA:34,0
DA:35,0
DA:36,0
DA:38,0
DA:39,0
DA:41,0
DA:44,0
DA:47,0
DA:48,0
DA:50,0
DA:52,0
DA:57,0
DA:58,0
DA:61,0
DA:62,0
DA:63,0
DA:65,0
DA:72,0
DA:73,0
DA:77,0
DA:78,0
DA:82,0
DA:83,0
DA:87,0
DA:88,0
DA:89,0
DA:90,0
DA:95,0
DA:98,0
DA:99,0
DA:100,0
DA:102,0
DA:106,0
DA:107,0
DA:110,0
DA:111,0
DA:112,0
DA:115,0
DA:116,0
DA:119,0
DA:120,0
DA:121,0
DA:122,0
DA:123,0
DA:124,0
DA:126,0
DA:127,0
DA:128,0
DA:132,0
DA:133,0
DA:134,0
DA:135,0
DA:136,0
DA:137,0
DA:139,0
DA:140,0
DA:141,0
DA:145,0
DA:146,0
DA:147,0
DA:148,0
DA:149,0
DA:151,0
DA:152,0
DA:153,0
DA:157,0
DA:158,0
DA:159,0
DA:160,0
DA:161,0
DA:163,0
DA:168,0
DA:169,0
DA:171,0
DA:172,0
DA:173,0
DA:177,0
LF:94
LH:0
BRDA:31,0,0,0
BRDA:31,0,1,0
BRDA:61,1,0,0
BRDA:61,1,1,0
BRDA:65,2,0,0
BRDA:65,2,1,0
BRDA:65,2,2,0
BRDA:72,3,0,0
BRDA:72,3,1,0
BRDA:77,4,0,0
BRDA:77,4,1,0
BRDA:82,5,0,0
BRDA:82,5,1,0
BRDA:87,6,0,0
BRDA:87,6,1,0
BRDA:89,7,0,0
BRDA:89,7,1,0
BRDA:90,8,0,0
BRDA:90,8,1,0
BRDA:136,9,0,0
BRDA:136,9,1,0
BRDA:161,10,0,0
BRDA:161,10,1,0
BRDA:168,11,0,0
BRDA:168,11,1,0
BRF:25
BRH:0
end_of_record
TN:
SF:src/lib/calculations.ts
FN:14,calculateDaysSupply
FN:76,calculateDosesPerDay
FN:97,isWeightUnit
FN:104,areUnitsCompatible
FN:106,(anonymous_4)
FN:119,isDoseValid
FN:154,getDoseConstraintMessage
FNF:7
FNH:0
FNDA:0,calculateDaysSupply
FNDA:0,calculateDosesPerDay
FNDA:0,isWeightUnit
FNDA:0,areUnitsCompatible
FNDA:0,(anonymous_4)
FNDA:0,isDoseValid
FNDA:0,getDoseConstraintMessage
DA:2,0
DA:14,0
DA:19,0
DA:20,0
DA:23,0
DA:24,0
DA:25,0
DA:29,0
DA:30,0
DA:31,0
DA:35,0
DA:36,0
DA:39,0
DA:41,0
DA:42,0
DA:45,0
DA:46,0
DA:51,0
DA:52,0
DA:53,0
DA:56,0
DA:57,0
DA:60,0
DA:61,0
DA:65,0
DA:66,0
DA:70,0
DA:77,0
DA:78,0
DA:81,0
DA:88,0
DA:89,0
DA:91,0
DA:98,0
DA:106,0
DA:107,0
DA:113,0
DA:119,0
DA:123,0
DA:124,0
DA:127,0
DA:130,0
DA:134,0
DA:137,0
DA:141,0
DA:142,0
DA:143,0
DA:144,0
DA:148,0
DA:154,0
DA:158,0
DA:159,0
DA:161,0
DA:164,0
DA:167,0
DA:170,0
DA:173,0
DA:174,0
DA:175,0
DA:176,0
DA:180,0
LF:61
LH:0
BRDA:19,0,0,0
BRDA:19,0,1,0
BRDA:24,1,0,0
BRDA:24,1,1,0
BRDA:30,2,0,0
BRDA:30,2,1,0
BRDA:39,3,0,0
BRDA:39,3,1,0
BRDA:39,4,0,0
BRDA:39,4,1,0
BRDA:41,5,0,0
BRDA:41,5,1,0
BRDA:45,6,0,0
BRDA:45,6,1,0
BRDA:51,7,0,0
BRDA:51,7,1,0
BRDA:51,8,0,0
BRDA:51,8,1,0
BRDA:60,9,0,0
BRDA:60,9,1,0
BRDA:65,10,0,0
BRDA:65,10,1,0
BRDA:65,11,0,0
BRDA:65,11,1,0
BRDA:77,12,0,0
BRDA:77,12,1,0
BRDA:77,13,0,0
BRDA:77,13,1,0
BRDA:88,14,0,0
BRDA:88,14,1,0
BRDA:89,15,0,0
BRDA:89,15,1,0
BRDA:124,16,0,0
BRDA:124,16,1,0
BRDA:127,17,0,0
BRDA:127,17,1,0
BRDA:127,18,0,0
BRDA:127,18,1,0
BRDA:127,18,2,0
BRDA:134,19,0,0
BRDA:134,19,1,0
BRDA:134,20,0,0
BRDA:134,20,1,0
BRDA:134,20,2,0
BRDA:141,21,0,0
BRDA:141,21,1,0
BRDA:141,22,0,0
BRDA:141,22,1,0
BRDA:143,23,0,0
BRDA:143,23,1,0
BRDA:159,24,0,0
BRDA:159,24,1,0
BRDA:161,25,0,0
BRDA:161,25,1,0
BRDA:161,26,0,0
BRDA:161,26,1,0
BRDA:161,26,2,0
BRDA:167,27,0,0
BRDA:167,27,1,0
BRDA:167,28,0,0
BRDA:167,28,1,0
BRDA:167,28,2,0
BRDA:173,29,0,0
BRDA:173,29,1,0
BRDA:173,30,0,0
BRDA:173,30,1,0
BRDA:175,31,0,0
BRDA:175,31,1,0
BRF:68
BRH:0
end_of_record
TN:
SF:src/lib/signature.ts
FN:18,isMultiIngredient
FN:24,(anonymous_1)
FN:41,getStrengthMode
FN:52,getDenominatorUnit
FN:68,getDispensingUnit
FN:98,formatTabletDose
FN:129,formatDose
FN:212,generateSignature
FN:278,validateDose
FNF:9
FNH:0
FNDA:0,isMultiIngredient
FNDA:0,(anonymous_1)
FNDA:0,getStrengthMode
FNDA:0,getDenominatorUnit
FNDA:0,getDispensingUnit
FNDA:0,formatTabletDose
FNDA:0,formatDose
FNDA:0,generateSignature
FNDA:0,validateDose
DA:2,0
DA:18,0
DA:19,0
DA:20,0
DA:24,0
DA:26,0
DA:27,0
DA:30,0
DA:33,0
DA:41,0
DA:42,0
DA:43,0
DA:52,0
DA:53,0
DA:54,0
DA:55,0
DA:56,0
DA:58,0
DA:68,0
DA:69,0
DA:70,0
DA:71,0
DA:74,0
DA:75,0
DA:80,0
DA:81,0
DA:85,0
DA:86,0
DA:90,0
DA:91,0
DA:99,0
DA:100,0
DA:101,0
DA:102,0
DA:103,0
DA:104,0
DA:105,0
DA:106,0
DA:109,0
DA:110,0
DA:112,0
DA:113,0
DA:114,0
DA:115,0
DA:116,0
DA:117,0
DA:118,0
DA:119,0
DA:122,0
DA:130,0
DA:133,0
DA:134,0
DA:136,0
DA:138,0
DA:141,0
DA:142,0
DA:143,0
DA:144,0
DA:145,0
DA:148,0
DA:153,0
DA:154,0
DA:158,0
DA:159,0
DA:160,0
DA:163,0
DA:165,0
DA:166,0
DA:169,0
DA:170,0
DA:171,0
DA:172,0
DA:173,0
DA:178,0
DA:179,0
DA:180,0
DA:183,0
DA:185,0
DA:186,0
DA:190,0
DA:191,0
DA:192,0
DA:193,0
DA:194,0
DA:200,0
DA:201,0
DA:202,0
DA:205,0
DA:212,0
DA:220,0
DA:221,0
DA:223,0
DA:224,0
DA:228,0
DA:231,0
DA:234,0
DA:242,0
DA:243,0
DA:246,0
DA:249,0
DA:269,0
DA:278,0
DA:282,0
DA:284,0
DA:285,0
DA:289,0
DA:290,0
DA:291,0
DA:299,0
DA:300,0
DA:301,0
DA:309,0
DA:310,0
DA:311,0
DA:312,0
DA:319,0
LF:116
LH:0
BRDA:19,0,0,0
BRDA:19,0,1,0
BRDA:19,1,0,0
BRDA:19,1,1,0
BRDA:26,2,0,0
BRDA:26,2,1,0
BRDA:26,3,0,0
BRDA:26,3,1,0
BRDA:43,4,0,0
BRDA:43,4,1,0
BRDA:53,5,0,0
BRDA:53,5,1,0
BRDA:53,6,0,0
BRDA:53,6,1,0
BRDA:53,6,2,0
BRDA:55,7,0,0
BRDA:55,7,1,0
BRDA:74,8,0,0
BRDA:74,8,1,0
BRDA:74,9,0,0
BRDA:74,9,1,0
BRDA:80,10,0,0
BRDA:80,10,1,0
BRDA:80,11,0,0
BRDA:80,11,1,0
BRDA:80,11,2,0
BRDA:85,12,0,0
BRDA:85,12,1,0
BRDA:85,13,0,0
BRDA:85,13,1,0
BRDA:91,14,0,0
BRDA:91,14,1,0
BRDA:99,15,0,0
BRDA:99,15,1,0
BRDA:100,16,0,0
BRDA:100,16,1,0
BRDA:101,17,0,0
BRDA:101,17,1,0
BRDA:102,18,0,0
BRDA:102,18,1,0
BRDA:103,19,0,0
BRDA:103,19,1,0
BRDA:104,20,0,0
BRDA:104,20,1,0
BRDA:105,21,0,0
BRDA:105,21,1,0
BRDA:106,22,0,0
BRDA:106,22,1,0
BRDA:112,23,0,0
BRDA:112,23,1,0
BRDA:114,24,0,0
BRDA:114,24,1,0
BRDA:116,25,0,0
BRDA:116,25,1,0
BRDA:118,26,0,0
BRDA:118,26,1,0
BRDA:133,27,0,0
BRDA:133,27,1,0
BRDA:133,28,0,0
BRDA:133,28,1,0
BRDA:136,29,0,0
BRDA:136,29,1,0
BRDA:138,30,0,0
BRDA:138,30,1,0
BRDA:141,31,0,0
BRDA:141,31,1,0
BRDA:153,32,0,0
BRDA:153,32,1,0
BRDA:153,33,0,0
BRDA:153,33,1,0
BRDA:163,34,0,0
BRDA:163,34,1,0
BRDA:163,35,0,0
BRDA:163,35,1,0
BRDA:165,36,0,0
BRDA:165,36,1,0
BRDA:169,37,0,0
BRDA:169,37,1,0
BRDA:169,38,0,0
BRDA:169,38,1,0
BRDA:178,39,0,0
BRDA:178,39,1,0
BRDA:178,40,0,0
BRDA:178,40,1,0
BRDA:183,41,0,0
BRDA:183,41,1,0
BRDA:183,42,0,0
BRDA:183,42,1,0
BRDA:183,42,2,0
BRDA:190,43,0,0
BRDA:190,43,1,0
BRDA:191,44,0,0
BRDA:191,44,1,0
BRDA:193,45,0,0
BRDA:193,45,1,0
BRDA:200,46,0,0
BRDA:200,46,1,0
BRDA:201,47,0,0
BRDA:201,47,1,0
BRDA:223,48,0,0
BRDA:223,48,1,0
BRDA:223,49,0,0
BRDA:223,49,1,0
BRDA:242,50,0,0
BRDA:242,50,1,0
BRDA:259,51,0,0
BRDA:259,51,1,0
BRDA:261,52,0,0
BRDA:261,52,1,0
BRDA:284,53,0,0
BRDA:284,53,1,0
BRDA:289,54,0,0
BRDA:289,54,1,0
BRDA:289,55,0,0
BRDA:289,55,1,0
BRDA:290,56,0,0
BRDA:290,56,1,0
BRDA:299,57,0,0
BRDA:299,57,1,0
BRDA:299,58,0,0
BRDA:299,58,1,0
BRDA:300,59,0,0
BRDA:300,59,1,0
BRDA:309,60,0,0
BRDA:309,60,1,0
BRDA:309,61,0,0
BRDA:309,61,1,0
BRDA:311,62,0,0
BRDA:311,62,1,0
BRF:129
BRH:0
end_of_record
TN:
SF:src/lib/utils.ts
FN:4,cn
FNF:1
FNH:0
FNDA:0,cn
DA:1,0
DA:2,0
DA:4,0
DA:5,0
LF:4
LH:0
BRF:0
BRH:0
end_of_record
TN:
SF:src/lib/builders/ISignatureBuilder.ts
FN:192,isValidDoseInput
FN:219,isValidTimingInput
FN:237,(anonymous_2)
FNF:3
FNH:2
FNDA:15,isValidDoseInput
FNDA:14,isValidTimingInput
FNDA:0,(anonymous_2)
DA:192,1
DA:193,15
DA:194,1
DA:197,14
DA:198,3
DA:201,11
DA:202,1
DA:205,10
DA:207,0
DA:210,10
DA:219,1
DA:220,14
DA:221,1
DA:224,13
DA:225,2
DA:228,11
DA:229,1
DA:232,10
DA:233,1
DA:236,9
DA:237,0
DA:238,0
DA:241,9
DA:242,0
DA:244,0
DA:248,9
LF:26
LH:21
BRDA:193,0,0,1
BRDA:193,0,1,14
BRDA:193,1,0,15
BRDA:193,1,1,14
BRDA:197,2,0,3
BRDA:197,2,1,11
BRDA:197,3,0,14
BRDA:197,3,1,14
BRDA:201,4,0,1
BRDA:201,4,1,10
BRDA:201,5,0,11
BRDA:201,5,1,11
BRDA:205,6,0,0
BRDA:205,6,1,10
BRDA:205,7,0,10
BRDA:205,7,1,0
BRDA:205,7,2,0
BRDA:220,8,0,1
BRDA:220,8,1,13
BRDA:220,9,0,14
BRDA:220,9,1,13
BRDA:224,10,0,2
BRDA:224,10,1,11
BRDA:224,11,0,13
BRDA:224,11,1,13
BRDA:228,12,0,1
BRDA:228,12,1,10
BRDA:228,13,0,11
BRDA:228,13,1,11
BRDA:232,14,0,1
BRDA:232,14,1,9
BRDA:232,15,0,10
BRDA:232,15,1,10
BRDA:236,16,0,0
BRDA:236,16,1,9
BRDA:236,17,0,9
BRDA:236,17,1,0
BRDA:236,17,2,0
BRDA:241,18,0,0
BRDA:241,18,1,9
BRDA:242,19,0,0
BRDA:242,19,1,0
BRDA:242,20,0,0
BRDA:242,20,1,0
BRDA:242,20,2,0
BRDA:242,20,3,0
BRF:46
BRH:33
end_of_record
TN:
SF:src/lib/functional/core.ts
FN:22,(anonymous_0)
FN:28,(anonymous_1)
FN:34,(anonymous_2)
FN:40,(anonymous_3)
FN:46,(anonymous_4)
FN:59,(anonymous_5)
FN:72,(anonymous_6)
FN:90,(anonymous_7)
FN:91,(anonymous_8)
FN:91,(anonymous_9)
FN:96,(anonymous_10)
FN:97,(anonymous_11)
FN:97,(anonymous_12)
FN:102,(anonymous_13)
FN:103,(anonymous_14)
FN:113,(anonymous_15)
FN:114,(anonymous_16)
FN:133,(anonymous_17)
FN:137,(anonymous_18)
FN:146,memoize
FN:152,(anonymous_20)
FN:169,(anonymous_21)
FN:179,(anonymous_22)
FN:189,(anonymous_23)
FN:199,(anonymous_24)
FNF:25
FNH:21
FNDA:19,(anonymous_0)
FNDA:10,(anonymous_1)
FNDA:13,(anonymous_2)
FNDA:14,(anonymous_3)
FNDA:2,(anonymous_4)
FNDA:2,(anonymous_5)
FNDA:2,(anonymous_6)
FNDA:3,(anonymous_7)
FNDA:6,(anonymous_8)
FNDA:11,(anonymous_9)
FNDA:2,(anonymous_10)
FNDA:4,(anonymous_11)
FNDA:5,(anonymous_12)
FNDA:3,(anonymous_13)
FNDA:6,(anonymous_14)
FNDA:2,(anonymous_15)
FNDA:5,(anonymous_16)
FNDA:3,(anonymous_17)
FNDA:4,(anonymous_18)
FNDA:3,memoize
FNDA:8,(anonymous_20)
FNDA:0,(anonymous_21)
FNDA:0,(anonymous_22)
FNDA:0,(anonymous_23)
FNDA:0,(anonymous_24)
DA:22,1
DA:23,19
DA:28,1
DA:29,10
DA:34,1
DA:35,13
DA:40,1
DA:41,14
DA:46,1
DA:50,2
DA:51,1
DA:53,1
DA:59,1
DA:63,2
DA:64,2
DA:66,0
DA:72,1
DA:76,2
DA:77,1
DA:79,1
DA:90,1
DA:91,11
DA:96,1
DA:97,5
DA:102,1
DA:103,6
DA:113,1
DA:114,2
DA:115,5
DA:117,5
DA:118,13
DA:119,10
DA:122,5
DA:133,1
DA:137,4
DA:146,1
DA:150,3
DA:152,3
DA:153,8
DA:155,8
DA:156,4
DA:159,4
DA:160,4
DA:161,4
DA:169,1
DA:170,0
DA:171,0
DA:173,0
DA:179,1
DA:180,0
DA:181,0
DA:183,0
DA:189,1
DA:190,0
DA:191,0
DA:193,0
DA:199,1
DA:200,0
DA:201,0
DA:203,0
LF:60
LH:47
BRDA:50,0,0,1
BRDA:50,0,1,1
BRDA:63,1,0,2
BRDA:63,1,1,0
BRDA:76,2,0,1
BRDA:76,2,1,1
BRDA:118,3,0,3
BRDA:118,3,1,10
BRDA:153,4,0,2
BRDA:153,4,1,6
BRDA:155,5,0,4
BRDA:155,5,1,4
BRDA:170,6,0,0
BRDA:170,6,1,0
BRDA:180,7,0,0
BRDA:180,7,1,0
BRDA:190,8,0,0
BRDA:190,8,1,0
BRDA:200,9,0,0
BRDA:200,9,1,0
BRDA:200,10,0,0
BRDA:200,10,1,0
BRF:22
BRH:11
end_of_record
TN:
SF:src/lib/functional/errors.ts
FN:16,(anonymous_0)
FN:50,createError
FN:79,createDoseError
FN:107,createFrequencyError
FN:136,createRouteError
FN:155,isErrorResponse
FN:171,errorToResponse
FNF:7
FNH:7
FNDA:1,(anonymous_0)
FNDA:8,createError
FNDA:4,createDoseError
FNDA:4,createFrequencyError
FNDA:3,createRouteError
FNDA:4,isErrorResponse
FNDA:3,errorToResponse
DA:16,1
DA:18,1
DA:20,1
DA:22,1
DA:24,1
DA:26,1
DA:50,1
DA:56,8
DA:79,1
DA:84,4
DA:107,1
DA:112,4
DA:136,1
DA:142,3
DA:155,1
DA:156,4
DA:157,2
DA:160,2
DA:161,2
DA:171,1
DA:172,3
DA:174,3
DA:176,1
DA:177,1
DA:179,1
DA:181,1
DA:182,1
DA:184,0
DA:185,0
DA:187,0
DA:188,0
DA:190,0
DA:191,0
DA:194,1
DA:203,1
DA:204,1
DA:206,1
DA:208,1
DA:209,1
DA:211,0
DA:212,0
DA:214,0
DA:215,0
DA:218,1
DA:231,1
DA:232,1
DA:234,1
DA:236,1
DA:237,1
DA:239,0
DA:240,0
DA:242,0
DA:243,0
DA:246,1
DA:257,0
DA:258,0
LF:56
LH:40
BRDA:16,0,0,1
BRDA:16,0,1,1
BRDA:61,1,0,8
BRDA:61,1,1,2
BRDA:89,2,0,4
BRDA:89,2,1,1
BRDA:117,3,0,4
BRDA:117,3,1,2
BRDA:148,4,0,3
BRDA:148,4,1,2
BRDA:156,5,0,2
BRDA:156,5,1,2
BRDA:156,6,0,4
BRDA:156,6,1,2
BRDA:162,7,0,2
BRDA:162,7,1,1
BRDA:162,7,2,1
BRDA:174,8,0,1
BRDA:174,8,1,1
BRDA:174,8,2,1
BRDA:174,8,3,0
BRDA:179,9,0,1
BRDA:179,9,1,0
BRDA:179,9,2,0
BRDA:179,9,3,0
BRDA:198,10,0,1
BRDA:198,10,1,0
BRDA:206,11,0,1
BRDA:206,11,1,0
BRDA:206,11,2,0
BRDA:234,12,0,1
BRDA:234,12,1,0
BRDA:234,12,2,0
BRDA:251,13,0,1
BRDA:251,13,1,1
BRF:35
BRH:26
end_of_record
TN:
SF:src/lib/strategies/types.ts
FN:21,(anonymous_0)
FN:134,compareSpecificity
FN:144,sortModifiersByPriority
FN:145,(anonymous_3)
FN:154,isValidStrategyComposition
FN:168,(anonymous_5)
FNF:6
FNH:5
FNDA:1,(anonymous_0)
FNDA:4,compareSpecificity
FNDA:2,sortModifiersByPriority
FNDA:8,(anonymous_3)
FNDA:2,isValidStrategyComposition
FNDA:0,(anonymous_5)
DA:21,1
DA:23,1
DA:25,1
DA:27,1
DA:29,1
DA:31,1
DA:134,1
DA:135,4
DA:144,1
DA:145,8
DA:154,1
DA:155,2
DA:156,0
DA:159,2
DA:161,1
DA:164,1
DA:165,0
DA:168,1
DA:169,0
LF:19
LH:16
BRDA:21,0,0,1
BRDA:21,0,1,1
BRDA:155,1,0,0
BRDA:155,1,1,2
BRDA:155,2,0,2
BRDA:155,2,1,2
BRDA:159,3,0,1
BRDA:159,3,1,1
BRDA:159,4,0,2
BRDA:159,4,1,1
BRDA:159,4,2,1
BRDA:164,5,0,0
BRDA:164,5,1,1
BRDA:169,6,0,0
BRDA:169,6,1,0
BRDA:169,6,2,0
BRDA:169,6,3,0
BRF:17
BRH:11
end_of_record
TN:
SF:src/types/MedicationProfile.ts
FN:14,(anonymous_0)
FN:257,isMedicationProfile
FN:275,(anonymous_2)
FN:282,(anonymous_3)
FN:302,(anonymous_4)
FNF:5
FNH:4
FNDA:2,(anonymous_0)
FNDA:7,isMedicationProfile
FNDA:5,(anonymous_2)
FNDA:5,(anonymous_3)
FNDA:0,(anonymous_4)
DA:14,2
DA:16,2
DA:18,2
DA:20,2
DA:257,2
DA:258,7
DA:259,0
DA:263,7
DA:268,2
DA:272,5
DA:275,5
DA:276,0
DA:280,5
DA:283,5
DA:291,0
DA:295,5
DA:297,0
DA:300,5
DA:302,0
DA:303,0
DA:306,5
LF:21
LH:15
BRDA:14,0,0,2
BRDA:14,0,1,2
BRDA:258,1,0,0
BRDA:258,1,1,7
BRDA:258,2,0,7
BRDA:258,2,1,7
BRDA:263,3,0,2
BRDA:263,3,1,5
BRDA:263,4,0,7
BRDA:263,4,1,6
BRDA:263,4,2,6
BRDA:263,4,3,5
BRDA:263,4,4,5
BRDA:272,5,0,0
BRDA:272,5,1,5
BRDA:272,6,0,5
BRDA:272,6,1,5
BRDA:272,6,2,5
BRDA:272,6,3,5
BRDA:275,7,0,5
BRDA:275,7,1,5
BRDA:280,8,0,0
BRDA:280,8,1,5
BRDA:280,9,0,5
BRDA:280,9,1,5
BRDA:280,9,2,5
BRDA:283,10,0,5
BRDA:283,10,1,5
BRDA:283,10,2,5
BRDA:283,10,3,5
BRDA:283,10,4,5
BRDA:283,10,5,5
BRDA:283,10,6,5
BRDA:295,11,0,0
BRDA:295,11,1,5
BRDA:295,12,0,5
BRDA:295,12,1,0
BRDA:300,13,0,0
BRDA:300,13,1,5
BRDA:300,14,0,5
BRDA:300,14,1,0
BRDA:300,14,2,0
BRF:42
BRH:34
end_of_record
TN:
SF:src/types/MedicationRequestContext.ts
FN:166,isMedicationRequestContext
FN:218,createMedicationRequestContext
FNF:2
FNH:2
FNDA:4,isMedicationRequestContext
FNDA:5,createMedicationRequestContext
DA:12,1
DA:166,1
DA:167,4
DA:168,0
DA:172,4
DA:176,1
DA:180,3
DA:181,0
DA:185,3
DA:188,1
DA:192,2
DA:195,1
DA:199,1
DA:201,0
DA:205,1
DA:206,0
DA:209,1
DA:218,1
DA:235,5
DA:237,5
LF:20
LH:16
BRDA:167,0,0,0
BRDA:167,0,1,4
BRDA:167,1,0,4
BRDA:167,1,1,4
BRDA:172,2,0,1
BRDA:172,2,1,3
BRDA:172,3,0,4
BRDA:172,3,1,4
BRDA:172,3,2,3
BRDA:172,3,3,3
BRDA:180,4,0,0
BRDA:180,4,1,3
BRDA:185,5,0,1
BRDA:185,5,1,2
BRDA:185,6,0,3
BRDA:185,6,1,3
BRDA:185,6,2,3
BRDA:192,7,0,1
BRDA:192,7,1,1
BRDA:192,8,0,2
BRDA:192,8,1,2
BRDA:192,8,2,1
BRDA:199,9,0,0
BRDA:199,9,1,1
BRDA:199,10,0,1
BRDA:199,10,1,1
BRDA:205,11,0,0
BRDA:205,11,1,1
BRDA:205,12,0,1
BRDA:205,12,1,0
BRDA:248,13,0,5
BRDA:248,13,1,1
BRDA:249,14,0,5
BRDA:249,14,1,1
BRDA:250,15,0,5
BRDA:250,15,1,1
BRDA:251,16,0,5
BRDA:251,16,1,1
BRDA:252,17,0,5
BRDA:252,17,1,1
BRDA:253,18,0,5
BRDA:253,18,1,0
BRDA:254,19,0,5
BRDA:254,19,1,1
BRDA:255,20,0,5
BRDA:255,20,1,0
BRF:46
BRH:39
end_of_record
TN:
SF:src/types/SignatureInstruction.ts
FN:103,(anonymous_0)
FN:181,isSignatureInstruction
FN:236,createSignatureInstruction
FNF:3
FNH:3
FNDA:1,(anonymous_0)
FNDA:3,isSignatureInstruction
FNDA:2,createSignatureInstruction
DA:103,1
DA:105,1
DA:107,1
DA:109,1
DA:181,1
DA:182,3
DA:183,0
DA:187,3
DA:188,0
DA:192,3
DA:193,1
DA:197,2
DA:199,2
DA:201,2
DA:202,0
DA:205,2
DA:208,1
DA:211,1
DA:213,0
DA:218,1
DA:219,0
DA:223,1
DA:224,0
DA:227,1
DA:236,1
DA:252,2
DA:257,2
DA:258,2
DA:267,2
DA:268,2
DA:278,2
DA:279,2
DA:287,2
DA:288,1
DA:294,2
DA:295,1
DA:299,2
DA:300,0
DA:310,2
DA:311,0
DA:323,2
LF:41
LH:33
BRDA:103,0,0,1
BRDA:103,0,1,1
BRDA:182,1,0,0
BRDA:182,1,1,3
BRDA:182,2,0,3
BRDA:182,2,1,3
BRDA:187,3,0,0
BRDA:187,3,1,3
BRDA:192,4,0,1
BRDA:192,4,1,2
BRDA:192,5,0,3
BRDA:192,5,1,2
BRDA:199,6,0,2
BRDA:199,6,1,0
BRDA:201,7,0,0
BRDA:201,7,1,2
BRDA:205,8,0,1
BRDA:205,8,1,1
BRDA:205,9,0,2
BRDA:205,9,1,2
BRDA:205,9,2,1
BRDA:211,10,0,0
BRDA:211,10,1,1
BRDA:211,11,0,1
BRDA:211,11,1,0
BRDA:211,11,2,0
BRDA:218,12,0,0
BRDA:218,12,1,1
BRDA:218,13,0,1
BRDA:218,13,1,0
BRDA:223,14,0,0
BRDA:223,14,1,1
BRDA:223,15,0,1
BRDA:223,15,1,0
BRDA:257,16,0,2
BRDA:257,16,1,0
BRDA:257,17,0,2
BRDA:257,17,1,2
BRDA:267,18,0,2
BRDA:267,18,1,0
BRDA:267,19,0,2
BRDA:267,19,1,2
BRDA:267,19,2,2
BRDA:278,20,0,2
BRDA:278,20,1,0
BRDA:287,21,0,1
BRDA:287,21,1,1
BRDA:294,22,0,1
BRDA:294,22,1,1
BRDA:299,23,0,0
BRDA:299,23,1,2
BRDA:310,24,0,0
BRDA:310,24,1,2
BRDA:310,25,0,2
BRDA:310,25,1,0
BRDA:310,25,2,0
BRDA:310,25,3,0
BRF:57
BRH:38
end_of_record
TN:
SF:src/types/value-objects.ts
FN:72,mass
FN:85,volume
FN:98,count
FN:111,isMass
FN:118,isVolume
FN:125,isCount
FN:146,(anonymous_6)
FN:153,(anonymous_7)
FN:160,(anonymous_8)
FN:167,(anonymous_9)
FN:174,(anonymous_10)
FN:181,(anonymous_11)
FN:188,(anonymous_12)
FN:195,(anonymous_13)
FN:202,(anonymous_14)
FN:209,(anonymous_15)
FN:216,(anonymous_16)
FN:223,(anonymous_17)
FN:236,(anonymous_18)
FN:249,(anonymous_19)
FN:266,isDose
FN:316,(anonymous_21)
FN:323,(anonymous_22)
FN:351,(anonymous_23)
FN:374,(anonymous_24)
FN:378,(anonymous_25)
FN:382,(anonymous_26)
FN:386,(anonymous_27)
FN:390,(anonymous_28)
FN:397,(anonymous_29)
FN:404,(anonymous_30)
FN:414,(anonymous_31)
FN:424,(anonymous_32)
FN:434,(anonymous_33)
FN:444,(anonymous_34)
FN:454,(anonymous_35)
FN:464,(anonymous_36)
FN:489,(anonymous_37)
FN:496,(anonymous_38)
FN:518,isFrequency
FN:556,(anonymous_40)
FN:564,(anonymous_41)
FN:577,(anonymous_42)
FN:581,(anonymous_43)
FN:591,(anonymous_44)
FN:595,(anonymous_45)
FN:599,(anonymous_46)
FN:603,(anonymous_47)
FN:607,(anonymous_48)
FN:611,(anonymous_49)
FN:615,(anonymous_50)
FN:619,(anonymous_51)
FN:626,(anonymous_52)
FN:633,(anonymous_53)
FN:640,(anonymous_54)
FN:647,(anonymous_55)
FN:657,(anonymous_56)
FN:665,isRoute
FNF:58
FNH:52
FNDA:26,mass
FNDA:16,volume
FNDA:8,count
FNDA:12,isMass
FNDA:8,isVolume
FNDA:4,isCount
FNDA:18,(anonymous_6)
FNDA:14,(anonymous_7)
FNDA:7,(anonymous_8)
FNDA:1,(anonymous_9)
FNDA:1,(anonymous_10)
FNDA:7,(anonymous_11)
FNDA:6,(anonymous_12)
FNDA:4,(anonymous_13)
FNDA:3,(anonymous_14)
FNDA:2,(anonymous_15)
FNDA:0,(anonymous_16)
FNDA:6,(anonymous_17)
FNDA:2,(anonymous_18)
FNDA:2,(anonymous_19)
FNDA:3,isDose
FNDA:18,(anonymous_21)
FNDA:18,(anonymous_22)
FNDA:5,(anonymous_23)
FNDA:3,(anonymous_24)
FNDA:5,(anonymous_25)
FNDA:1,(anonymous_26)
FNDA:1,(anonymous_27)
FNDA:1,(anonymous_28)
FNDA:1,(anonymous_29)
FNDA:9,(anonymous_30)
FNDA:4,(anonymous_31)
FNDA:4,(anonymous_32)
FNDA:2,(anonymous_33)
FNDA:1,(anonymous_34)
FNDA:1,(anonymous_35)
FNDA:3,(anonymous_36)
FNDA:2,(anonymous_37)
FNDA:1,(anonymous_38)
FNDA:2,isFrequency
FNDA:27,(anonymous_40)
FNDA:27,(anonymous_41)
FNDA:26,(anonymous_42)
FNDA:243,(anonymous_43)
FNDA:6,(anonymous_44)
FNDA:2,(anonymous_45)
FNDA:0,(anonymous_46)
FNDA:1,(anonymous_47)
FNDA:0,(anonymous_48)
FNDA:0,(anonymous_49)
FNDA:0,(anonymous_50)
FNDA:0,(anonymous_51)
FNDA:8,(anonymous_52)
FNDA:22,(anonymous_53)
FNDA:2,(anonymous_54)
FNDA:1,(anonymous_55)
FNDA:1,(anonymous_56)
FNDA:2,isRoute
DA:57,1
DA:62,1
DA:67,1
DA:72,1
DA:73,26
DA:74,4
DA:76,22
DA:77,2
DA:79,20
DA:85,1
DA:86,16
DA:87,3
DA:89,13
DA:90,2
DA:92,11
DA:98,1
DA:99,8
DA:100,0
DA:102,8
DA:103,1
DA:105,7
DA:111,1
DA:112,12
DA:118,1
DA:119,8
DA:125,1
DA:126,4
DA:145,1
DA:147,18
DA:154,14
DA:161,7
DA:168,1
DA:175,1
DA:182,7
DA:189,6
DA:196,4
DA:203,3
DA:210,2
DA:217,0
DA:225,6
DA:226,2
DA:229,4
DA:237,2
DA:238,1
DA:239,1
DA:240,1
DA:242,0
DA:250,2
DA:252,1
DA:254,1
DA:256,0
DA:258,0
DA:266,1
DA:267,3
DA:315,1
DA:317,18
DA:329,18
DA:330,2
DA:332,16
DA:333,1
DA:335,15
DA:336,1
DA:339,14
DA:357,5
DA:358,1
DA:360,4
DA:361,0
DA:364,4
DA:375,3
DA:379,5
DA:383,1
DA:387,1
DA:391,1
DA:398,1
DA:405,9
DA:406,9
DA:408,0
DA:415,4
DA:416,4
DA:418,0
DA:425,4
DA:426,4
DA:428,0
DA:435,2
DA:436,2
DA:438,0
DA:445,1
DA:446,1
DA:448,0
DA:455,1
DA:456,1
DA:458,0
DA:465,3
DA:466,0
DA:469,3
DA:470,2
DA:476,1
DA:477,1
DA:483,0
DA:490,2
DA:497,1
DA:498,1
DA:505,0
DA:518,1
DA:519,2
DA:527,1
DA:552,1
DA:553,27
DA:554,27
DA:557,27
DA:558,27
DA:565,27
DA:566,27
DA:567,1
DA:570,26
DA:571,26
DA:578,26
DA:580,26
DA:581,243
DA:582,25
DA:587,1
DA:592,6
DA:596,2
DA:600,0
DA:604,1
DA:608,0
DA:612,0
DA:616,0
DA:620,0
DA:627,8
DA:634,22
DA:641,2
DA:648,1
DA:658,1
DA:665,1
DA:666,2
LF:136
LH:116
BRDA:73,0,0,4
BRDA:73,0,1,22
BRDA:76,1,0,2
BRDA:76,1,1,20
BRDA:86,2,0,3
BRDA:86,2,1,13
BRDA:89,3,0,2
BRDA:89,3,1,11
BRDA:99,4,0,0
BRDA:99,4,1,8
BRDA:102,5,0,1
BRDA:102,5,1,7
BRDA:112,6,0,12
BRDA:112,6,1,11
BRDA:112,6,2,11
BRDA:119,7,0,8
BRDA:119,7,1,8
BRDA:119,7,2,8
BRDA:126,8,0,4
BRDA:126,8,1,4
BRDA:126,8,2,4
BRDA:225,9,0,2
BRDA:225,9,1,4
BRDA:229,10,0,4
BRDA:229,10,1,3
BRDA:237,11,0,1
BRDA:237,11,1,1
BRDA:239,12,0,1
BRDA:239,12,1,0
BRDA:250,13,0,1
BRDA:250,13,1,1
BRDA:250,13,2,0
BRDA:250,13,3,0
BRDA:329,14,0,2
BRDA:329,14,1,16
BRDA:332,15,0,1
BRDA:332,15,1,15
BRDA:335,16,0,1
BRDA:335,16,1,14
BRDA:357,17,0,1
BRDA:357,17,1,4
BRDA:360,18,0,0
BRDA:360,18,1,4
BRDA:405,19,0,9
BRDA:405,19,1,0
BRDA:415,20,0,4
BRDA:415,20,1,0
BRDA:425,21,0,4
BRDA:425,21,1,0
BRDA:435,22,0,2
BRDA:435,22,1,0
BRDA:445,23,0,1
BRDA:445,23,1,0
BRDA:455,24,0,1
BRDA:455,24,1,0
BRDA:465,25,0,0
BRDA:465,25,1,3
BRDA:469,26,0,2
BRDA:469,26,1,1
BRDA:469,27,0,3
BRDA:469,27,1,2
BRDA:470,28,0,2
BRDA:470,28,1,1
BRDA:470,28,2,1
BRDA:470,28,3,1
BRDA:476,29,0,1
BRDA:476,29,1,0
BRDA:476,30,0,1
BRDA:476,30,1,1
BRDA:477,31,0,1
BRDA:477,31,1,1
BRDA:477,31,2,1
BRDA:477,31,3,1
BRDA:497,32,0,1
BRDA:497,32,1,0
BRDA:566,33,0,1
BRDA:566,33,1,26
BRDA:581,34,0,25
BRDA:581,34,1,56
BRDA:641,35,0,2
BRDA:641,35,1,1
BRF:81
BRH:67
end_of_record
TN:
SF:src/utils/errorLogger.ts
FN:22,(anonymous_0)
FN:27,(anonymous_1)
FN:29,(anonymous_2)
FN:33,(anonymous_3)
FN:44,(anonymous_4)
FN:58,(anonymous_5)
FN:69,(anonymous_6)
FN:88,(anonymous_7)
FN:92,(anonymous_8)
FN:101,(anonymous_9)
FN:105,(anonymous_10)
FN:109,(anonymous_11)
FN:111,(anonymous_12)
FNF:13
FNH:0
FNDA:0,(anonymous_0)
FNDA:0,(anonymous_1)
FNDA:0,(anonymous_2)
FNDA:0,(anonymous_3)
FNDA:0,(anonymous_4)
FNDA:0,(anonymous_5)
FNDA:0,(anonymous_6)
FNDA:0,(anonymous_7)
FNDA:0,(anonymous_8)
FNDA:0,(anonymous_9)
FNDA:0,(anonymous_10)
FNDA:0,(anonymous_11)
FNDA:0,(anonymous_12)
DA:18,0
DA:19,0
DA:20,0
DA:23,0
DA:24,0
DA:29,0
DA:30,0
DA:34,0
DA:40,0
DA:44,0
DA:45,0
DA:58,0
DA:59,0
DA:70,0
DA:73,0
DA:74,0
DA:78,0
DA:79,0
DA:85,0
DA:89,0
DA:93,0
DA:94,0
DA:95,0
DA:102,0
DA:106,0
DA:110,0
DA:111,0
DA:112,0
DA:113,0
DA:114,0
DA:115,0
DA:116,0
DA:117,0
DA:118,0
DA:119,0
DA:120,0
DA:122,0
DA:127,0
DA:130,0
DA:131,0
DA:134,0
LF:41
LH:0
BRDA:34,0,0,0
BRDA:34,0,1,0
BRDA:73,1,0,0
BRDA:73,1,1,0
BRDA:102,2,0,0
BRDA:102,2,1,0
BRDA:116,3,0,0
BRDA:116,3,1,0
BRDA:117,4,0,0
BRDA:117,4,1,0
BRDA:118,5,0,0
BRDA:118,5,1,0
BRDA:119,6,0,0
BRDA:119,6,1,0
BRDA:120,7,0,0
BRDA:120,7,1,0
BRDA:130,8,0,0
BRDA:130,8,1,0
BRF:18
BRH:0
end_of_record
